This file contains any messages produced by compilers while
running configure, to aid debugging if configure makes a mistake.

It was created by configure, which was
generated by GNU Autoconf 2.59.  Invocation command line was

  $ ./configure --disable-werror

## --------- ##
## Platform. ##
## --------- ##

hostname = localhost.localdomain
uname -m = i686
uname -r = 2.6.32-696.23.1.el6.i686
uname -s = Linux
uname -v = #1 SMP Tue Mar 13 23:09:35 UTC 2018

/usr/bin/uname -p = unknown
/bin/uname -X     = unknown

/bin/arch              = i686
/usr/bin/arch -k       = unknown
/usr/convex/getsysinfo = unknown
hostinfo               = unknown
/bin/machine           = unknown
/usr/bin/oslevel       = unknown
/bin/universe          = unknown

PATH: /usr/lib/qt-3.3/bin
PATH: /usr/local/bin
PATH: /usr/bin
PATH: /bin
PATH: /usr/local/sbin
PATH: /usr/sbin
PATH: /sbin
PATH: /home/liusichao/bin


## ----------- ##
## Core tests. ##
## ----------- ##

configure:1505: checking build system type
configure:1523: result: i686-pc-linux-gnu
configure:1558: checking host system type
configure:1572: result: i686-pc-linux-gnu
configure:1580: checking target system type
configure:1594: result: i686-pc-linux-gnu
configure:1637: checking for a BSD-compatible install
configure:1692: result: /usr/bin/install -c
configure:1703: checking whether ln works
configure:1725: result: yes
configure:1729: checking whether ln -s works
configure:1733: result: yes
configure:2885: checking for gcc
configure:2901: found /usr/bin/gcc
configure:2911: result: gcc
configure:3155: checking for C compiler version
configure:3158: gcc --version </dev/null >&5
gcc (GCC) 4.4.7 20120313 (Red Hat 4.4.7-18)
Copyright (C) 2010 Free Software Foundation, Inc.
This is free software; see the source for copying conditions.  There is NO
warranty; not even for MERCHANTABILITY or FITNESS FOR A PARTICULAR PURPOSE.

configure:3161: $? = 0
configure:3163: gcc -v </dev/null >&5
Using built-in specs.
Target: i686-redhat-linux
Configured with: ../configure --prefix=/usr --mandir=/usr/share/man --infodir=/usr/share/info --with-bugurl=http://bugzilla.redhat.com/bugzilla --enable-bootstrap --enable-shared --enable-threads=posix --enable-checking=release --with-system-zlib --enable-__cxa_atexit --disable-libunwind-exceptions --enable-gnu-unique-object --enable-languages=c,c++,objc,obj-c++,java,fortran,ada --enable-java-awt=gtk --disable-dssi --with-java-home=/usr/lib/jvm/java-1.5.0-gcj-1.5.0.0/jre --enable-libgcj-multifile --enable-java-maintainer-mode --with-ecj-jar=/usr/share/java/eclipse-ecj.jar --disable-libjava-multilib --with-ppl --with-cloog --with-tune=generic --with-arch=i686 --build=i686-redhat-linux
Thread model: posix
gcc version 4.4.7 20120313 (Red Hat 4.4.7-18) (GCC) 
configure:3166: $? = 0
configure:3168: gcc -V </dev/null >&5
gcc: '-V' option must have argument
configure:3171: $? = 1
configure:3194: checking for C compiler default output file name
configure:3197: gcc    conftest.c  >&5
configure:3200: $? = 0
configure:3246: result: a.out
configure:3251: checking whether the C compiler works
configure:3257: ./a.out
configure:3260: $? = 0
configure:3277: result: yes
configure:3284: checking whether we are cross compiling
configure:3286: result: no
configure:3289: checking for suffix of executables
configure:3291: gcc -o conftest    conftest.c  >&5
configure:3294: $? = 0
configure:3319: result: 
configure:3325: checking for suffix of object files
configure:3346: gcc -c   conftest.c >&5
configure:3349: $? = 0
configure:3371: result: o
configure:3375: checking whether we are using the GNU C compiler
configure:3399: gcc -c   conftest.c >&5
configure:3405: $? = 0
configure:3409: test -z 
			 || test ! -s conftest.err
configure:3412: $? = 0
configure:3415: test -s conftest.o
configure:3418: $? = 0
configure:3431: result: yes
configure:3437: checking whether gcc accepts -g
configure:3458: gcc -c -g  conftest.c >&5
configure:3464: $? = 0
configure:3468: test -z 
			 || test ! -s conftest.err
configure:3471: $? = 0
configure:3474: test -s conftest.o
configure:3477: $? = 0
configure:3488: result: yes
configure:3505: checking for gcc option to accept ANSI C
configure:3575: gcc  -c -g -O2  conftest.c >&5
configure:3581: $? = 0
configure:3585: test -z 
			 || test ! -s conftest.err
configure:3588: $? = 0
configure:3591: test -s conftest.o
configure:3594: $? = 0
configure:3612: result: none needed
configure:3630: gcc -c -g -O2  conftest.c >&5
conftest.c:2: error: expected '=', ',', ';', 'asm' or '__attribute__' before 'me'
configure:3636: $? = 1
configure: failed program was:
| #ifndef __cplusplus
|   choke me
| #endif
configure:3821: checking for g++
configure:3837: found /usr/bin/g++
configure:3847: result: g++
configure:3863: checking for C++ compiler version
configure:3866: g++ --version </dev/null >&5
g++ (GCC) 4.4.7 20120313 (Red Hat 4.4.7-18)
Copyright (C) 2010 Free Software Foundation, Inc.
This is free software; see the source for copying conditions.  There is NO
warranty; not even for MERCHANTABILITY or FITNESS FOR A PARTICULAR PURPOSE.

configure:3869: $? = 0
configure:3871: g++ -v </dev/null >&5
Using built-in specs.
Target: i686-redhat-linux
Configured with: ../configure --prefix=/usr --mandir=/usr/share/man --infodir=/usr/share/info --with-bugurl=http://bugzilla.redhat.com/bugzilla --enable-bootstrap --enable-shared --enable-threads=posix --enable-checking=release --with-system-zlib --enable-__cxa_atexit --disable-libunwind-exceptions --enable-gnu-unique-object --enable-languages=c,c++,objc,obj-c++,java,fortran,ada --enable-java-awt=gtk --disable-dssi --with-java-home=/usr/lib/jvm/java-1.5.0-gcj-1.5.0.0/jre --enable-libgcj-multifile --enable-java-maintainer-mode --with-ecj-jar=/usr/share/java/eclipse-ecj.jar --disable-libjava-multilib --with-ppl --with-cloog --with-tune=generic --with-arch=i686 --build=i686-redhat-linux
Thread model: posix
gcc version 4.4.7 20120313 (Red Hat 4.4.7-18) (GCC) 
configure:3874: $? = 0
configure:3876: g++ -V </dev/null >&5
g++: '-V' option must have argument
configure:3879: $? = 1
configure:3882: checking whether we are using the GNU C++ compiler
configure:3906: g++ -c   conftest.cc >&5
configure:3912: $? = 0
configure:3916: test -z 
			 || test ! -s conftest.err
configure:3919: $? = 0
configure:3922: test -s conftest.o
configure:3925: $? = 0
configure:3938: result: yes
configure:3944: checking whether g++ accepts -g
configure:3965: g++ -c -g  conftest.cc >&5
configure:3971: $? = 0
configure:3975: test -z 
			 || test ! -s conftest.err
configure:3978: $? = 0
configure:3981: test -s conftest.o
configure:3984: $? = 0
configure:3995: result: yes
configure:4037: g++ -c -g -O2  conftest.cc >&5
configure:4043: $? = 0
configure:4047: test -z 
			 || test ! -s conftest.err
configure:4050: $? = 0
configure:4053: test -s conftest.o
configure:4056: $? = 0
configure:4082: g++ -c -g -O2  conftest.cc >&5
conftest.cc: In function 'int main()':
conftest.cc:13: error: 'exit' was not declared in this scope
configure:4088: $? = 1
configure: failed program was:
| /* confdefs.h.  */
| 
| #define PACKAGE_NAME ""
| #define PACKAGE_TARNAME ""
| #define PACKAGE_VERSION ""
| #define PACKAGE_STRING ""
| #define PACKAGE_BUGREPORT ""
| /* end confdefs.h.  */
| 
| int
| main ()
| {
| exit (42);
|   ;
|   return 0;
| }
configure:4037: g++ -c -g -O2  conftest.cc >&5
conftest.cc:9: error: 'void std::exit(int)' should have been declared inside 'std'
configure:4043: $? = 1
configure: failed program was:
| /* confdefs.h.  */
| 
| #define PACKAGE_NAME ""
| #define PACKAGE_TARNAME ""
| #define PACKAGE_VERSION ""
| #define PACKAGE_STRING ""
| #define PACKAGE_BUGREPORT ""
| /* end confdefs.h.  */
| extern "C" void std::exit (int) throw (); using std::exit;
| #include <stdlib.h>
| int
| main ()
| {
| exit (42);
|   ;
|   return 0;
| }
configure:4037: g++ -c -g -O2  conftest.cc >&5
conftest.cc:9: error: 'void std::exit(int)' should have been declared inside 'std'
In file included from conftest.cc:10:
/usr/include/stdlib.h:544: error: declaration of 'void std::exit(int) throw ()' throws different exceptions
conftest.cc:9: error: from previous declaration 'void std::exit(int)'
configure:4043: $? = 1
configure: failed program was:
| /* confdefs.h.  */
| 
| #define PACKAGE_NAME ""
| #define PACKAGE_TARNAME ""
| #define PACKAGE_VERSION ""
| #define PACKAGE_STRING ""
| #define PACKAGE_BUGREPORT ""
| /* end confdefs.h.  */
| extern "C" void std::exit (int); using std::exit;
| #include <stdlib.h>
| int
| main ()
| {
| exit (42);
|   ;
|   return 0;
| }
configure:4037: g++ -c -g -O2  conftest.cc >&5
configure:4043: $? = 0
configure:4047: test -z 
			 || test ! -s conftest.err
configure:4050: $? = 0
configure:4053: test -s conftest.o
configure:4056: $? = 0
configure:4082: g++ -c -g -O2  conftest.cc >&5
configure:4088: $? = 0
configure:4092: test -z 
			 || test ! -s conftest.err
configure:4095: $? = 0
configure:4098: test -s conftest.o
configure:4101: $? = 0
configure:4188: checking for gnatbind
configure:4204: found /usr/bin/gnatbind
configure:4215: result: gnatbind
configure:4268: checking for gnatmake
configure:4284: found /usr/bin/gnatmake
configure:4295: result: gnatmake
configure:4307: checking whether compiler driver understands Ada
configure:4330: result: yes
configure:4339: checking how to compare bootstrapped objects
configure:4364: result: cmp --ignore-initial=16 $$f1 $$f2
configure:6003: checking for bison
configure:6032: result: no
configure:6003: checking for byacc
configure:6032: result: no
configure:6003: checking for yacc
configure:6032: result: no
configure:6049: checking for bison
configure:6078: result: no
configure:6094: checking for gm4
configure:6123: result: no
configure:6094: checking for gnum4
configure:6123: result: no
configure:6094: checking for m4
configure:6110: found /usr/bin/m4
configure:6120: result: m4
configure:6139: checking for flex
configure:6155: found /usr/bin/flex
configure:6165: result: flex
configure:6185: checking for flex
configure:6201: found /usr/bin/flex
configure:6211: result: flex
configure:6230: checking for makeinfo
configure:6246: found /usr/bin/makeinfo
configure:6256: result: makeinfo
configure:6289: checking for expect
configure:6318: result: no
configure:6336: checking for runtest
configure:6365: result: no
configure:6475: checking for ar
configure:6491: found /usr/local/bin/ar
configure:6501: result: ar
configure:6610: checking for as
configure:6626: found /usr/local/bin/as
configure:6636: result: as
configure:6745: checking for dlltool
configure:6774: result: no
configure:6880: checking for ld
configure:6896: found /usr/local/bin/ld
configure:6906: result: ld
configure:7015: checking for lipo
configure:7044: result: no
configure:7150: checking for nm
configure:7166: found /usr/local/bin/nm
configure:7176: result: nm
configure:7285: checking for ranlib
configure:7301: found /usr/local/bin/ranlib
configure:7311: result: ranlib
configure:7415: checking for strip
configure:7431: found /usr/local/bin/strip
configure:7441: result: strip
configure:7545: checking for windres
configure:7574: result: no
configure:7680: checking for windmc
configure:7709: result: no
configure:7815: checking for objcopy
configure:7831: found /usr/local/bin/objcopy
configure:7841: result: objcopy
configure:7950: checking for objdump
configure:7966: found /usr/local/bin/objdump
configure:7976: result: objdump
configure:8124: checking for cc
configure:8140: found /usr/bin/cc
configure:8150: result: cc
configure:8279: checking for c++
configure:8295: found /usr/bin/c++
configure:8305: result: c++
configure:8434: checking for gcc
configure:8450: found /usr/bin/gcc
configure:8460: result: gcc
configure:8584: checking for gcj
configure:8600: found /usr/bin/gcj
configure:8610: result: gcj
configure:8739: checking for gfortran
configure:8755: found /usr/bin/gfortran
configure:8765: result: gfortran
configure:8973: checking for ar
configure:8989: found /usr/local/bin/ar
configure:8999: result: ar
configure:9196: checking for as
configure:9212: found /usr/local/bin/as
configure:9222: result: as
configure:9419: checking for dlltool
configure:9448: result: no
configure:9642: checking for ld
configure:9658: found /usr/local/bin/ld
configure:9668: result: ld
configure:9865: checking for lipo
configure:9894: result: no
configure:10088: checking for nm
configure:10104: found /usr/local/bin/nm
configure:10114: result: nm
configure:10311: checking for objdump
configure:10327: found /usr/local/bin/objdump
configure:10337: result: objdump
configure:10534: checking for ranlib
configure:10550: found /usr/local/bin/ranlib
configure:10560: result: ranlib
configure:10757: checking for strip
configure:10773: found /usr/local/bin/strip
configure:10783: result: strip
configure:10980: checking for windres
configure:11009: result: no
configure:11203: checking for windmc
configure:11232: result: no
configure:11259: checking where to find the target ar
configure:11292: result: host tool
configure:11301: checking where to find the target as
configure:11334: result: host tool
configure:11343: checking where to find the target cc
configure:11376: result: host tool
configure:11385: checking where to find the target c++
configure:11421: result: host tool
configure:11430: checking where to find the target c++ for libstdc++
configure:11466: result: host tool
configure:11475: checking where to find the target dlltool
configure:11508: result: host tool
configure:11517: checking where to find the target gcc
configure:11550: result: host tool
configure:11559: checking where to find the target gcj
configure:11595: result: host tool
configure:11604: checking where to find the target gfortran
configure:11640: result: host tool
configure:11649: checking where to find the target ld
configure:11682: result: host tool
configure:11691: checking where to find the target lipo
configure:11713: result: host tool
configure:11722: checking where to find the target nm
configure:11755: result: host tool
configure:11764: checking where to find the target objdump
configure:11797: result: host tool
configure:11806: checking where to find the target ranlib
configure:11839: result: host tool
configure:11848: checking where to find the target strip
configure:11881: result: host tool
configure:11890: checking where to find the target windres
configure:11923: result: host tool
configure:11932: checking where to find the target windmc
configure:11965: result: host tool
configure:12002: checking whether to enable maintainer-specific portions of Makefiles
configure:12011: result: no
configure:12044: checking whether -fkeep-inline-functions is supported
configure:12068: gcc -c -g -O2 -fkeep-inline-functions  conftest.c >&5
configure:12074: $? = 0
configure:12078: test -z 
			 || test ! -s conftest.err
configure:12081: $? = 0
configure:12084: test -s conftest.o
configure:12087: $? = 0
configure:12089: result: yes
configure:12306: creating ./config.status

## ---------------------- ##
## Running config.status. ##
## ---------------------- ##

This file was extended by config.status, which was
generated by GNU Autoconf 2.59.  Invocation command line was

  CONFIG_FILES    = 
  CONFIG_HEADERS  = 
  CONFIG_LINKS    = 
  CONFIG_COMMANDS = 
  $ ./config.status 

on localhost.localdomain

config.status:764: creating Makefile

## ---------------- ##
## Cache variables. ##
## ---------------- ##

ac_cv_build=i686-pc-linux-gnu
ac_cv_build_alias=i686-pc-linux-gnu
ac_cv_c_compiler_gnu=yes
ac_cv_cxx_compiler_gnu=yes
ac_cv_env_AR_FOR_TARGET_set=
ac_cv_env_AR_FOR_TARGET_value=
ac_cv_env_AR_set=
ac_cv_env_AR_value=
ac_cv_env_AS_FOR_TARGET_set=
ac_cv_env_AS_FOR_TARGET_value=
ac_cv_env_AS_set=
ac_cv_env_AS_value=
ac_cv_env_CC_FOR_TARGET_set=
ac_cv_env_CC_FOR_TARGET_value=
ac_cv_env_CC_set=
ac_cv_env_CC_value=
ac_cv_env_CFLAGS_set=
ac_cv_env_CFLAGS_value=
ac_cv_env_CPPFLAGS_set=
ac_cv_env_CPPFLAGS_value=
ac_cv_env_CXXFLAGS_set=
ac_cv_env_CXXFLAGS_value=
ac_cv_env_CXX_FOR_TARGET_set=
ac_cv_env_CXX_FOR_TARGET_value=
ac_cv_env_CXX_set=
ac_cv_env_CXX_value=
ac_cv_env_DLLTOOL_FOR_TARGET_set=
ac_cv_env_DLLTOOL_FOR_TARGET_value=
ac_cv_env_DLLTOOL_set=
ac_cv_env_DLLTOOL_value=
ac_cv_env_GCC_FOR_TARGET_set=
ac_cv_env_GCC_FOR_TARGET_value=
ac_cv_env_GCJ_FOR_TARGET_set=
ac_cv_env_GCJ_FOR_TARGET_value=
ac_cv_env_GFORTRAN_FOR_TARGET_set=
ac_cv_env_GFORTRAN_FOR_TARGET_value=
ac_cv_env_LDFLAGS_set=
ac_cv_env_LDFLAGS_value=
ac_cv_env_LD_FOR_TARGET_set=
ac_cv_env_LD_FOR_TARGET_value=
ac_cv_env_LD_set=
ac_cv_env_LD_value=
ac_cv_env_LIPO_FOR_TARGET_set=
ac_cv_env_LIPO_FOR_TARGET_value=
ac_cv_env_LIPO_set=
ac_cv_env_LIPO_value=
ac_cv_env_NM_FOR_TARGET_set=
ac_cv_env_NM_FOR_TARGET_value=
ac_cv_env_NM_set=
ac_cv_env_NM_value=
ac_cv_env_OBJCOPY_set=
ac_cv_env_OBJCOPY_value=
ac_cv_env_OBJDUMP_FOR_TARGET_set=
ac_cv_env_OBJDUMP_FOR_TARGET_value=
ac_cv_env_OBJDUMP_set=
ac_cv_env_OBJDUMP_value=
ac_cv_env_RANLIB_FOR_TARGET_set=
ac_cv_env_RANLIB_FOR_TARGET_value=
ac_cv_env_RANLIB_set=
ac_cv_env_RANLIB_value=
ac_cv_env_STRIP_FOR_TARGET_set=
ac_cv_env_STRIP_FOR_TARGET_value=
ac_cv_env_STRIP_set=
ac_cv_env_STRIP_value=
ac_cv_env_WINDMC_FOR_TARGET_set=
ac_cv_env_WINDMC_FOR_TARGET_value=
ac_cv_env_WINDMC_set=
ac_cv_env_WINDMC_value=
ac_cv_env_WINDRES_FOR_TARGET_set=
ac_cv_env_WINDRES_FOR_TARGET_value=
ac_cv_env_WINDRES_set=
ac_cv_env_WINDRES_value=
ac_cv_env_build_alias_set=
ac_cv_env_build_alias_value=
ac_cv_env_host_alias_set=
ac_cv_env_host_alias_value=
ac_cv_env_target_alias_set=
ac_cv_env_target_alias_value=
ac_cv_exeext=
ac_cv_host=i686-pc-linux-gnu
ac_cv_host_alias=i686-pc-linux-gnu
ac_cv_objext=o
ac_cv_path_install='/usr/bin/install -c'
ac_cv_prog_AR=ar
ac_cv_prog_AR_FOR_TARGET=ar
ac_cv_prog_AS=as
ac_cv_prog_AS_FOR_TARGET=as
ac_cv_prog_CC_FOR_TARGET=cc
ac_cv_prog_CXX_FOR_TARGET=c++
ac_cv_prog_FLEX=flex
ac_cv_prog_GCC_FOR_TARGET=gcc
ac_cv_prog_GCJ_FOR_TARGET=gcj
ac_cv_prog_GFORTRAN_FOR_TARGET=gfortran
ac_cv_prog_LD=ld
ac_cv_prog_LD_FOR_TARGET=ld
ac_cv_prog_LEX=flex
ac_cv_prog_M4=m4
ac_cv_prog_MAKEINFO=makeinfo
ac_cv_prog_NM=nm
ac_cv_prog_NM_FOR_TARGET=nm
ac_cv_prog_OBJCOPY=objcopy
ac_cv_prog_OBJDUMP=objdump
ac_cv_prog_OBJDUMP_FOR_TARGET=objdump
ac_cv_prog_RANLIB=ranlib
ac_cv_prog_RANLIB_FOR_TARGET=ranlib
ac_cv_prog_STRIP=strip
ac_cv_prog_STRIP_FOR_TARGET=strip
ac_cv_prog_ac_ct_CC=gcc
ac_cv_prog_ac_ct_CXX=g++
ac_cv_prog_ac_ct_GNATBIND=gnatbind
ac_cv_prog_ac_ct_GNATMAKE=gnatmake
ac_cv_prog_cc_g=yes
ac_cv_prog_cc_stdc=
ac_cv_prog_cxx_g=yes
ac_cv_target=i686-pc-linux-gnu
ac_cv_target_alias=i686-pc-linux-gnu
acx_cv_cc_gcc_supports_ada=yes
acx_cv_prog_LN=ln
gcc_cv_prog_cmp_skip='cmp --ignore-initial=16 $$f1 $$f2'
gcc_cv_tool_dirs=
gcc_cv_tool_prefix=/usr/local

## ----------------- ##
## Output variables. ##
## ----------------- ##

AR='ar'
AR_FOR_BUILD='$(AR)'
AR_FOR_TARGET='$(AR)'
AS='as'
AS_FOR_BUILD='$(AS)'
AS_FOR_TARGET='$(AS)'
BISON='/home/liusichao/insight-6.8-1/missing bison'
CC='gcc'
CC_FOR_BUILD='$(CC)'
CC_FOR_TARGET='$(CC)'
CFLAGS='-g -O2'
CFLAGS_FOR_BUILD='-g -O2'
CFLAGS_FOR_TARGET='-g -O2'
COMPILER_AS_FOR_TARGET='$(AS_FOR_TARGET)'
COMPILER_LD_FOR_TARGET='$(LD_FOR_TARGET)'
COMPILER_NM_FOR_TARGET='$(NM_FOR_TARGET)'
CONFIGURE_GDB_TK='maybe-configure-tcl maybe-configure-tk maybe-configure-itcl maybe-configure-libgui'
CPPFLAGS=''
CXX='g++'
CXXFLAGS='-g -O2'
CXXFLAGS_FOR_BUILD='-g -O2'
CXXFLAGS_FOR_TARGET='-g -O2'
CXX_FOR_BUILD='$(CXX)'
CXX_FOR_TARGET='$(CXX)'
DEBUG_PREFIX_CFLAGS_FOR_TARGET=''
DEFS='-DPACKAGE_NAME=\"\" -DPACKAGE_TARNAME=\"\" -DPACKAGE_VERSION=\"\" -DPACKAGE_STRING=\"\" -DPACKAGE_BUGREPORT=\"\" '
DLLTOOL='dlltool'
DLLTOOL_FOR_BUILD='$(DLLTOOL)'
DLLTOOL_FOR_TARGET='$(DLLTOOL)'
ECHO_C=''
ECHO_N='-n'
ECHO_T=''
EXEEXT=''
EXPECT='expect'
FLAGS_FOR_TARGET=''
FLEX='flex'
GCC_FOR_TARGET='$()'
GCJ_FOR_BUILD='$(GCJ)'
GCJ_FOR_TARGET='$(GCJ)'
GDB_TK='maybe-all-tcl maybe-all-tk maybe-all-itcl maybe-all-libgui'
GFORTRAN_FOR_BUILD='$(GFORTRAN)'
GFORTRAN_FOR_TARGET='$(GFORTRAN)'
GNATBIND='gnatbind'
GNATMAKE='gnatmake'
INSTALL_DATA='${INSTALL} -m 644'
INSTALL_GDB_TK='maybe-install-tcl maybe-install-tk maybe-install-itcl maybe-install-libgui'
INSTALL_PROGRAM='${INSTALL}'
INSTALL_SCRIPT='${INSTALL}'
LD='ld'
LDFLAGS=''
LDFLAGS_FOR_BUILD=''
LD_FOR_BUILD='$(LD)'
LD_FOR_TARGET='$(LD)'
LEX='flex'
LIBOBJS=''
LIBS=''
LIPO='lipo'
LIPO_FOR_TARGET='$(LIPO)'
LN='ln'
LN_S='ln -s'
LTLIBOBJS=''
M4='m4'
MAINT='#'
MAINTAINER_MODE_FALSE=''
MAINTAINER_MODE_TRUE='#'
MAKEINFO='makeinfo'
NM='nm'
NM_FOR_BUILD='$(NM)'
NM_FOR_TARGET='$(NM)'
OBJCOPY='objcopy'
OBJDUMP='objdump'
OBJDUMP_FOR_TARGET='$(OBJDUMP)'
OBJEXT='o'
PACKAGE_BUGREPORT=''
PACKAGE_NAME=''
PACKAGE_STRING=''
PACKAGE_TARNAME=''
PACKAGE_VERSION=''
PATH_SEPARATOR=':'
RANLIB='ranlib'
RANLIB_FOR_BUILD='$(RANLIB)'
RANLIB_FOR_TARGET='$(RANLIB)'
RAW_CXX_FOR_TARGET='$(CXX)'
RPATH_ENVVAR='LD_LIBRARY_PATH'
RUNTEST='runtest'
SHELL='/bin/sh'
STRIP='strip'
STRIP_FOR_TARGET='$(STRIP)'
SYSROOT_CFLAGS_FOR_TARGET=''
TOPLEVEL_CONFIGURE_ARGUMENTS='./configure --disable-werror'
WINDMC='windmc'
WINDMC_FOR_BUILD='$(WINDMC)'
WINDMC_FOR_TARGET='$(WINDMC)'
WINDRES='windres'
WINDRES_FOR_BUILD='$(WINDRES)'
WINDRES_FOR_TARGET='$(WINDRES)'
YACC='/home/liusichao/insight-6.8-1/missing bison -y'
ac_ct_CC='gcc'
ac_ct_CXX='g++'
ac_ct_GNATBIND='gnatbind'
ac_ct_GNATMAKE='gnatmake'
bindir='${exec_prefix}/bin'
build='i686-pc-linux-gnu'
build_alias=''
build_configargs='--cache-file=../config.cache '--disable-werror' --program-transform-name='s,y,y,''
build_configdirs=' libiberty'
build_cpu='i686'
build_libsubdir='build-i686-pc-linux-gnu'
build_noncanonical='i686-pc-linux-gnu'
build_os='linux-gnu'
build_subdir='build-i686-pc-linux-gnu'
build_tooldir='${exec_prefix}/i686-pc-linux-gnu'
build_vendor='pc'
config_shell='/bin/sh'
configdirs=' intl libiberty opcodes bfd readline tcl tk itcl libgui libdecnumber sim gdb etc'
datadir='${prefix}/share'
datarootdir='${prefix}/share'
do_compare='cmp --ignore-initial=16 $$f1 $$f2'
docdir='${datarootdir}/doc'
exec_prefix='${prefix}'
gmpinc=''
gmplibs='-lmpfr -lgmp'
host='i686-pc-linux-gnu'
host_alias=''
host_configargs='--cache-file=./config.cache  '--disable-werror' --program-transform-name='s,y,y,''
host_cpu='i686'
host_noncanonical='i686-pc-linux-gnu'
host_os='linux-gnu'
host_subdir='.'
host_vendor='pc'
htmldir='${docdir}'
includedir='${prefix}/include'
infodir='${prefix}/info'
libdir='${exec_prefix}/lib'
libexecdir='${exec_prefix}/libexec'
localstatedir='${prefix}/var'
mandir='${prefix}/man'
oldincludedir='/usr/include'
pdfdir='${docdir}'
prefix='/usr/local'
program_transform_name='s,y,y,'
sbindir='${exec_prefix}/sbin'
sharedstatedir='${prefix}/com'
stage1_cflags='-g -fkeep-inline-functions'
stage1_checking='--enable-checking=yes,types'
stage1_languages=',c,'
stage2_werror_flag=''
sysconfdir='${prefix}/etc'
target='i686-pc-linux-gnu'
target_alias=''
target_configargs='--cache-file=./config.cache --enable-multilib '--disable-werror' --program-transform-name='s,y,y,''
target_cpu='i686'
target_noncanonical='i686-pc-linux-gnu'
target_os='linux-gnu'
target_subdir='i686-pc-linux-gnu'
target_vendor='pc'
tooldir='${exec_prefix}/i686-pc-linux-gnu'

## ------------- ##
## Output files. ##
## ------------- ##

alphaieee_frag='/dev/null'
host_makefile_frag='./config/mh-x86omitfp'
ospace_frag='/dev/null'
serialization_dependencies='serdep.tmp'
target_makefile_frag='./config/mt-gnu'

## ----------- ##
## confdefs.h. ##
## ----------- ##

#define PACKAGE_BUGREPORT ""
#define PACKAGE_NAME ""
#define PACKAGE_STRING ""
#define PACKAGE_TARNAME ""
#define PACKAGE_VERSION ""
#endif
#ifdef __cplusplus
extern "C" void exit (int) throw ();

configure: exit 0
