This file contains any messages produced by compilers while
running configure, to aid debugging if configure makes a mistake.

It was created by ald configure 0.1.7, which was
generated by GNU Autoconf 2.59.  Invocation command line was

  $ ./configure 

## --------- ##
## Platform. ##
## --------- ##

hostname = localhost.localdomain
uname -m = i686
uname -r = 2.6.32-696.23.1.el6.i686
uname -s = Linux
uname -v = #1 SMP Tue Mar 13 23:09:35 UTC 2018

/usr/bin/uname -p = unknown
/bin/uname -X     = unknown

/bin/arch              = i686
/usr/bin/arch -k       = unknown
/usr/convex/getsysinfo = unknown
hostinfo               = unknown
/bin/machine           = unknown
/usr/bin/oslevel       = unknown
/bin/universe          = unknown

PATH: /usr/lib/qt-3.3/bin
PATH: /usr/local/bin
PATH: /usr/bin
PATH: /bin
PATH: /usr/local/sbin
PATH: /usr/sbin
PATH: /sbin
PATH: /home/liusichao/bin


## ----------- ##
## Core tests. ##
## ----------- ##

configure:1333: checking for a BSD-compatible install
configure:1388: result: /usr/bin/install -c
configure:1399: checking whether build environment is sane
configure:1442: result: yes
configure:1507: checking for gawk
configure:1523: found /usr/bin/gawk
configure:1533: result: gawk
configure:1543: checking whether make sets $(MAKE)
configure:1563: result: yes
configure:1731: checking whether to enable maintainer-specific portions of Makefiles
configure:1740: result: no
configure:1762: checking build system type
configure:1780: result: i686-pc-linux-gnu
configure:1788: checking host system type
configure:1802: result: i686-pc-linux-gnu
configure:1860: checking for gcc
configure:1876: found /usr/bin/gcc
configure:1886: result: gcc
configure:2130: checking for C compiler version
configure:2133: gcc --version </dev/null >&5
gcc (GCC) 4.4.7 20120313 (Red Hat 4.4.7-18)
Copyright (C) 2010 Free Software Foundation, Inc.
This is free software; see the source for copying conditions.  There is NO
warranty; not even for MERCHANTABILITY or FITNESS FOR A PARTICULAR PURPOSE.

configure:2136: $? = 0
configure:2138: gcc -v </dev/null >&5
Using built-in specs.
Target: i686-redhat-linux
Configured with: ../configure --prefix=/usr --mandir=/usr/share/man --infodir=/usr/share/info --with-bugurl=http://bugzilla.redhat.com/bugzilla --enable-bootstrap --enable-shared --enable-threads=posix --enable-checking=release --with-system-zlib --enable-__cxa_atexit --disable-libunwind-exceptions --enable-gnu-unique-object --enable-languages=c,c++,objc,obj-c++,java,fortran,ada --enable-java-awt=gtk --disable-dssi --with-java-home=/usr/lib/jvm/java-1.5.0-gcj-1.5.0.0/jre --enable-libgcj-multifile --enable-java-maintainer-mode --with-ecj-jar=/usr/share/java/eclipse-ecj.jar --disable-libjava-multilib --with-ppl --with-cloog --with-tune=generic --with-arch=i686 --build=i686-redhat-linux
Thread model: posix
gcc version 4.4.7 20120313 (Red Hat 4.4.7-18) (GCC) 
configure:2141: $? = 0
configure:2143: gcc -V </dev/null >&5
gcc: '-V' option must have argument
configure:2146: $? = 1
configure:2169: checking for C compiler default output file name
configure:2172: gcc -g -O2   conftest.c  >&5
configure:2175: $? = 0
configure:2221: result: a.out
configure:2226: checking whether the C compiler works
configure:2232: ./a.out
configure:2235: $? = 0
configure:2252: result: yes
configure:2259: checking whether we are cross compiling
configure:2261: result: no
configure:2264: checking for suffix of executables
configure:2266: gcc -o conftest -g -O2   conftest.c  >&5
configure:2269: $? = 0
configure:2294: result: 
configure:2300: checking for suffix of object files
configure:2321: gcc -c -g -O2  conftest.c >&5
configure:2324: $? = 0
configure:2346: result: o
configure:2350: checking whether we are using the GNU C compiler
configure:2374: gcc -c -g -O2  conftest.c >&5
configure:2380: $? = 0
configure:2384: test -z 
			 || test ! -s conftest.err
configure:2387: $? = 0
configure:2390: test -s conftest.o
configure:2393: $? = 0
configure:2406: result: yes
configure:2412: checking whether gcc accepts -g
configure:2433: gcc -c -g  conftest.c >&5
configure:2439: $? = 0
configure:2443: test -z 
			 || test ! -s conftest.err
configure:2446: $? = 0
configure:2449: test -s conftest.o
configure:2452: $? = 0
configure:2463: result: yes
configure:2480: checking for gcc option to accept ANSI C
configure:2550: gcc  -c -g -O2  conftest.c >&5
configure:2556: $? = 0
configure:2560: test -z 
			 || test ! -s conftest.err
configure:2563: $? = 0
configure:2566: test -s conftest.o
configure:2569: $? = 0
configure:2587: result: none needed
configure:2605: gcc -c -g -O2  conftest.c >&5
conftest.c:2: error: expected '=', ',', ';', 'asm' or '__attribute__' before 'me'
configure:2611: $? = 1
configure: failed program was:
| #ifndef __cplusplus
|   choke me
| #endif
configure:2755: checking for style of include used by make
configure:2783: result: GNU
configure:2811: checking dependency style of gcc
configure:2901: result: gcc3
configure:2932: checking for a BSD-compatible install
configure:2987: result: /usr/bin/install -c
configure:3005: checking how to run the C preprocessor
configure:3040: gcc -E  conftest.c
configure:3046: $? = 0
configure:3078: gcc -E  conftest.c
conftest.c:11:28: error: ac_nonexistent.h: No such file or directory
configure:3084: $? = 1
configure: failed program was:
| /* confdefs.h.  */
| 
| #define PACKAGE_NAME "ald"
| #define PACKAGE_TARNAME "ald"
| #define PACKAGE_VERSION "0.1.7"
| #define PACKAGE_STRING "ald 0.1.7"
| #define PACKAGE_BUGREPORT ""
| #define PACKAGE "ald"
| #define VERSION "0.1.7"
| /* end confdefs.h.  */
| #include <ac_nonexistent.h>
configure:3123: result: gcc -E
configure:3147: gcc -E  conftest.c
configure:3153: $? = 0
configure:3185: gcc -E  conftest.c
conftest.c:11:28: error: ac_nonexistent.h: No such file or directory
configure:3191: $? = 1
configure: failed program was:
| /* confdefs.h.  */
| 
| #define PACKAGE_NAME "ald"
| #define PACKAGE_TARNAME "ald"
| #define PACKAGE_VERSION "0.1.7"
| #define PACKAGE_STRING "ald 0.1.7"
| #define PACKAGE_BUGREPORT ""
| #define PACKAGE "ald"
| #define VERSION "0.1.7"
| /* end confdefs.h.  */
| #include <ac_nonexistent.h>
configure:3235: checking for egrep
configure:3245: result: grep -E
configure:3250: checking for ANSI C header files
configure:3275: gcc -c -g -O2  conftest.c >&5
configure:3281: $? = 0
configure:3285: test -z 
			 || test ! -s conftest.err
configure:3288: $? = 0
configure:3291: test -s conftest.o
configure:3294: $? = 0
configure:3383: gcc -o conftest -g -O2   conftest.c  >&5
conftest.c: In function 'main':
conftest.c:28: warning: incompatible implicit declaration of built-in function 'exit'
configure:3386: $? = 0
configure:3388: ./conftest
configure:3391: $? = 0
configure:3406: result: yes
configure:3420: gcc -E  conftest.c
configure:3426: $? = 0
configure:3453: gcc -E  conftest.c
configure:3459: $? = 0
configure:3487: gcc -E  conftest.c
configure:3493: $? = 0
configure:3520: gcc -E  conftest.c
configure:3526: $? = 0
configure:3554: gcc -E  conftest.c
configure:3560: $? = 0
configure:3595: checking for readline
configure:3613: gcc -o conftest -g -O2   conftest.c  -lreadline >&5
configure:3619: $? = 0
configure:3623: test -z 
			 || test ! -s conftest.err
configure:3626: $? = 0
configure:3629: test -s conftest
configure:3632: $? = 0
configure:3692: result: yes
configure:3731: checking whether time.h and sys/time.h may both be included
configure:3756: gcc -c -g -O2 -DNDEBUG  conftest.c >&5
configure:3762: $? = 0
configure:3766: test -z 
			 || test ! -s conftest.err
configure:3769: $? = 0
configure:3772: test -s conftest.o
configure:3775: $? = 0
configure:3786: result: yes
configure:3797: checking return type of signal handlers
configure:3828: gcc -c -g -O2 -DNDEBUG  conftest.c >&5
configure:3834: $? = 0
configure:3838: test -z 
			 || test ! -s conftest.err
configure:3841: $? = 0
configure:3844: test -s conftest.o
configure:3847: $? = 0
configure:3858: result: void
configure:3871: checking for strdup
configure:3928: gcc -o conftest -g -O2 -DNDEBUG   conftest.c  -lreadline >&5
conftest.c:43: warning: conflicting types for built-in function 'strdup'
configure:3934: $? = 0
configure:3938: test -z 
			 || test ! -s conftest.err
configure:3941: $? = 0
configure:3944: test -s conftest
configure:3947: $? = 0
configure:3959: result: yes
configure:3871: checking for strerror
configure:3928: gcc -o conftest -g -O2 -DNDEBUG   conftest.c  -lreadline >&5
configure:3934: $? = 0
configure:3938: test -z 
			 || test ! -s conftest.err
configure:3941: $? = 0
configure:3944: test -s conftest
configure:3947: $? = 0
configure:3959: result: yes
configure:3973: checking for vprintf
configure:4030: gcc -o conftest -g -O2 -DNDEBUG   conftest.c  -lreadline >&5
conftest.c:45: warning: conflicting types for built-in function 'vprintf'
configure:4036: $? = 0
configure:4040: test -z 
			 || test ! -s conftest.err
configure:4043: $? = 0
configure:4046: test -s conftest
configure:4049: $? = 0
configure:4061: result: yes
configure:4249: creating ./config.status

## ---------------------- ##
## Running config.status. ##
## ---------------------- ##

This file was extended by ald config.status 0.1.7, which was
generated by GNU Autoconf 2.59.  Invocation command line was

  CONFIG_FILES    = 
  CONFIG_HEADERS  = 
  CONFIG_LINKS    = 
  CONFIG_COMMANDS = 
  $ ./config.status 

on localhost.localdomain

config.status:704: creating Makefile
config.status:704: creating doc/Makefile
config.status:704: creating source/Makefile
config.status:704: creating ui/gtkgui/Makefile
config.status:808: creating include/defs.h
config.status:1102: executing depfiles commands
configure:5595: configuring in libString
configure:5712: running /bin/sh './configure' --prefix=/usr/local  --cache-file=/dev/null --srcdir=.
configure:5595: configuring in libDebug
configure:5712: running /bin/sh './configure' --prefix=/usr/local  --cache-file=/dev/null --srcdir=.
configure:5595: configuring in libDASM
configure:5712: running /bin/sh './configure' --prefix=/usr/local  --cache-file=/dev/null --srcdir=.
configure:5595: configuring in libOFF
configure:5712: running /bin/sh './configure' --prefix=/usr/local  --cache-file=/dev/null --srcdir=.

## ---------------- ##
## Cache variables. ##
## ---------------- ##

ac_cv_assert=-DNDEBUG
ac_cv_build=i686-pc-linux-gnu
ac_cv_build_alias=i686-pc-linux-gnu
ac_cv_c_compiler_gnu=yes
ac_cv_env_CC_set=
ac_cv_env_CC_value=
ac_cv_env_CFLAGS_set=
ac_cv_env_CFLAGS_value=
ac_cv_env_CPPFLAGS_set=
ac_cv_env_CPPFLAGS_value=
ac_cv_env_CPP_set=
ac_cv_env_CPP_value=
ac_cv_env_LDFLAGS_set=
ac_cv_env_LDFLAGS_value=
ac_cv_env_build_alias_set=
ac_cv_env_build_alias_value=
ac_cv_env_host_alias_set=
ac_cv_env_host_alias_value=
ac_cv_env_target_alias_set=
ac_cv_env_target_alias_value=
ac_cv_exeext=
ac_cv_func_strdup=yes
ac_cv_func_strerror=yes
ac_cv_func_vprintf=yes
ac_cv_have_readline=yes
ac_cv_header_stdc=yes
ac_cv_header_time=yes
ac_cv_host=i686-pc-linux-gnu
ac_cv_host_alias=i686-pc-linux-gnu
ac_cv_objext=o
ac_cv_path_install='/usr/bin/install -c'
ac_cv_prog_AWK=gawk
ac_cv_prog_CPP='gcc -E'
ac_cv_prog_ac_ct_CC=gcc
ac_cv_prog_cc_g=yes
ac_cv_prog_cc_stdc=
ac_cv_prog_egrep='grep -E'
ac_cv_prog_make_make_set=yes
ac_cv_readline_libs=-lreadline
ac_cv_type_signal=void
am_cv_CC_dependencies_compiler_type=gcc3

## ----------------- ##
## Output variables. ##
## ----------------- ##

ACLOCAL='${SHELL} /home/liusichao/program/tools/ald-0.1.7/missing --run aclocal-1.9'
AMDEPBACKSLASH='\'
AMDEP_FALSE='#'
AMDEP_TRUE=''
AMTAR='${SHELL} /home/liusichao/program/tools/ald-0.1.7/missing --run tar'
AUTOCONF='${SHELL} /home/liusichao/program/tools/ald-0.1.7/missing --run autoconf'
AUTOHEADER='${SHELL} /home/liusichao/program/tools/ald-0.1.7/missing --run autoheader'
AUTOMAKE='${SHELL} /home/liusichao/program/tools/ald-0.1.7/missing --run automake-1.9'
AWK='gawk'
CC='gcc'
CCDEPMODE='depmode=gcc3'
CFLAGS='-g -O2 -DNDEBUG'
CPP='gcc -E'
CPPFLAGS=''
CYGPATH_W='echo'
DEFS='-DHAVE_CONFIG_H'
DEPDIR='.deps'
ECHO_C=''
ECHO_N='-n'
ECHO_T=''
EGREP='grep -E'
EXEEXT=''
INSTALL_DATA='${INSTALL} -m 644'
INSTALL_PROGRAM='${INSTALL}'
INSTALL_SCRIPT='${INSTALL}'
INSTALL_STRIP_PROGRAM='${SHELL} $(install_sh) -c -s'
LDFLAGS=''
LIBOBJS=''
LIBS=' -lreadline'
LTLIBOBJS=''
MAINT='#'
MAINTAINER_MODE_FALSE=''
MAINTAINER_MODE_TRUE='#'
MAKEINFO='${SHELL} /home/liusichao/program/tools/ald-0.1.7/missing --run makeinfo'
OBJEXT='o'
PACKAGE='ald'
PACKAGE_BUGREPORT=''
PACKAGE_NAME='ald'
PACKAGE_STRING='ald 0.1.7'
PACKAGE_TARNAME='ald'
PACKAGE_VERSION='0.1.7'
PATH_SEPARATOR=':'
SET_MAKE=''
SHELL='/bin/sh'
STRIP=''
VERSION='0.1.7'
ac_ct_CC='gcc'
ac_ct_STRIP=''
am__fastdepCC_FALSE='#'
am__fastdepCC_TRUE=''
am__include='include'
am__leading_dot='.'
am__quote=''
am__tar='${AMTAR} chof - "$$tardir"'
am__untar='${AMTAR} xf -'
bindir='${exec_prefix}/bin'
build='i686-pc-linux-gnu'
build_alias=''
build_cpu='i686'
build_os='linux-gnu'
build_vendor='pc'
datadir='${prefix}/share'
exec_prefix='${prefix}'
host='i686-pc-linux-gnu'
host_alias=''
host_cpu='i686'
host_os='linux-gnu'
host_vendor='pc'
includedir='${prefix}/include'
infodir='${prefix}/info'
install_sh='/home/liusichao/program/tools/ald-0.1.7/install-sh'
libdir='${exec_prefix}/lib'
libexecdir='${exec_prefix}/libexec'
localstatedir='${prefix}/var'
mandir='${prefix}/man'
mkdir_p='mkdir -p --'
oldincludedir='/usr/include'
prefix='/usr/local'
program_transform_name='s,x,x,'
sbindir='${exec_prefix}/sbin'
sharedstatedir='${prefix}/com'
subdirs=' libString libDebug libDASM libOFF'
sysconfdir='${prefix}/etc'
target_alias=''

## ----------- ##
## confdefs.h. ##
## ----------- ##

#define DWORD 4
#define HALFWORD 1
#define HAVE_READLINE 1
#define HAVE_READLINE_HISTORY_H 1
#define HAVE_READLINE_READLINE_H 1
#define HAVE_STRDUP 1
#define HAVE_STRERROR 1
#define HAVE_TERMIOS_H 1
#define HAVE_TERMIO_H 1
#define HAVE_VPRINTF 1
#define PACKAGE "ald"
#define PACKAGE_BUGREPORT ""
#define PACKAGE_NAME "ald"
#define PACKAGE_STRING "ald 0.1.7"
#define PACKAGE_TARNAME "ald"
#define PACKAGE_VERSION "0.1.7"
#define RETSIGTYPE void
#define STDC_HEADERS 1
#define TIME_WITH_SYS_TIME 1
#define VERSION "0.1.7"
#define WORDSIZE 2

configure: exit 0
