This file contains any messages produced by compilers while
running configure, to aid debugging if configure makes a mistake.

It was created by ld configure 2.30, which was
generated by GNU Autoconf 2.64.  Invocation command line was

  $ /home/liusichao/Promming/tools/binutils-2.30/ld/configure --srcdir=.././ld --cache-file=./config.cache --with-gnu-as --with-gnu-ld --program-transform-name=s,y,y, --disable-option-checking --build=i686-pc-linux-gnu --host=i686-pc-linux-gnu --target=i686-pc-linux-gnu

## --------- ##
## Platform. ##
## --------- ##

hostname = localhost.localdomain
uname -m = i686
uname -r = 2.6.32-696.23.1.el6.i686
uname -s = Linux
uname -v = #1 SMP Tue Mar 13 23:09:35 UTC 2018

/usr/bin/uname -p = unknown
/bin/uname -X     = unknown

/bin/arch              = i686
/usr/bin/arch -k       = unknown
/usr/convex/getsysinfo = unknown
/usr/bin/hostinfo      = unknown
/bin/machine           = unknown
/usr/bin/oslevel       = unknown
/bin/universe          = unknown

PATH: /usr/lib/qt-3.3/bin
PATH: /usr/local/bin
PATH: /usr/bin
PATH: /bin
PATH: /usr/local/sbin
PATH: /usr/sbin
PATH: /sbin
PATH: /home/liusichao/bin


## ----------- ##
## Core tests. ##
## ----------- ##

configure:2537: creating cache ./config.cache
configure:2642: checking build system type
configure:2656: result: i686-pc-linux-gnu
configure:2676: checking host system type
configure:2689: result: i686-pc-linux-gnu
configure:2709: checking target system type
configure:2722: result: i686-pc-linux-gnu
configure:2757: checking for i686-pc-linux-gnu-gcc
configure:2784: result: gcc
configure:3053: checking for C compiler version
configure:3062: gcc --version >&5
gcc (GCC) 4.4.7 20120313 (Red Hat 4.4.7-18)
Copyright (C) 2010 Free Software Foundation, Inc.
This is free software; see the source for copying conditions.  There is NO
warranty; not even for MERCHANTABILITY or FITNESS FOR A PARTICULAR PURPOSE.

configure:3073: $? = 0
configure:3062: gcc -v >&5
Using built-in specs.
Target: i686-redhat-linux
Configured with: ../configure --prefix=/usr --mandir=/usr/share/man --infodir=/usr/share/info --with-bugurl=http://bugzilla.redhat.com/bugzilla --enable-bootstrap --enable-shared --enable-threads=posix --enable-checking=release --with-system-zlib --enable-__cxa_atexit --disable-libunwind-exceptions --enable-gnu-unique-object --enable-languages=c,c++,objc,obj-c++,java,fortran,ada --enable-java-awt=gtk --disable-dssi --with-java-home=/usr/lib/jvm/java-1.5.0-gcj-1.5.0.0/jre --enable-libgcj-multifile --enable-java-maintainer-mode --with-ecj-jar=/usr/share/java/eclipse-ecj.jar --disable-libjava-multilib --with-ppl --with-cloog --with-tune=generic --with-arch=i686 --build=i686-redhat-linux
Thread model: posix
gcc version 4.4.7 20120313 (Red Hat 4.4.7-18) (GCC) 
configure:3073: $? = 0
configure:3062: gcc -V >&5
gcc: '-V' option must have argument
configure:3073: $? = 1
configure:3062: gcc -qversion >&5
gcc: unrecognized option '-qversion'
gcc: no input files
configure:3073: $? = 1
configure:3093: checking for C compiler default output file name
configure:3115: gcc -g -O2    conftest.c  >&5
configure:3119: $? = 0
configure:3156: result: a.out
configure:3172: checking whether the C compiler works
configure:3181: ./a.out
configure:3185: $? = 0
configure:3200: result: yes
configure:3207: checking whether we are cross compiling
configure:3209: result: no
configure:3212: checking for suffix of executables
configure:3219: gcc -o conftest -g -O2    conftest.c  >&5
configure:3223: $? = 0
configure:3245: result: 
configure:3251: checking for suffix of object files
configure:3273: gcc -c -g -O2  conftest.c >&5
configure:3277: $? = 0
configure:3298: result: o
configure:3302: checking whether we are using the GNU C compiler
configure:3321: gcc -c -g -O2  conftest.c >&5
configure:3321: $? = 0
configure:3330: result: yes
configure:3339: checking whether gcc accepts -g
configure:3359: gcc -c -g  conftest.c >&5
configure:3359: $? = 0
configure:3400: result: yes
configure:3417: checking for gcc option to accept ISO C89
configure:3481: gcc  -c -g -O2  conftest.c >&5
configure:3481: $? = 0
configure:3494: result: none needed
configure:3515: checking for library containing strerror
configure:3546: gcc -o conftest -g -O2    conftest.c  >&5
configure:3546: $? = 0
configure:3563: result: none required
configure:3588: checking for a BSD-compatible install
configure:3656: result: /usr/bin/install -c
configure:3667: checking whether build environment is sane
configure:3717: result: yes
configure:3858: checking for a thread-safe mkdir -p
configure:3897: result: /bin/mkdir -p
configure:3910: checking for gawk
configure:3937: result: gawk
configure:3948: checking whether make sets $(MAKE)
configure:3970: result: yes
configure:4000: checking for style of include used by make
configure:4028: result: GNU
configure:4114: checking dependency style of gcc
configure:4225: result: gcc3
configure:4242: checking whether to enable maintainer-specific portions of Makefiles
configure:4251: result: no
configure:4273: checking for i686-pc-linux-gnu-gcc
configure:4300: result: gcc
configure:4569: checking for C compiler version
configure:4578: gcc --version >&5
gcc (GCC) 4.4.7 20120313 (Red Hat 4.4.7-18)
Copyright (C) 2010 Free Software Foundation, Inc.
This is free software; see the source for copying conditions.  There is NO
warranty; not even for MERCHANTABILITY or FITNESS FOR A PARTICULAR PURPOSE.

configure:4589: $? = 0
configure:4578: gcc -v >&5
Using built-in specs.
Target: i686-redhat-linux
Configured with: ../configure --prefix=/usr --mandir=/usr/share/man --infodir=/usr/share/info --with-bugurl=http://bugzilla.redhat.com/bugzilla --enable-bootstrap --enable-shared --enable-threads=posix --enable-checking=release --with-system-zlib --enable-__cxa_atexit --disable-libunwind-exceptions --enable-gnu-unique-object --enable-languages=c,c++,objc,obj-c++,java,fortran,ada --enable-java-awt=gtk --disable-dssi --with-java-home=/usr/lib/jvm/java-1.5.0-gcj-1.5.0.0/jre --enable-libgcj-multifile --enable-java-maintainer-mode --with-ecj-jar=/usr/share/java/eclipse-ecj.jar --disable-libjava-multilib --with-ppl --with-cloog --with-tune=generic --with-arch=i686 --build=i686-redhat-linux
Thread model: posix
gcc version 4.4.7 20120313 (Red Hat 4.4.7-18) (GCC) 
configure:4589: $? = 0
configure:4578: gcc -V >&5
gcc: '-V' option must have argument
configure:4589: $? = 1
configure:4578: gcc -qversion >&5
gcc: unrecognized option '-qversion'
gcc: no input files
configure:4589: $? = 1
configure:4593: checking whether we are using the GNU C compiler
configure:4621: result: yes
configure:4630: checking whether gcc accepts -g
configure:4691: result: yes
configure:4708: checking for gcc option to accept ISO C89
configure:4785: result: none needed
configure:4917: checking for C++ compiler version
configure:4926: g++ --version >&5
g++ (GCC) 4.4.7 20120313 (Red Hat 4.4.7-18)
Copyright (C) 2010 Free Software Foundation, Inc.
This is free software; see the source for copying conditions.  There is NO
warranty; not even for MERCHANTABILITY or FITNESS FOR A PARTICULAR PURPOSE.

configure:4937: $? = 0
configure:4926: g++ -v >&5
Using built-in specs.
Target: i686-redhat-linux
Configured with: ../configure --prefix=/usr --mandir=/usr/share/man --infodir=/usr/share/info --with-bugurl=http://bugzilla.redhat.com/bugzilla --enable-bootstrap --enable-shared --enable-threads=posix --enable-checking=release --with-system-zlib --enable-__cxa_atexit --disable-libunwind-exceptions --enable-gnu-unique-object --enable-languages=c,c++,objc,obj-c++,java,fortran,ada --enable-java-awt=gtk --disable-dssi --with-java-home=/usr/lib/jvm/java-1.5.0-gcj-1.5.0.0/jre --enable-libgcj-multifile --enable-java-maintainer-mode --with-ecj-jar=/usr/share/java/eclipse-ecj.jar --disable-libjava-multilib --with-ppl --with-cloog --with-tune=generic --with-arch=i686 --build=i686-redhat-linux
Thread model: posix
gcc version 4.4.7 20120313 (Red Hat 4.4.7-18) (GCC) 
configure:4937: $? = 0
configure:4926: g++ -V >&5
g++: '-V' option must have argument
configure:4937: $? = 1
configure:4926: g++ -qversion >&5
g++: unrecognized option '-qversion'
g++: no input files
configure:4937: $? = 1
configure:4941: checking whether we are using the GNU C++ compiler
configure:4960: g++ -c -g -O2  conftest.cpp >&5
configure:4960: $? = 0
configure:4969: result: yes
configure:4978: checking whether g++ accepts -g
configure:4998: g++ -c -g  conftest.cpp >&5
configure:4998: $? = 0
configure:5039: result: yes
configure:5064: checking dependency style of g++
configure:5175: result: gcc3
configure:5190: checking for grep that handles long lines and -e
configure:5248: result: /bin/grep
configure:5258: checking how to run the C preprocessor
configure:5289: gcc -E  conftest.c
configure:5289: $? = 0
configure:5303: gcc -E  conftest.c
conftest.c:11:28: error: ac_nonexistent.h: No such file or directory
configure:5303: $? = 1
configure: failed program was:
| /* confdefs.h */
| #define PACKAGE_NAME "ld"
| #define PACKAGE_TARNAME "ld"
| #define PACKAGE_VERSION "2.30"
| #define PACKAGE_STRING "ld 2.30"
| #define PACKAGE_BUGREPORT ""
| #define PACKAGE_URL ""
| #define PACKAGE "ld"
| #define VERSION "2.30"
| /* end confdefs.h.  */
| #include <ac_nonexistent.h>
configure:5328: result: gcc -E
configure:5348: gcc -E  conftest.c
configure:5348: $? = 0
configure:5362: gcc -E  conftest.c
conftest.c:11:28: error: ac_nonexistent.h: No such file or directory
configure:5362: $? = 1
configure: failed program was:
| /* confdefs.h */
| #define PACKAGE_NAME "ld"
| #define PACKAGE_TARNAME "ld"
| #define PACKAGE_VERSION "2.30"
| #define PACKAGE_STRING "ld 2.30"
| #define PACKAGE_BUGREPORT ""
| #define PACKAGE_URL ""
| #define PACKAGE "ld"
| #define VERSION "2.30"
| /* end confdefs.h.  */
| #include <ac_nonexistent.h>
configure:5391: checking for egrep
configure:5453: result: /bin/grep -E
configure:5458: checking for ANSI C header files
configure:5478: gcc -c -g -O2  conftest.c >&5
configure:5478: $? = 0
configure:5551: gcc -o conftest -g -O2    conftest.c  >&5
configure:5551: $? = 0
configure:5551: ./conftest
configure:5551: $? = 0
configure:5562: result: yes
configure:5575: checking for sys/types.h
configure:5575: gcc -c -g -O2  conftest.c >&5
configure:5575: $? = 0
configure:5575: result: yes
configure:5575: checking for sys/stat.h
configure:5575: gcc -c -g -O2  conftest.c >&5
configure:5575: $? = 0
configure:5575: result: yes
configure:5575: checking for stdlib.h
configure:5575: gcc -c -g -O2  conftest.c >&5
configure:5575: $? = 0
configure:5575: result: yes
configure:5575: checking for string.h
configure:5575: gcc -c -g -O2  conftest.c >&5
configure:5575: $? = 0
configure:5575: result: yes
configure:5575: checking for memory.h
configure:5575: gcc -c -g -O2  conftest.c >&5
configure:5575: $? = 0
configure:5575: result: yes
configure:5575: checking for strings.h
configure:5575: gcc -c -g -O2  conftest.c >&5
configure:5575: $? = 0
configure:5575: result: yes
configure:5575: checking for inttypes.h
configure:5575: gcc -c -g -O2  conftest.c >&5
configure:5575: $? = 0
configure:5575: result: yes
configure:5575: checking for stdint.h
configure:5575: gcc -c -g -O2  conftest.c >&5
configure:5575: $? = 0
configure:5575: result: yes
configure:5575: checking for unistd.h
configure:5575: gcc -c -g -O2  conftest.c >&5
configure:5575: $? = 0
configure:5575: result: yes
configure:5589: checking minix/config.h usability
configure:5589: gcc -c -g -O2  conftest.c >&5
conftest.c:54:26: error: minix/config.h: No such file or directory
configure:5589: $? = 1
configure: failed program was:
| /* confdefs.h */
| #define PACKAGE_NAME "ld"
| #define PACKAGE_TARNAME "ld"
| #define PACKAGE_VERSION "2.30"
| #define PACKAGE_STRING "ld 2.30"
| #define PACKAGE_BUGREPORT ""
| #define PACKAGE_URL ""
| #define PACKAGE "ld"
| #define VERSION "2.30"
| #define STDC_HEADERS 1
| #define HAVE_SYS_TYPES_H 1
| #define HAVE_SYS_STAT_H 1
| #define HAVE_STDLIB_H 1
| #define HAVE_STRING_H 1
| #define HAVE_MEMORY_H 1
| #define HAVE_STRINGS_H 1
| #define HAVE_INTTYPES_H 1
| #define HAVE_STDINT_H 1
| #define HAVE_UNISTD_H 1
| /* end confdefs.h.  */
| #include <stdio.h>
| #ifdef HAVE_SYS_TYPES_H
| # include <sys/types.h>
| #endif
| #ifdef HAVE_SYS_STAT_H
| # include <sys/stat.h>
| #endif
| #ifdef STDC_HEADERS
| # include <stdlib.h>
| # include <stddef.h>
| #else
| # ifdef HAVE_STDLIB_H
| #  include <stdlib.h>
| # endif
| #endif
| #ifdef HAVE_STRING_H
| # if !defined STDC_HEADERS && defined HAVE_MEMORY_H
| #  include <memory.h>
| # endif
| # include <string.h>
| #endif
| #ifdef HAVE_STRINGS_H
| # include <strings.h>
| #endif
| #ifdef HAVE_INTTYPES_H
| # include <inttypes.h>
| #endif
| #ifdef HAVE_STDINT_H
| # include <stdint.h>
| #endif
| #ifdef HAVE_UNISTD_H
| # include <unistd.h>
| #endif
| #include <minix/config.h>
configure:5589: result: no
configure:5589: checking minix/config.h presence
configure:5589: gcc -E  conftest.c
conftest.c:21:26: error: minix/config.h: No such file or directory
configure:5589: $? = 1
configure: failed program was:
| /* confdefs.h */
| #define PACKAGE_NAME "ld"
| #define PACKAGE_TARNAME "ld"
| #define PACKAGE_VERSION "2.30"
| #define PACKAGE_STRING "ld 2.30"
| #define PACKAGE_BUGREPORT ""
| #define PACKAGE_URL ""
| #define PACKAGE "ld"
| #define VERSION "2.30"
| #define STDC_HEADERS 1
| #define HAVE_SYS_TYPES_H 1
| #define HAVE_SYS_STAT_H 1
| #define HAVE_STDLIB_H 1
| #define HAVE_STRING_H 1
| #define HAVE_MEMORY_H 1
| #define HAVE_STRINGS_H 1
| #define HAVE_INTTYPES_H 1
| #define HAVE_STDINT_H 1
| #define HAVE_UNISTD_H 1
| /* end confdefs.h.  */
| #include <minix/config.h>
configure:5589: result: no
configure:5589: checking for minix/config.h
configure:5589: result: no
configure:5610: checking whether it is safe to define __EXTENSIONS__
configure:5628: gcc -c -g -O2  conftest.c >&5
configure:5628: $? = 0
configure:5635: result: yes
configure:5699: checking how to print strings
configure:5726: result: printf
configure:5747: checking for a sed that does not truncate output
configure:5811: result: /bin/sed
configure:5829: checking for fgrep
configure:5891: result: /bin/grep -F
configure:5926: checking for ld used by gcc
configure:5993: result: ld
configure:6000: checking if the linker (ld) is GNU ld
configure:6015: result: yes
configure:6027: checking for BSD- or MS-compatible name lister (nm)
configure:6076: result: nm
configure:6206: checking the name lister (nm) interface
configure:6213: gcc -c -g -O2  conftest.c >&5
configure:6216: nm "conftest.o"
configure:6219: output
00000000 B some_variable
configure:6226: result: BSD nm
configure:6229: checking whether ln -s works
configure:6233: result: yes
configure:6241: checking the maximum length of command line arguments
configure:6366: result: 1966080
configure:6383: checking whether the shell understands some XSI constructs
configure:6393: result: yes
configure:6397: checking whether the shell understands "+="
configure:6403: result: yes
configure:6438: checking for ld option to reload object files
configure:6445: result: -r
configure:6474: checking for i686-pc-linux-gnu-objdump
configure:6501: result: objdump
configure:6573: checking how to recognize dependent libraries
configure:6774: result: pass_all
configure:6794: checking for i686-pc-linux-gnu-ar
configure:6821: result: ar
configure:6899: checking for i686-pc-linux-gnu-strip
configure:6929: result: no
configure:6939: checking for strip
configure:6955: found /usr/bin/strip
configure:6966: result: strip
configure:6998: checking for i686-pc-linux-gnu-ranlib
configure:7025: result: ranlib
configure:7167: checking command to parse nm output from gcc object
configure:7285: gcc -c -g -O2  conftest.c >&5
configure:7288: $? = 0
configure:7292: nm conftest.o \| sed -n -e 's/^.*[ ]\([ABCDGIRSTW][ABCDGIRSTW]*\)[ ][ ]*\([_A-Za-z][_A-Za-z0-9]*\)$/\1 \2 \2/p' \> conftest.nm
configure:7295: $? = 0
configure:7349: gcc -o conftest -g -O2    conftest.c conftstm.o >&5
configure:7352: $? = 0
configure:7390: result: ok
configure:8238: checking for dlfcn.h
configure:8238: gcc -c -g -O2  conftest.c >&5
configure:8238: $? = 0
configure:8238: result: yes
configure:8426: checking for objdir
configure:8441: result: .libs
configure:8712: checking if gcc supports -fno-rtti -fno-exceptions
configure:8730: gcc -c -g -O2  -fno-rtti -fno-exceptions conftest.c >&5
cc1: warning: command line option "-fno-rtti" is valid for C++/ObjC++ but not for C
configure:8734: $? = 0
configure:8747: result: no
configure:8767: checking for gcc option to produce PIC
configure:9053: result: -fPIC -DPIC
configure:9065: checking if gcc PIC flag -fPIC -DPIC works
configure:9083: gcc -c -g -O2  -fPIC -DPIC -DPIC conftest.c >&5
configure:9087: $? = 0
configure:9100: result: yes
configure:9124: checking if gcc static flag -static works
configure:9152: result: no
configure:9167: checking if gcc supports -c -o file.o
configure:9188: gcc -c -g -O2  -o out/conftest2.o conftest.c >&5
configure:9192: $? = 0
configure:9214: result: yes
configure:9222: checking if gcc supports -c -o file.o
configure:9269: result: yes
configure:9302: checking whether the gcc linker (ld) supports shared libraries
configure:10373: result: yes
configure:10410: checking whether -lc should be explicitly linked in
configure:10418: gcc -c -g -O2  conftest.c >&5
configure:10421: $? = 0
configure:10436: gcc -shared  -fPIC -DPIC conftest.o  -v -Wl,-soname -Wl,conftest -o conftest 2\>\&1 \| /bin/grep  -lc  \>/dev/null 2\>\&1
configure:10439: $? = 0
configure:10453: result: no
configure:10618: checking dynamic linker characteristics
configure:11069: gcc -o conftest -g -O2    -Wl,-rpath -Wl,/foo conftest.c  >&5
configure:11069: $? = 0
configure:11291: result: GNU/Linux ld.so
configure:11398: checking how to hardcode library paths into programs
configure:11423: result: immediate
configure:11963: checking whether stripping libraries is possible
configure:11968: result: yes
configure:12003: checking if libtool supports shared libraries
configure:12005: result: yes
configure:12008: checking whether to build shared libraries
configure:12029: result: yes
configure:12032: checking whether to build static libraries
configure:12036: result: yes
configure:12059: checking how to run the C++ preprocessor
configure:12086: g++ -E  conftest.cpp
configure:12086: $? = 0
configure:12100: g++ -E  conftest.cpp
conftest.cpp:28:28: error: ac_nonexistent.h: No such file or directory
configure:12100: $? = 1
configure: failed program was:
| /* confdefs.h */
| #define PACKAGE_NAME "ld"
| #define PACKAGE_TARNAME "ld"
| #define PACKAGE_VERSION "2.30"
| #define PACKAGE_STRING "ld 2.30"
| #define PACKAGE_BUGREPORT ""
| #define PACKAGE_URL ""
| #define PACKAGE "ld"
| #define VERSION "2.30"
| #define STDC_HEADERS 1
| #define HAVE_SYS_TYPES_H 1
| #define HAVE_SYS_STAT_H 1
| #define HAVE_STDLIB_H 1
| #define HAVE_STRING_H 1
| #define HAVE_MEMORY_H 1
| #define HAVE_STRINGS_H 1
| #define HAVE_INTTYPES_H 1
| #define HAVE_STDINT_H 1
| #define HAVE_UNISTD_H 1
| #define __EXTENSIONS__ 1
| #define _ALL_SOURCE 1
| #define _GNU_SOURCE 1
| #define _POSIX_PTHREAD_SEMANTICS 1
| #define _TANDEM_SOURCE 1
| #define HAVE_DLFCN_H 1
| #define LT_OBJDIR ".libs/"
| /* end confdefs.h.  */
| #include <ac_nonexistent.h>
configure:12125: result: g++ -E
configure:12145: g++ -E  conftest.cpp
configure:12145: $? = 0
configure:12159: g++ -E  conftest.cpp
conftest.cpp:28:28: error: ac_nonexistent.h: No such file or directory
configure:12159: $? = 1
configure: failed program was:
| /* confdefs.h */
| #define PACKAGE_NAME "ld"
| #define PACKAGE_TARNAME "ld"
| #define PACKAGE_VERSION "2.30"
| #define PACKAGE_STRING "ld 2.30"
| #define PACKAGE_BUGREPORT ""
| #define PACKAGE_URL ""
| #define PACKAGE "ld"
| #define VERSION "2.30"
| #define STDC_HEADERS 1
| #define HAVE_SYS_TYPES_H 1
| #define HAVE_SYS_STAT_H 1
| #define HAVE_STDLIB_H 1
| #define HAVE_STRING_H 1
| #define HAVE_MEMORY_H 1
| #define HAVE_STRINGS_H 1
| #define HAVE_INTTYPES_H 1
| #define HAVE_STDINT_H 1
| #define HAVE_UNISTD_H 1
| #define __EXTENSIONS__ 1
| #define _ALL_SOURCE 1
| #define _GNU_SOURCE 1
| #define _POSIX_PTHREAD_SEMANTICS 1
| #define _TANDEM_SOURCE 1
| #define HAVE_DLFCN_H 1
| #define LT_OBJDIR ".libs/"
| /* end confdefs.h.  */
| #include <ac_nonexistent.h>
configure:12327: checking for ld used by g++
configure:12394: result: ld
configure:12401: checking if the linker (ld) is GNU ld
configure:12416: result: yes
configure:12471: checking whether the g++ linker (ld) supports shared libraries
configure:13403: result: yes
configure:13431: g++ -c -g -O2  conftest.cpp >&5
configure:13434: $? = 0
configure:13616: checking for g++ option to produce PIC
configure:13939: result: -fPIC -DPIC
configure:13948: checking if g++ PIC flag -fPIC -DPIC works
configure:13966: g++ -c -g -O2  -fPIC -DPIC -DPIC conftest.cpp >&5
configure:13970: $? = 0
configure:13983: result: yes
configure:14004: checking if g++ static flag -static works
configure:14032: result: no
configure:14044: checking if g++ supports -c -o file.o
configure:14065: g++ -c -g -O2  -o out/conftest2.o conftest.cpp >&5
configure:14069: $? = 0
configure:14091: result: yes
configure:14096: checking if g++ supports -c -o file.o
configure:14143: result: yes
configure:14173: checking whether the g++ linker (ld) supports shared libraries
configure:14201: result: yes
configure:14344: checking dynamic linker characteristics
configure:14951: result: GNU/Linux ld.so
configure:15004: checking how to hardcode library paths into programs
configure:15029: result: immediate
configure:15100: checking for dlfcn.h
configure:15100: result: yes
configure:15113: checking for windows.h
configure:15113: gcc -c -g -O2  conftest.c >&5
conftest.c:63:21: error: windows.h: No such file or directory
configure:15113: $? = 1
configure: failed program was:
| /* confdefs.h */
| #define PACKAGE_NAME "ld"
| #define PACKAGE_TARNAME "ld"
| #define PACKAGE_VERSION "2.30"
| #define PACKAGE_STRING "ld 2.30"
| #define PACKAGE_BUGREPORT ""
| #define PACKAGE_URL ""
| #define PACKAGE "ld"
| #define VERSION "2.30"
| #define STDC_HEADERS 1
| #define HAVE_SYS_TYPES_H 1
| #define HAVE_SYS_STAT_H 1
| #define HAVE_STDLIB_H 1
| #define HAVE_STRING_H 1
| #define HAVE_MEMORY_H 1
| #define HAVE_STRINGS_H 1
| #define HAVE_INTTYPES_H 1
| #define HAVE_STDINT_H 1
| #define HAVE_UNISTD_H 1
| #define __EXTENSIONS__ 1
| #define _ALL_SOURCE 1
| #define _GNU_SOURCE 1
| #define _POSIX_PTHREAD_SEMANTICS 1
| #define _TANDEM_SOURCE 1
| #define HAVE_DLFCN_H 1
| #define LT_OBJDIR ".libs/"
| #define HAVE_DLFCN_H 1
| /* end confdefs.h.  */
| #include <stdio.h>
| #ifdef HAVE_SYS_TYPES_H
| # include <sys/types.h>
| #endif
| #ifdef HAVE_SYS_STAT_H
| # include <sys/stat.h>
| #endif
| #ifdef STDC_HEADERS
| # include <stdlib.h>
| # include <stddef.h>
| #else
| # ifdef HAVE_STDLIB_H
| #  include <stdlib.h>
| # endif
| #endif
| #ifdef HAVE_STRING_H
| # if !defined STDC_HEADERS && defined HAVE_MEMORY_H
| #  include <memory.h>
| # endif
| # include <string.h>
| #endif
| #ifdef HAVE_STRINGS_H
| # include <strings.h>
| #endif
| #ifdef HAVE_INTTYPES_H
| # include <inttypes.h>
| #endif
| #ifdef HAVE_STDINT_H
| # include <stdint.h>
| #endif
| #ifdef HAVE_UNISTD_H
| # include <unistd.h>
| #endif
| 
| #include <windows.h>
configure:15113: result: no
configure:15140: checking for library containing dlopen
configure:15171: gcc -o conftest -g -O2    conftest.c  >&5
/tmp/cc0nDeUQ.o: In function `main':
/home/liusichao/Promming/tools/binutils-2.30/ld/conftest.c:40: undefined reference to `dlopen'
collect2: ld returned 1 exit status
configure:15171: $? = 1
configure: failed program was:
| /* confdefs.h */
| #define PACKAGE_NAME "ld"
| #define PACKAGE_TARNAME "ld"
| #define PACKAGE_VERSION "2.30"
| #define PACKAGE_STRING "ld 2.30"
| #define PACKAGE_BUGREPORT ""
| #define PACKAGE_URL ""
| #define PACKAGE "ld"
| #define VERSION "2.30"
| #define STDC_HEADERS 1
| #define HAVE_SYS_TYPES_H 1
| #define HAVE_SYS_STAT_H 1
| #define HAVE_STDLIB_H 1
| #define HAVE_STRING_H 1
| #define HAVE_MEMORY_H 1
| #define HAVE_STRINGS_H 1
| #define HAVE_INTTYPES_H 1
| #define HAVE_STDINT_H 1
| #define HAVE_UNISTD_H 1
| #define __EXTENSIONS__ 1
| #define _ALL_SOURCE 1
| #define _GNU_SOURCE 1
| #define _POSIX_PTHREAD_SEMANTICS 1
| #define _TANDEM_SOURCE 1
| #define HAVE_DLFCN_H 1
| #define LT_OBJDIR ".libs/"
| #define HAVE_DLFCN_H 1
| /* end confdefs.h.  */
| 
| /* Override any GCC internal prototype to avoid an error.
|    Use char because int might match the return type of a GCC
|    builtin and then its argument prototype would still apply.  */
| #ifdef __cplusplus
| extern "C"
| #endif
| char dlopen ();
| int
| main ()
| {
| return dlopen ();
|   ;
|   return 0;
| }
configure:15171: gcc -o conftest -g -O2    conftest.c -ldl   >&5
configure:15171: $? = 0
configure:15188: result: -ldl
configure:15219: checking for special C compiler options needed for large files
configure:15264: result: no
configure:15270: checking for _FILE_OFFSET_BITS value needed for large files
configure:15295: gcc -c -g -O2  conftest.c >&5
conftest.c:35: warning: left shift count >= width of type
conftest.c:35: warning: left shift count >= width of type
conftest.c:37: error: size of array 'off_t_is_large' is negative
configure:15295: $? = 1
configure: failed program was:
| /* confdefs.h */
| #define PACKAGE_NAME "ld"
| #define PACKAGE_TARNAME "ld"
| #define PACKAGE_VERSION "2.30"
| #define PACKAGE_STRING "ld 2.30"
| #define PACKAGE_BUGREPORT ""
| #define PACKAGE_URL ""
| #define PACKAGE "ld"
| #define VERSION "2.30"
| #define STDC_HEADERS 1
| #define HAVE_SYS_TYPES_H 1
| #define HAVE_SYS_STAT_H 1
| #define HAVE_STDLIB_H 1
| #define HAVE_STRING_H 1
| #define HAVE_MEMORY_H 1
| #define HAVE_STRINGS_H 1
| #define HAVE_INTTYPES_H 1
| #define HAVE_STDINT_H 1
| #define HAVE_UNISTD_H 1
| #define __EXTENSIONS__ 1
| #define _ALL_SOURCE 1
| #define _GNU_SOURCE 1
| #define _POSIX_PTHREAD_SEMANTICS 1
| #define _TANDEM_SOURCE 1
| #define HAVE_DLFCN_H 1
| #define LT_OBJDIR ".libs/"
| #define HAVE_DLFCN_H 1
| /* end confdefs.h.  */
| #include <sys/types.h>
|  /* Check that off_t can represent 2**63 - 1 correctly.
|     We can't simply define LARGE_OFF_T to be 9223372036854775807,
|     since some C++ compilers masquerading as C compilers
|     incorrectly reject 9223372036854775807.  */
| #define LARGE_OFF_T (((off_t) 1 << 62) - 1 + ((off_t) 1 << 62))
|   int off_t_is_large[(LARGE_OFF_T % 2147483629 == 721
| 		       && LARGE_OFF_T % 2147483647 == 1)
| 		      ? 1 : -1];
| int
| main ()
| {
| 
|   ;
|   return 0;
| }
configure:15319: gcc -c -g -O2  conftest.c >&5
configure:15319: $? = 0
configure:15327: result: 64
configure:15752: checking for LC_MESSAGES
configure:15768: gcc -o conftest -g -O2    conftest.c -ldl  >&5
configure:15768: $? = 0
configure:15776: result: yes
configure:15814: checking whether NLS is requested
configure:15820: result: yes
configure:15826: checking for catalogs to be installed
configure:15858: result:  bg da de es fi fr ga id it ja pt_BR ru sr sv tr uk vi zh_CN zh_TW bg da de es fi fr ga id it ja pt_BR ru sr sv tr uk vi zh_CN zh_TW
configure:15885: checking whether NLS is requested
configure:15894: result: yes
configure:15932: checking for msgfmt
configure:15966: result: no
configure:15972: checking for gmsgfmt
configure:16003: result: :
configure:16043: checking for xgettext
configure:16077: result: no
configure:16114: checking for msgmerge
configure:16147: result: no
configure:16186: checking for bison
configure:16213: result: /home/liusichao/Promming/tools/binutils-2.30/missing bison -y
configure:16229: checking for flex
configure:16256: result: /home/liusichao/Promming/tools/binutils-2.30/missing flex
configure:16388: checking whether to enable maintainer-specific portions of Makefiles
configure:16397: result: no
configure:16418: checking how to compare bootstrapped objects
configure:16443: result: cmp --ignore-initial=16 $$f1 $$f2
configure:16457: checking for string.h
configure:16457: result: yes
configure:16457: checking for strings.h
configure:16457: result: yes
configure:16457: checking for stdlib.h
configure:16457: result: yes
configure:16457: checking for unistd.h
configure:16457: result: yes
configure:16457: checking elf-hints.h usability
configure:16457: gcc -c -g -O2  conftest.c >&5
conftest.c:70:23: error: elf-hints.h: No such file or directory
configure:16457: $? = 1
configure: failed program was:
| /* confdefs.h */
| #define PACKAGE_NAME "ld"
| #define PACKAGE_TARNAME "ld"
| #define PACKAGE_VERSION "2.30"
| #define PACKAGE_STRING "ld 2.30"
| #define PACKAGE_BUGREPORT ""
| #define PACKAGE_URL ""
| #define PACKAGE "ld"
| #define VERSION "2.30"
| #define STDC_HEADERS 1
| #define HAVE_SYS_TYPES_H 1
| #define HAVE_SYS_STAT_H 1
| #define HAVE_STDLIB_H 1
| #define HAVE_STRING_H 1
| #define HAVE_MEMORY_H 1
| #define HAVE_STRINGS_H 1
| #define HAVE_INTTYPES_H 1
| #define HAVE_STDINT_H 1
| #define HAVE_UNISTD_H 1
| #define __EXTENSIONS__ 1
| #define _ALL_SOURCE 1
| #define _GNU_SOURCE 1
| #define _POSIX_PTHREAD_SEMANTICS 1
| #define _TANDEM_SOURCE 1
| #define HAVE_DLFCN_H 1
| #define LT_OBJDIR ".libs/"
| #define HAVE_DLFCN_H 1
| #define _FILE_OFFSET_BITS 64
| #define GOT_HANDLING_DEFAULT GOT_HANDLING_TARGET_DEFAULT
| #define HAVE_LC_MESSAGES 1
| #define ENABLE_NLS 1
| #define HAVE_STRING_H 1
| #define HAVE_STRINGS_H 1
| #define HAVE_STDLIB_H 1
| #define HAVE_UNISTD_H 1
| /* end confdefs.h.  */
| #include <stdio.h>
| #ifdef HAVE_SYS_TYPES_H
| # include <sys/types.h>
| #endif
| #ifdef HAVE_SYS_STAT_H
| # include <sys/stat.h>
| #endif
| #ifdef STDC_HEADERS
| # include <stdlib.h>
| # include <stddef.h>
| #else
| # ifdef HAVE_STDLIB_H
| #  include <stdlib.h>
| # endif
| #endif
| #ifdef HAVE_STRING_H
| # if !defined STDC_HEADERS && defined HAVE_MEMORY_H
| #  include <memory.h>
| # endif
| # include <string.h>
| #endif
| #ifdef HAVE_STRINGS_H
| # include <strings.h>
| #endif
| #ifdef HAVE_INTTYPES_H
| # include <inttypes.h>
| #endif
| #ifdef HAVE_STDINT_H
| # include <stdint.h>
| #endif
| #ifdef HAVE_UNISTD_H
| # include <unistd.h>
| #endif
| #include <elf-hints.h>
configure:16457: result: no
configure:16457: checking elf-hints.h presence
configure:16457: gcc -E  conftest.c
conftest.c:37:23: error: elf-hints.h: No such file or directory
configure:16457: $? = 1
configure: failed program was:
| /* confdefs.h */
| #define PACKAGE_NAME "ld"
| #define PACKAGE_TARNAME "ld"
| #define PACKAGE_VERSION "2.30"
| #define PACKAGE_STRING "ld 2.30"
| #define PACKAGE_BUGREPORT ""
| #define PACKAGE_URL ""
| #define PACKAGE "ld"
| #define VERSION "2.30"
| #define STDC_HEADERS 1
| #define HAVE_SYS_TYPES_H 1
| #define HAVE_SYS_STAT_H 1
| #define HAVE_STDLIB_H 1
| #define HAVE_STRING_H 1
| #define HAVE_MEMORY_H 1
| #define HAVE_STRINGS_H 1
| #define HAVE_INTTYPES_H 1
| #define HAVE_STDINT_H 1
| #define HAVE_UNISTD_H 1
| #define __EXTENSIONS__ 1
| #define _ALL_SOURCE 1
| #define _GNU_SOURCE 1
| #define _POSIX_PTHREAD_SEMANTICS 1
| #define _TANDEM_SOURCE 1
| #define HAVE_DLFCN_H 1
| #define LT_OBJDIR ".libs/"
| #define HAVE_DLFCN_H 1
| #define _FILE_OFFSET_BITS 64
| #define GOT_HANDLING_DEFAULT GOT_HANDLING_TARGET_DEFAULT
| #define HAVE_LC_MESSAGES 1
| #define ENABLE_NLS 1
| #define HAVE_STRING_H 1
| #define HAVE_STRINGS_H 1
| #define HAVE_STDLIB_H 1
| #define HAVE_UNISTD_H 1
| /* end confdefs.h.  */
| #include <elf-hints.h>
configure:16457: result: no
configure:16457: checking for elf-hints.h
configure:16457: result: no
configure:16457: checking limits.h usability
configure:16457: gcc -c -g -O2  conftest.c >&5
configure:16457: $? = 0
configure:16457: result: yes
configure:16457: checking limits.h presence
configure:16457: gcc -E  conftest.c
configure:16457: $? = 0
configure:16457: result: yes
configure:16457: checking for limits.h
configure:16457: result: yes
configure:16457: checking locale.h usability
configure:16457: gcc -c -g -O2  conftest.c >&5
configure:16457: $? = 0
configure:16457: result: yes
configure:16457: checking locale.h presence
configure:16457: gcc -E  conftest.c
configure:16457: $? = 0
configure:16457: result: yes
configure:16457: checking for locale.h
configure:16457: result: yes
configure:16457: checking sys/param.h usability
configure:16457: gcc -c -g -O2  conftest.c >&5
configure:16457: $? = 0
configure:16457: result: yes
configure:16457: checking sys/param.h presence
configure:16457: gcc -E  conftest.c
configure:16457: $? = 0
configure:16457: result: yes
configure:16457: checking for sys/param.h
configure:16457: result: yes
configure:16471: checking fcntl.h usability
configure:16471: gcc -c -g -O2  conftest.c >&5
configure:16471: $? = 0
configure:16471: result: yes
configure:16471: checking fcntl.h presence
configure:16471: gcc -E  conftest.c
configure:16471: $? = 0
configure:16471: result: yes
configure:16471: checking for fcntl.h
configure:16471: result: yes
configure:16471: checking sys/file.h usability
configure:16471: gcc -c -g -O2  conftest.c >&5
configure:16471: $? = 0
configure:16471: result: yes
configure:16471: checking sys/file.h presence
configure:16471: gcc -E  conftest.c
configure:16471: $? = 0
configure:16471: result: yes
configure:16471: checking for sys/file.h
configure:16471: result: yes
configure:16471: checking sys/time.h usability
configure:16471: gcc -c -g -O2  conftest.c >&5
configure:16471: $? = 0
configure:16471: result: yes
configure:16471: checking sys/time.h presence
configure:16471: gcc -E  conftest.c
configure:16471: $? = 0
configure:16471: result: yes
configure:16471: checking for sys/time.h
configure:16471: result: yes
configure:16471: checking for sys/stat.h
configure:16471: result: yes
configure:16482: checking whether string.h and strings.h may both be included
configure:16499: gcc -c -g -O2  conftest.c >&5
configure:16499: $? = 0
configure:16506: result: yes
configure:16517: checking for glob
configure:16517: gcc -o conftest -g -O2    conftest.c -ldl  >&5
configure:16517: $? = 0
configure:16517: result: yes
configure:16517: checking for mkstemp
configure:16517: gcc -o conftest -g -O2    conftest.c -ldl  >&5
configure:16517: $? = 0
configure:16517: result: yes
configure:16517: checking for realpath
configure:16517: gcc -o conftest -g -O2    conftest.c -ldl  >&5
configure:16517: $? = 0
configure:16517: result: yes
configure:16517: checking for sbrk
configure:16517: gcc -o conftest -g -O2    conftest.c -ldl  >&5
configure:16517: $? = 0
configure:16517: result: yes
configure:16517: checking for setlocale
configure:16517: gcc -o conftest -g -O2    conftest.c -ldl  >&5
configure:16517: $? = 0
configure:16517: result: yes
configure:16517: checking for waitpid
configure:16517: gcc -o conftest -g -O2    conftest.c -ldl  >&5
configure:16517: $? = 0
configure:16517: result: yes
configure:16530: checking for open
configure:16530: gcc -o conftest -g -O2    conftest.c -ldl  >&5
configure:16530: $? = 0
configure:16530: result: yes
configure:16530: checking for lseek
configure:16530: gcc -o conftest -g -O2    conftest.c -ldl  >&5
configure:16530: $? = 0
configure:16530: result: yes
configure:16530: checking for close
configure:16530: gcc -o conftest -g -O2    conftest.c -ldl  >&5
configure:16530: $? = 0
configure:16530: result: yes
configure:16543: checking for dirent.h that defines DIR
configure:16562: gcc -c -g -O2  conftest.c >&5
configure:16562: $? = 0
configure:16570: result: yes
configure:16584: checking for library containing opendir
configure:16615: gcc -o conftest -g -O2    conftest.c -ldl  >&5
configure:16615: $? = 0
configure:16632: result: none required
configure:16703: checking for stdlib.h
configure:16703: result: yes
configure:16703: checking for unistd.h
configure:16703: result: yes
configure:16716: checking for getpagesize
configure:16716: gcc -o conftest -g -O2    conftest.c -ldl  >&5
configure:16716: $? = 0
configure:16716: result: yes
configure:16725: checking for working mmap
configure:16862: gcc -o conftest -g -O2    conftest.c -ldl  >&5
configure:16862: $? = 0
configure:16862: ./conftest
configure:16862: $? = 0
configure:16872: result: yes
configure:16882: checking for library containing dlopen
configure:16930: result: -ldl
configure:16964: checking for a known getopt prototype in unistd.h
configure:16980: gcc -c -g -O2  conftest.c >&5
configure:16980: $? = 0
configure:16988: result: yes
configure:17004: checking whether strstr is declared
configure:17004: gcc -c -g -O2  conftest.c >&5
configure:17004: $? = 0
configure:17004: result: yes
configure:17014: checking whether free is declared
configure:17014: gcc -c -g -O2  conftest.c >&5
configure:17014: $? = 0
configure:17014: result: yes
configure:17024: checking whether sbrk is declared
configure:17024: gcc -c -g -O2  conftest.c >&5
configure:17024: $? = 0
configure:17024: result: yes
configure:17034: checking whether getenv is declared
configure:17034: gcc -c -g -O2  conftest.c >&5
configure:17034: $? = 0
configure:17034: result: yes
configure:17044: checking whether environ is declared
configure:17044: gcc -c -g -O2  conftest.c >&5
configure:17044: $? = 0
configure:17044: result: yes
configure:17062: checking whether ANSI C string concatenation works
configure:17078: gcc -c -g -O2  conftest.c >&5
configure:17078: $? = 0
configure:17086: result: yes
configure:17112: checking size of void *
configure:17117: gcc -o conftest -g -O2    conftest.c -ldl -ldl  >&5
configure:17117: $? = 0
configure:17117: ./conftest
configure:17117: $? = 0
configure:17132: result: 4
configure:17397: updating cache ./config.cache
configure:17470: creating ./config.status

## ---------------------- ##
## Running config.status. ##
## ---------------------- ##

This file was extended by ld config.status 2.30, which was
generated by GNU Autoconf 2.64.  Invocation command line was

  CONFIG_FILES    = 
  CONFIG_HEADERS  = 
  CONFIG_LINKS    = 
  CONFIG_COMMANDS = 
  $ ./config.status 

on localhost.localdomain

config.status:1264: creating Makefile
config.status:1264: creating po/Makefile.in
config.status:1264: creating config.h
config.status:1489: executing depfiles commands
config.status:1489: executing libtool commands
config.status:1489: executing default-1 commands

## ---------------- ##
## Cache variables. ##
## ---------------- ##

ac_cv_build=i686-pc-linux-gnu
ac_cv_c_compiler_gnu=yes
ac_cv_cxx_compiler_gnu=yes
ac_cv_env_CCC_set=
ac_cv_env_CCC_value=
ac_cv_env_CC_set=set
ac_cv_env_CC_value=gcc
ac_cv_env_CFLAGS_set=set
ac_cv_env_CFLAGS_value='-g -O2'
ac_cv_env_CPPFLAGS_set=
ac_cv_env_CPPFLAGS_value=
ac_cv_env_CPP_set=
ac_cv_env_CPP_value=
ac_cv_env_CXXCPP_set=
ac_cv_env_CXXCPP_value=
ac_cv_env_CXXFLAGS_set=set
ac_cv_env_CXXFLAGS_value='-g -O2'
ac_cv_env_CXX_set=set
ac_cv_env_CXX_value=g++
ac_cv_env_LDFLAGS_set=set
ac_cv_env_LDFLAGS_value=' '
ac_cv_env_LIBS_set=
ac_cv_env_LIBS_value=
ac_cv_env_YACC_set=set
ac_cv_env_YACC_value='/home/liusichao/Promming/tools/binutils-2.30/missing bison -y'
ac_cv_env_YFLAGS_set=
ac_cv_env_YFLAGS_value=
ac_cv_env_build_alias_set=set
ac_cv_env_build_alias_value=i686-pc-linux-gnu
ac_cv_env_host_alias_set=set
ac_cv_env_host_alias_value=i686-pc-linux-gnu
ac_cv_env_target_alias_set=set
ac_cv_env_target_alias_value=i686-pc-linux-gnu
ac_cv_func_close=yes
ac_cv_func_getpagesize=yes
ac_cv_func_glob=yes
ac_cv_func_lseek=yes
ac_cv_func_mkstemp=yes
ac_cv_func_mmap_fixed_mapped=yes
ac_cv_func_open=yes
ac_cv_func_realpath=yes
ac_cv_func_sbrk=yes
ac_cv_func_setlocale=yes
ac_cv_func_waitpid=yes
ac_cv_have_decl_environ=yes
ac_cv_have_decl_free=yes
ac_cv_have_decl_getenv=yes
ac_cv_have_decl_sbrk=yes
ac_cv_have_decl_strstr=yes
ac_cv_header_dirent_dirent_h=yes
ac_cv_header_dlfcn_h=yes
ac_cv_header_elf_hints_h=no
ac_cv_header_fcntl_h=yes
ac_cv_header_inttypes_h=yes
ac_cv_header_limits_h=yes
ac_cv_header_locale_h=yes
ac_cv_header_memory_h=yes
ac_cv_header_minix_config_h=no
ac_cv_header_stdc=yes
ac_cv_header_stdint_h=yes
ac_cv_header_stdlib_h=yes
ac_cv_header_string_h=yes
ac_cv_header_strings_h=yes
ac_cv_header_sys_file_h=yes
ac_cv_header_sys_param_h=yes
ac_cv_header_sys_stat_h=yes
ac_cv_header_sys_time_h=yes
ac_cv_header_sys_types_h=yes
ac_cv_header_unistd_h=yes
ac_cv_header_windows_h=no
ac_cv_host=i686-pc-linux-gnu
ac_cv_objext=o
ac_cv_path_EGREP='/bin/grep -E'
ac_cv_path_FGREP='/bin/grep -F'
ac_cv_path_GMSGFMT=:
ac_cv_path_GREP=/bin/grep
ac_cv_path_MSGFMT=:
ac_cv_path_MSGMERGE=:
ac_cv_path_SED=/bin/sed
ac_cv_path_XGETTEXT=:
ac_cv_path_mkdir=/bin/mkdir
ac_cv_prog_AR=ar
ac_cv_prog_AWK=gawk
ac_cv_prog_CC=gcc
ac_cv_prog_CPP='gcc -E'
ac_cv_prog_CXXCPP='g++ -E'
ac_cv_prog_LEX='/home/liusichao/Promming/tools/binutils-2.30/missing flex'
ac_cv_prog_OBJDUMP=objdump
ac_cv_prog_RANLIB=ranlib
ac_cv_prog_YACC='/home/liusichao/Promming/tools/binutils-2.30/missing bison -y'
ac_cv_prog_ac_ct_STRIP=strip
ac_cv_prog_cc_c89=
ac_cv_prog_cc_g=yes
ac_cv_prog_cxx_g=yes
ac_cv_prog_make_make_set=yes
ac_cv_safe_to_define___extensions__=yes
ac_cv_search_dlopen=-ldl
ac_cv_search_opendir='none required'
ac_cv_search_strerror='none required'
ac_cv_sizeof_void_p=4
ac_cv_sys_file_offset_bits=64
ac_cv_sys_largefile_CC=no
ac_cv_target=i686-pc-linux-gnu
am_cv_CC_dependencies_compiler_type=gcc3
am_cv_CXX_dependencies_compiler_type=gcc3
am_cv_val_LC_MESSAGES=yes
gcc_cv_header_string=yes
gcc_cv_prog_cmp_skip='cmp --ignore-initial=16 $$f1 $$f2'
ld_cv_decl_getopt_unistd_h=yes
ld_cv_string_concatenation=yes
lt_cv_archive_cmds_need_lc=no
lt_cv_deplibs_check_method=pass_all
lt_cv_file_magic_cmd='$MAGIC_CMD'
lt_cv_file_magic_test_file=
lt_cv_ld_reload_flag=-r
lt_cv_nm_interface='BSD nm'
lt_cv_objdir=.libs
lt_cv_path_LD=ld
lt_cv_path_LDCXX=ld
lt_cv_path_NM=nm
lt_cv_prog_compiler_c_o=yes
lt_cv_prog_compiler_c_o_CXX=yes
lt_cv_prog_compiler_pic_works=yes
lt_cv_prog_compiler_pic_works_CXX=yes
lt_cv_prog_compiler_rtti_exceptions=no
lt_cv_prog_compiler_static_works=no
lt_cv_prog_compiler_static_works_CXX=no
lt_cv_prog_gnu_ld=yes
lt_cv_prog_gnu_ldcxx=yes
lt_cv_shlibpath_overrides_runpath=no
lt_cv_sys_global_symbol_pipe='sed -n -e '\''s/^.*[	 ]\([ABCDGIRSTW][ABCDGIRSTW]*\)[	 ][	 ]*\([_A-Za-z][_A-Za-z0-9]*\)$/\1 \2 \2/p'\'''
lt_cv_sys_global_symbol_to_c_name_address='sed -n -e '\''s/^: \([^ ]*\) $/  {\"\1\", (void *) 0},/p'\'' -e '\''s/^[ABCDGIRSTW]* \([^ ]*\) \([^ ]*\)$/  {"\2", (void *) \&\2},/p'\'''
lt_cv_sys_global_symbol_to_c_name_address_lib_prefix='sed -n -e '\''s/^: \([^ ]*\) $/  {\"\1\", (void *) 0},/p'\'' -e '\''s/^[ABCDGIRSTW]* \([^ ]*\) \(lib[^ ]*\)$/  {"\2", (void *) \&\2},/p'\'' -e '\''s/^[ABCDGIRSTW]* \([^ ]*\) \([^ ]*\)$/  {"lib\2", (void *) \&\2},/p'\'''
lt_cv_sys_global_symbol_to_cdecl='sed -n -e '\''s/^T .* \(.*\)$/extern int \1();/p'\'' -e '\''s/^[ABCDGIRSTW]* .* \(.*\)$/extern char \1;/p'\'''
lt_cv_sys_max_cmd_len=1966080

## ----------------- ##
## Output variables. ##
## ----------------- ##

ACLOCAL='${SHELL} /home/liusichao/Promming/tools/binutils-2.30/missing --run aclocal-1.11'
AMDEPBACKSLASH='\'
AMDEP_FALSE='#'
AMDEP_TRUE=''
AMTAR='$${TAR-tar}'
AR='ar'
AUTOCONF='${SHELL} /home/liusichao/Promming/tools/binutils-2.30/missing --run autoconf'
AUTOHEADER='${SHELL} /home/liusichao/Promming/tools/binutils-2.30/missing --run autoheader'
AUTOMAKE='${SHELL} /home/liusichao/Promming/tools/binutils-2.30/missing --run automake-1.11'
AWK='gawk'
CATALOGS=' bg.gmo da.gmo de.gmo es.gmo fi.gmo fr.gmo ga.gmo id.gmo it.gmo ja.gmo pt_BR.gmo ru.gmo sr.gmo sv.gmo tr.gmo uk.gmo vi.gmo zh_CN.gmo zh_TW.gmo bg.gmo da.gmo de.gmo es.gmo fi.gmo fr.gmo ga.gmo id.gmo it.gmo ja.gmo pt_BR.gmo ru.gmo sr.gmo sv.gmo tr.gmo uk.gmo vi.gmo zh_CN.gmo zh_TW.gmo'
CATOBJEXT='.gmo'
CC='gcc'
CCDEPMODE='depmode=gcc3'
CFLAGS='-g -O2'
CPP='gcc -E'
CPPFLAGS=''
CXX='g++'
CXXCPP='g++ -E'
CXXDEPMODE='depmode=gcc3'
CXXFLAGS='-g -O2'
CYGPATH_W='echo'
DATADIRNAME='share'
DEFS='-DHAVE_CONFIG_H'
DEPDIR='.deps'
DSYMUTIL=''
DUMPBIN=''
ECHO_C=''
ECHO_N='-n'
ECHO_T=''
EGREP='/bin/grep -E'
EMUL='elf_i386'
EMULATION_LIBPATH='elf_i386'
EMULATION_OFILES=' eelf_i386.o ei386linux.o eelf_iamcu.o'
EMUL_EXTRA_OFILES=''
ENABLE_PLUGINS_FALSE='#'
ENABLE_PLUGINS_TRUE=''
EXEEXT=''
FGREP='/bin/grep -F'
GENCAT='gencat'
GENINSRC_NEVER_FALSE=''
GENINSRC_NEVER_TRUE='#'
GMSGFMT=':'
GREP='/bin/grep'
HDEFINES=''
INCINTL=''
INSTALL_DATA='/usr/bin/install -c -m 644'
INSTALL_PROGRAM='/usr/bin/install -c'
INSTALL_SCRIPT='/usr/bin/install -c'
INSTALL_STRIP_PROGRAM='$(install_sh) -c -s'
INSTOBJEXT='.mo'
LD='ld'
LDFLAGS=' '
LEX='/home/liusichao/Promming/tools/binutils-2.30/missing flex'
LEXLIB=''
LEX_OUTPUT_ROOT=''
LIBINTL=''
LIBINTL_DEP=''
LIBOBJS=''
LIBS='-ldl -ldl '
LIBTOOL='$(SHELL) $(top_builddir)/libtool'
LIB_PATH=''
LIPO=''
LN_S='ln -s'
LTLIBOBJS=''
MAINT='#'
MAINTAINER_MODE_FALSE=''
MAINTAINER_MODE_TRUE='#'
MAKEINFO='/home/liusichao/Promming/tools/binutils-2.30/missing makeinfo --split-size=5000000'
MKDIR_P='/bin/mkdir -p'
MKINSTALLDIRS='$(top_builddir)/./../mkinstalldirs'
MSGFMT=':'
MSGMERGE=':'
NATIVE_LIB_DIRS='/usr/local/lib /lib /usr/lib'
NM='nm'
NMEDIT=''
NO_WERROR=''
OBJDUMP='objdump'
OBJEXT='o'
OTOOL64=''
OTOOL=''
PACKAGE='ld'
PACKAGE_BUGREPORT=''
PACKAGE_NAME='ld'
PACKAGE_STRING='ld 2.30'
PACKAGE_TARNAME='ld'
PACKAGE_URL=''
PACKAGE_VERSION='2.30'
PATH_SEPARATOR=':'
POSUB='po'
RANLIB='ranlib'
SED='/bin/sed'
SET_MAKE=''
SHELL='/bin/sh'
STRINGIFY='astring.sed'
STRIP='strip'
TARGET_SYSTEM_ROOT=''
TARGET_SYSTEM_ROOT_DEFINE='-DTARGET_SYSTEM_ROOT=\"\"'
TESTBFDLIB='../bfd/.libs/libbfd.a'
USE_NLS='yes'
VERSION='2.30'
WARN_CFLAGS='-W -Wall -Wstrict-prototypes -Wmissing-prototypes -Wshadow'
WARN_CFLAGS_FOR_BUILD='-W -Wall -Wstrict-prototypes -Wmissing-prototypes -Wshadow'
WARN_WRITE_STRINGS='-Wwrite-strings'
XGETTEXT=':'
YACC='/home/liusichao/Promming/tools/binutils-2.30/missing bison -y'
YFLAGS=''
ac_ct_CC=''
ac_ct_CXX=''
ac_ct_DUMPBIN=''
am__EXEEXT_FALSE=''
am__EXEEXT_TRUE='#'
am__fastdepCC_FALSE='#'
am__fastdepCC_TRUE=''
am__fastdepCXX_FALSE='#'
am__fastdepCXX_TRUE=''
am__include='include'
am__isrc=''
am__leading_dot='.'
am__nodep='_no'
am__quote=''
am__tar='$${TAR-tar} chof - "$$tardir"'
am__untar='$${TAR-tar} xf -'
bindir='${exec_prefix}/bin'
build='i686-pc-linux-gnu'
build_alias='i686-pc-linux-gnu'
build_cpu='i686'
build_os='linux-gnu'
build_vendor='pc'
datadir='${datarootdir}'
datarootdir='${prefix}/share'
do_compare='cmp --ignore-initial=16 $$f1 $$f2'
docdir='${datarootdir}/doc/${PACKAGE_TARNAME}'
dvidir='${docdir}'
elf_list_options='TRUE'
elf_plt_unwind_list_options='TRUE'
elf_shlib_list_options='TRUE'
enable_initfini_array='yes'
exec_prefix='${prefix}'
host='i686-pc-linux-gnu'
host_alias='i686-pc-linux-gnu'
host_cpu='i686'
host_os='linux-gnu'
host_vendor='pc'
htmldir='${docdir}'
includedir='${prefix}/include'
infodir='${datarootdir}/info'
install_as_default='yes'
install_sh='${SHELL} /home/liusichao/Promming/tools/binutils-2.30/install-sh'
installed_linker='ld.bfd'
libdir='${exec_prefix}/lib'
libexecdir='${exec_prefix}/libexec'
localedir='${datarootdir}/locale'
localstatedir='${prefix}/var'
mandir='${datarootdir}/man'
mkdir_p='/bin/mkdir -p'
oldincludedir='/usr/include'
pdfdir='${docdir}'
prefix='/usr/local'
program_transform_name='s,y,y,'
psdir='${docdir}'
sbindir='${exec_prefix}/sbin'
sharedstatedir='${prefix}/com'
sysconfdir='${prefix}/etc'
target='i686-pc-linux-gnu'
target_alias='i686-pc-linux-gnu'
target_cpu='i686'
target_os='linux-gnu'
target_vendor='pc'
use_sysroot='no'

## ------------------- ##
## File substitutions. ##
## ------------------- ##

TDIRS='tdirs'

## ----------- ##
## confdefs.h. ##
## ----------- ##

/* confdefs.h */
#define PACKAGE_NAME "ld"
#define PACKAGE_TARNAME "ld"
#define PACKAGE_VERSION "2.30"
#define PACKAGE_STRING "ld 2.30"
#define PACKAGE_BUGREPORT ""
#define PACKAGE_URL ""
#define PACKAGE "ld"
#define VERSION "2.30"
#define STDC_HEADERS 1
#define HAVE_SYS_TYPES_H 1
#define HAVE_SYS_STAT_H 1
#define HAVE_STDLIB_H 1
#define HAVE_STRING_H 1
#define HAVE_MEMORY_H 1
#define HAVE_STRINGS_H 1
#define HAVE_INTTYPES_H 1
#define HAVE_STDINT_H 1
#define HAVE_UNISTD_H 1
#define __EXTENSIONS__ 1
#define _ALL_SOURCE 1
#define _GNU_SOURCE 1
#define _POSIX_PTHREAD_SEMANTICS 1
#define _TANDEM_SOURCE 1
#define HAVE_DLFCN_H 1
#define LT_OBJDIR ".libs/"
#define HAVE_DLFCN_H 1
#define _FILE_OFFSET_BITS 64
#define GOT_HANDLING_DEFAULT GOT_HANDLING_TARGET_DEFAULT
#define HAVE_LC_MESSAGES 1
#define ENABLE_NLS 1
#define HAVE_STRING_H 1
#define HAVE_STRINGS_H 1
#define HAVE_STDLIB_H 1
#define HAVE_UNISTD_H 1
#define HAVE_LIMITS_H 1
#define HAVE_LOCALE_H 1
#define HAVE_SYS_PARAM_H 1
#define HAVE_FCNTL_H 1
#define HAVE_SYS_FILE_H 1
#define HAVE_SYS_TIME_H 1
#define HAVE_SYS_STAT_H 1
#define STRING_WITH_STRINGS 1
#define HAVE_GLOB 1
#define HAVE_MKSTEMP 1
#define HAVE_REALPATH 1
#define HAVE_SBRK 1
#define HAVE_SETLOCALE 1
#define HAVE_WAITPID 1
#define HAVE_OPEN 1
#define HAVE_LSEEK 1
#define HAVE_CLOSE 1
#define HAVE_DIRENT_H 1
#define HAVE_STDLIB_H 1
#define HAVE_UNISTD_H 1
#define HAVE_GETPAGESIZE 1
#define HAVE_MMAP 1
#define HAVE_INITFINI_ARRAY 1
#define HAVE_DECL_GETOPT 1
#define HAVE_DECL_STRSTR 1
#define HAVE_DECL_FREE 1
#define HAVE_DECL_SBRK 1
#define HAVE_DECL_GETENV 1
#define HAVE_DECL_ENVIRON 1
#define SIZEOF_VOID_P 4
#define DEFAULT_NEW_DTAGS 0
#define DEFAULT_LD_Z_RELRO 1
#define DEFAULT_EMIT_SYSV_HASH 1
#define DEFAULT_EMIT_GNU_HASH 1

configure: exit 0
