This file contains any messages produced by compilers while
running configure, to aid debugging if configure makes a mistake.

It was created by libOFF configure 0.0.5, which was
generated by GNU Autoconf 2.59.  Invocation command line was

  $ ./configure --prefix=/usr/local --cache-file=/dev/null --srcdir=.

## --------- ##
## Platform. ##
## --------- ##

hostname = localhost.localdomain
uname -m = i686
uname -r = 2.6.32-696.23.1.el6.i686
uname -s = Linux
uname -v = #1 SMP Tue Mar 13 23:09:35 UTC 2018

/usr/bin/uname -p = unknown
/bin/uname -X     = unknown

/bin/arch              = i686
/usr/bin/arch -k       = unknown
/usr/convex/getsysinfo = unknown
hostinfo               = unknown
/bin/machine           = unknown
/usr/bin/oslevel       = unknown
/bin/universe          = unknown

PATH: /usr/lib/qt-3.3/bin
PATH: /usr/local/bin
PATH: /usr/bin
PATH: /bin
PATH: /usr/local/sbin
PATH: /usr/sbin
PATH: /sbin
PATH: /home/liusichao/bin


## ----------- ##
## Core tests. ##
## ----------- ##

configure:1356: checking for a BSD-compatible install
configure:1411: result: /usr/bin/install -c
configure:1422: checking whether build environment is sane
configure:1465: result: yes
configure:1530: checking for gawk
configure:1546: found /usr/bin/gawk
configure:1556: result: gawk
configure:1566: checking whether make sets $(MAKE)
configure:1586: result: yes
configure:1754: checking whether to enable maintainer-specific portions of Makefiles
configure:1763: result: no
configure:1825: checking for gcc
configure:1841: found /usr/bin/gcc
configure:1851: result: gcc
configure:2095: checking for C compiler version
configure:2098: gcc --version </dev/null >&5
gcc (GCC) 4.4.7 20120313 (Red Hat 4.4.7-18)
Copyright (C) 2010 Free Software Foundation, Inc.
This is free software; see the source for copying conditions.  There is NO
warranty; not even for MERCHANTABILITY or FITNESS FOR A PARTICULAR PURPOSE.

configure:2101: $? = 0
configure:2103: gcc -v </dev/null >&5
Using built-in specs.
Target: i686-redhat-linux
Configured with: ../configure --prefix=/usr --mandir=/usr/share/man --infodir=/usr/share/info --with-bugurl=http://bugzilla.redhat.com/bugzilla --enable-bootstrap --enable-shared --enable-threads=posix --enable-checking=release --with-system-zlib --enable-__cxa_atexit --disable-libunwind-exceptions --enable-gnu-unique-object --enable-languages=c,c++,objc,obj-c++,java,fortran,ada --enable-java-awt=gtk --disable-dssi --with-java-home=/usr/lib/jvm/java-1.5.0-gcj-1.5.0.0/jre --enable-libgcj-multifile --enable-java-maintainer-mode --with-ecj-jar=/usr/share/java/eclipse-ecj.jar --disable-libjava-multilib --with-ppl --with-cloog --with-tune=generic --with-arch=i686 --build=i686-redhat-linux
Thread model: posix
gcc version 4.4.7 20120313 (Red Hat 4.4.7-18) (GCC) 
configure:2106: $? = 0
configure:2108: gcc -V </dev/null >&5
gcc: '-V' option must have argument
configure:2111: $? = 1
configure:2134: checking for C compiler default output file name
configure:2137: gcc    conftest.c  >&5
configure:2140: $? = 0
configure:2186: result: a.out
configure:2191: checking whether the C compiler works
configure:2197: ./a.out
configure:2200: $? = 0
configure:2217: result: yes
configure:2224: checking whether we are cross compiling
configure:2226: result: no
configure:2229: checking for suffix of executables
configure:2231: gcc -o conftest    conftest.c  >&5
configure:2234: $? = 0
configure:2259: result: 
configure:2265: checking for suffix of object files
configure:2286: gcc -c   conftest.c >&5
configure:2289: $? = 0
configure:2311: result: o
configure:2315: checking whether we are using the GNU C compiler
configure:2339: gcc -c   conftest.c >&5
configure:2345: $? = 0
configure:2349: test -z 
			 || test ! -s conftest.err
configure:2352: $? = 0
configure:2355: test -s conftest.o
configure:2358: $? = 0
configure:2371: result: yes
configure:2377: checking whether gcc accepts -g
configure:2398: gcc -c -g  conftest.c >&5
configure:2404: $? = 0
configure:2408: test -z 
			 || test ! -s conftest.err
configure:2411: $? = 0
configure:2414: test -s conftest.o
configure:2417: $? = 0
configure:2428: result: yes
configure:2445: checking for gcc option to accept ANSI C
configure:2515: gcc  -c -g -O2  conftest.c >&5
configure:2521: $? = 0
configure:2525: test -z 
			 || test ! -s conftest.err
configure:2528: $? = 0
configure:2531: test -s conftest.o
configure:2534: $? = 0
configure:2552: result: none needed
configure:2570: gcc -c -g -O2  conftest.c >&5
conftest.c:2: error: expected '=', ',', ';', 'asm' or '__attribute__' before 'me'
configure:2576: $? = 1
configure: failed program was:
| #ifndef __cplusplus
|   choke me
| #endif
configure:2720: checking for style of include used by make
configure:2748: result: GNU
configure:2776: checking dependency style of gcc
configure:2866: result: gcc3
configure:2924: checking for ranlib
configure:2940: found /usr/local/bin/ranlib
configure:2951: result: ranlib
configure:2970: checking how to run the C preprocessor
configure:3005: gcc -E  conftest.c
configure:3011: $? = 0
configure:3043: gcc -E  conftest.c
conftest.c:11:28: error: ac_nonexistent.h: No such file or directory
configure:3049: $? = 1
configure: failed program was:
| /* confdefs.h.  */
| 
| #define PACKAGE_NAME "libOFF"
| #define PACKAGE_TARNAME "liboff"
| #define PACKAGE_VERSION "0.0.5"
| #define PACKAGE_STRING "libOFF 0.0.5"
| #define PACKAGE_BUGREPORT ""
| #define PACKAGE "liboff"
| #define VERSION "0.0.5"
| /* end confdefs.h.  */
| #include <ac_nonexistent.h>
configure:3088: result: gcc -E
configure:3112: gcc -E  conftest.c
configure:3118: $? = 0
configure:3150: gcc -E  conftest.c
conftest.c:11:28: error: ac_nonexistent.h: No such file or directory
configure:3156: $? = 1
configure: failed program was:
| /* confdefs.h.  */
| 
| #define PACKAGE_NAME "libOFF"
| #define PACKAGE_TARNAME "liboff"
| #define PACKAGE_VERSION "0.0.5"
| #define PACKAGE_STRING "libOFF 0.0.5"
| #define PACKAGE_BUGREPORT ""
| #define PACKAGE "liboff"
| #define VERSION "0.0.5"
| /* end confdefs.h.  */
| #include <ac_nonexistent.h>
configure:3200: checking for egrep
configure:3210: result: grep -E
configure:3215: checking for ANSI C header files
configure:3240: gcc -c -g -O2  conftest.c >&5
configure:3246: $? = 0
configure:3250: test -z 
			 || test ! -s conftest.err
configure:3253: $? = 0
configure:3256: test -s conftest.o
configure:3259: $? = 0
configure:3348: gcc -o conftest -g -O2   conftest.c  >&5
conftest.c: In function 'main':
conftest.c:28: warning: incompatible implicit declaration of built-in function 'exit'
configure:3351: $? = 0
configure:3353: ./conftest
configure:3356: $? = 0
configure:3371: result: yes
configure:3382: checking return type of signal handlers
configure:3413: gcc -c -g -O2  conftest.c >&5
configure:3419: $? = 0
configure:3423: test -z 
			 || test ! -s conftest.err
configure:3426: $? = 0
configure:3429: test -s conftest.o
configure:3432: $? = 0
configure:3443: result: void
configure:3456: checking for strdup
configure:3513: gcc -o conftest -g -O2   conftest.c  >&5
conftest.c:37: warning: conflicting types for built-in function 'strdup'
configure:3519: $? = 0
configure:3523: test -z 
			 || test ! -s conftest.err
configure:3526: $? = 0
configure:3529: test -s conftest
configure:3532: $? = 0
configure:3544: result: yes
configure:3456: checking for strerror
configure:3513: gcc -o conftest -g -O2   conftest.c  >&5
configure:3519: $? = 0
configure:3523: test -z 
			 || test ! -s conftest.err
configure:3526: $? = 0
configure:3529: test -s conftest
configure:3532: $? = 0
configure:3544: result: yes
configure:3558: checking for vprintf
configure:3615: gcc -o conftest -g -O2   conftest.c  >&5
conftest.c:39: warning: conflicting types for built-in function 'vprintf'
configure:3621: $? = 0
configure:3625: test -z 
			 || test ! -s conftest.err
configure:3628: $? = 0
configure:3631: test -s conftest
configure:3634: $? = 0
configure:3646: result: yes
configure:3671: checking for sys/types.h
configure:3687: gcc -c -g -O2  conftest.c >&5
configure:3693: $? = 0
configure:3697: test -z 
			 || test ! -s conftest.err
configure:3700: $? = 0
configure:3703: test -s conftest.o
configure:3706: $? = 0
configure:3717: result: yes
configure:3671: checking for sys/stat.h
configure:3687: gcc -c -g -O2  conftest.c >&5
configure:3693: $? = 0
configure:3697: test -z 
			 || test ! -s conftest.err
configure:3700: $? = 0
configure:3703: test -s conftest.o
configure:3706: $? = 0
configure:3717: result: yes
configure:3671: checking for stdlib.h
configure:3687: gcc -c -g -O2  conftest.c >&5
configure:3693: $? = 0
configure:3697: test -z 
			 || test ! -s conftest.err
configure:3700: $? = 0
configure:3703: test -s conftest.o
configure:3706: $? = 0
configure:3717: result: yes
configure:3671: checking for string.h
configure:3687: gcc -c -g -O2  conftest.c >&5
configure:3693: $? = 0
configure:3697: test -z 
			 || test ! -s conftest.err
configure:3700: $? = 0
configure:3703: test -s conftest.o
configure:3706: $? = 0
configure:3717: result: yes
configure:3671: checking for memory.h
configure:3687: gcc -c -g -O2  conftest.c >&5
configure:3693: $? = 0
configure:3697: test -z 
			 || test ! -s conftest.err
configure:3700: $? = 0
configure:3703: test -s conftest.o
configure:3706: $? = 0
configure:3717: result: yes
configure:3671: checking for strings.h
configure:3687: gcc -c -g -O2  conftest.c >&5
configure:3693: $? = 0
configure:3697: test -z 
			 || test ! -s conftest.err
configure:3700: $? = 0
configure:3703: test -s conftest.o
configure:3706: $? = 0
configure:3717: result: yes
configure:3671: checking for inttypes.h
configure:3687: gcc -c -g -O2  conftest.c >&5
configure:3693: $? = 0
configure:3697: test -z 
			 || test ! -s conftest.err
configure:3700: $? = 0
configure:3703: test -s conftest.o
configure:3706: $? = 0
configure:3717: result: yes
configure:3671: checking for stdint.h
configure:3687: gcc -c -g -O2  conftest.c >&5
configure:3693: $? = 0
configure:3697: test -z 
			 || test ! -s conftest.err
configure:3700: $? = 0
configure:3703: test -s conftest.o
configure:3706: $? = 0
configure:3717: result: yes
configure:3671: checking for unistd.h
configure:3687: gcc -c -g -O2  conftest.c >&5
configure:3693: $? = 0
configure:3697: test -z 
			 || test ! -s conftest.err
configure:3700: $? = 0
configure:3703: test -s conftest.o
configure:3706: $? = 0
configure:3717: result: yes
configure:3729: checking for uint8_t
configure:3753: gcc -c -g -O2  conftest.c >&5
configure:3759: $? = 0
configure:3763: test -z 
			 || test ! -s conftest.err
configure:3766: $? = 0
configure:3769: test -s conftest.o
configure:3772: $? = 0
configure:3783: result: yes
configure:3795: checking for uint16_t
configure:3819: gcc -c -g -O2  conftest.c >&5
configure:3825: $? = 0
configure:3829: test -z 
			 || test ! -s conftest.err
configure:3832: $? = 0
configure:3835: test -s conftest.o
configure:3838: $? = 0
configure:3849: result: yes
configure:3861: checking for uint32_t
configure:3885: gcc -c -g -O2  conftest.c >&5
configure:3891: $? = 0
configure:3895: test -z 
			 || test ! -s conftest.err
configure:3898: $? = 0
configure:3901: test -s conftest.o
configure:3904: $? = 0
configure:3915: result: yes
configure:3927: checking for uint64_t
configure:3951: gcc -c -g -O2  conftest.c >&5
configure:3957: $? = 0
configure:3961: test -z 
			 || test ! -s conftest.err
configure:3964: $? = 0
configure:3967: test -s conftest.o
configure:3970: $? = 0
configure:3981: result: yes
configure:4111: creating ./config.status

## ---------------------- ##
## Running config.status. ##
## ---------------------- ##

This file was extended by libOFF config.status 0.0.5, which was
generated by GNU Autoconf 2.59.  Invocation command line was

  CONFIG_FILES    = 
  CONFIG_HEADERS  = 
  CONFIG_LINKS    = 
  CONFIG_COMMANDS = 
  $ ./config.status 

on localhost.localdomain

config.status:697: creating Makefile
config.status:697: creating source/Makefile
config.status:697: creating test/Makefile
config.status:801: creating include/cfgOFF.h
config.status:915: include/cfgOFF.h is unchanged
config.status:801: creating include/api_cfgOFF.h
config.status:915: include/api_cfgOFF.h is unchanged
config.status:1095: executing depfiles commands

## ---------------- ##
## Cache variables. ##
## ---------------- ##

ac_cv_c_compiler_gnu=yes
ac_cv_env_CC_set=
ac_cv_env_CC_value=
ac_cv_env_CFLAGS_set=
ac_cv_env_CFLAGS_value=
ac_cv_env_CPPFLAGS_set=
ac_cv_env_CPPFLAGS_value=
ac_cv_env_CPP_set=
ac_cv_env_CPP_value=
ac_cv_env_LDFLAGS_set=
ac_cv_env_LDFLAGS_value=
ac_cv_env_build_alias_set=
ac_cv_env_build_alias_value=
ac_cv_env_host_alias_set=
ac_cv_env_host_alias_value=
ac_cv_env_target_alias_set=
ac_cv_env_target_alias_value=
ac_cv_exeext=
ac_cv_func_strdup=yes
ac_cv_func_strerror=yes
ac_cv_func_vprintf=yes
ac_cv_header_inttypes_h=yes
ac_cv_header_memory_h=yes
ac_cv_header_stdc=yes
ac_cv_header_stdint_h=yes
ac_cv_header_stdlib_h=yes
ac_cv_header_string_h=yes
ac_cv_header_strings_h=yes
ac_cv_header_sys_stat_h=yes
ac_cv_header_sys_types_h=yes
ac_cv_header_unistd_h=yes
ac_cv_objext=o
ac_cv_path_install='/usr/bin/install -c'
ac_cv_prog_AWK=gawk
ac_cv_prog_CPP='gcc -E'
ac_cv_prog_ac_ct_CC=gcc
ac_cv_prog_ac_ct_RANLIB=ranlib
ac_cv_prog_cc_g=yes
ac_cv_prog_cc_stdc=
ac_cv_prog_egrep='grep -E'
ac_cv_prog_make_make_set=yes
ac_cv_type_signal=void
ac_cv_type_uint16_t=yes
ac_cv_type_uint32_t=yes
ac_cv_type_uint64_t=yes
ac_cv_type_uint8_t=yes
am_cv_CC_dependencies_compiler_type=gcc3

## ----------------- ##
## Output variables. ##
## ----------------- ##

ACLOCAL='${SHELL} /home/liusichao/program/tools/ald-0.1.7/libOFF/missing --run aclocal-1.9'
AMDEPBACKSLASH='\'
AMDEP_FALSE='#'
AMDEP_TRUE=''
AMTAR='${SHELL} /home/liusichao/program/tools/ald-0.1.7/libOFF/missing --run tar'
AUTOCONF='${SHELL} /home/liusichao/program/tools/ald-0.1.7/libOFF/missing --run autoconf'
AUTOHEADER='${SHELL} /home/liusichao/program/tools/ald-0.1.7/libOFF/missing --run autoheader'
AUTOMAKE='${SHELL} /home/liusichao/program/tools/ald-0.1.7/libOFF/missing --run automake-1.9'
AWK='gawk'
CC='gcc'
CCDEPMODE='depmode=gcc3'
CFLAGS='-g -O2'
CPP='gcc -E'
CPPFLAGS=''
CYGPATH_W='echo'
DEFS='-DHAVE_CONFIG_H'
DEPDIR='.deps'
ECHO_C=''
ECHO_N='-n'
ECHO_T=''
EGREP='grep -E'
EXEEXT=''
INSTALL_DATA='${INSTALL} -m 644'
INSTALL_PROGRAM='${INSTALL}'
INSTALL_SCRIPT='${INSTALL}'
INSTALL_STRIP_PROGRAM='${SHELL} $(install_sh) -c -s'
LDFLAGS=''
LIBOBJS=''
LIBS=''
LTLIBOBJS=''
MAINT='#'
MAINTAINER_MODE_FALSE=''
MAINTAINER_MODE_TRUE='#'
MAKEINFO='${SHELL} /home/liusichao/program/tools/ald-0.1.7/libOFF/missing --run makeinfo'
OBJEXT='o'
PACKAGE='liboff'
PACKAGE_BUGREPORT=''
PACKAGE_NAME='libOFF'
PACKAGE_STRING='libOFF 0.0.5'
PACKAGE_TARNAME='liboff'
PACKAGE_VERSION='0.0.5'
PATH_SEPARATOR=':'
RANLIB='ranlib'
SET_MAKE=''
SHELL='/bin/sh'
STRIP=''
VERSION='0.0.5'
ac_ct_CC='gcc'
ac_ct_RANLIB='ranlib'
ac_ct_STRIP=''
am__fastdepCC_FALSE='#'
am__fastdepCC_TRUE=''
am__include='include'
am__leading_dot='.'
am__quote=''
am__tar='${AMTAR} chof - "$$tardir"'
am__untar='${AMTAR} xf -'
bindir='${exec_prefix}/bin'
build_alias=''
datadir='${prefix}/share'
exec_prefix='${prefix}'
host_alias=''
includedir='${prefix}/include'
infodir='${prefix}/info'
install_sh='/home/liusichao/program/tools/ald-0.1.7/libOFF/install-sh'
libdir='${exec_prefix}/lib'
libexecdir='${exec_prefix}/libexec'
localstatedir='${prefix}/var'
mandir='${prefix}/man'
mkdir_p='mkdir -p --'
oldincludedir='/usr/include'
prefix='/usr/local'
program_transform_name='s,x,x,'
sbindir='${exec_prefix}/sbin'
sharedstatedir='${prefix}/com'
sysconfdir='${prefix}/etc'
target_alias=''

## ----------- ##
## confdefs.h. ##
## ----------- ##

#define HAVE_INTTYPES_H 1
#define HAVE_MEMORY_H 1
#define HAVE_STDINT_H 1
#define HAVE_STDLIB_H 1
#define HAVE_STRDUP 1
#define HAVE_STRERROR 1
#define HAVE_STRINGS_H 1
#define HAVE_STRING_H 1
#define HAVE_SYS_STAT_H 1
#define HAVE_SYS_TYPES_H 1
#define HAVE_UNISTD_H 1
#define HAVE_VPRINTF 1
#define PACKAGE "liboff"
#define PACKAGE_BUGREPORT ""
#define PACKAGE_NAME "libOFF"
#define PACKAGE_STRING "libOFF 0.0.5"
#define PACKAGE_TARNAME "liboff"
#define PACKAGE_VERSION "0.0.5"
#define RETSIGTYPE void
#define STDC_HEADERS 1
#define VERSION "0.0.5"

configure: exit 0
