This file contains any messages produced by compilers while
running configure, to aid debugging if configure makes a mistake.

It was created by gas configure 2.30, which was
generated by GNU Autoconf 2.64.  Invocation command line was

  $ /home/liusichao/Promming/tools/binutils-2.30/gas/configure --srcdir=.././gas --cache-file=./config.cache --with-gnu-as --with-gnu-ld --program-transform-name=s,y,y, --disable-option-checking --build=i686-pc-linux-gnu --host=i686-pc-linux-gnu --target=i686-pc-linux-gnu

## --------- ##
## Platform. ##
## --------- ##

hostname = localhost.localdomain
uname -m = i686
uname -r = 2.6.32-696.23.1.el6.i686
uname -s = Linux
uname -v = #1 SMP Tue Mar 13 23:09:35 UTC 2018

/usr/bin/uname -p = unknown
/bin/uname -X     = unknown

/bin/arch              = i686
/usr/bin/arch -k       = unknown
/usr/convex/getsysinfo = unknown
/usr/bin/hostinfo      = unknown
/bin/machine           = unknown
/usr/bin/oslevel       = unknown
/bin/universe          = unknown

PATH: /usr/lib/qt-3.3/bin
PATH: /usr/local/bin
PATH: /usr/bin
PATH: /bin
PATH: /usr/local/sbin
PATH: /usr/sbin
PATH: /sbin
PATH: /home/liusichao/bin


## ----------- ##
## Core tests. ##
## ----------- ##

configure:2210: creating cache ./config.cache
configure:2315: checking build system type
configure:2329: result: i686-pc-linux-gnu
configure:2349: checking host system type
configure:2362: result: i686-pc-linux-gnu
configure:2382: checking target system type
configure:2395: result: i686-pc-linux-gnu
configure:2429: checking for i686-pc-linux-gnu-gcc
configure:2456: result: gcc
configure:2725: checking for C compiler version
configure:2734: gcc --version >&5
gcc (GCC) 4.4.7 20120313 (Red Hat 4.4.7-18)
Copyright (C) 2010 Free Software Foundation, Inc.
This is free software; see the source for copying conditions.  There is NO
warranty; not even for MERCHANTABILITY or FITNESS FOR A PARTICULAR PURPOSE.

configure:2745: $? = 0
configure:2734: gcc -v >&5
Using built-in specs.
Target: i686-redhat-linux
Configured with: ../configure --prefix=/usr --mandir=/usr/share/man --infodir=/usr/share/info --with-bugurl=http://bugzilla.redhat.com/bugzilla --enable-bootstrap --enable-shared --enable-threads=posix --enable-checking=release --with-system-zlib --enable-__cxa_atexit --disable-libunwind-exceptions --enable-gnu-unique-object --enable-languages=c,c++,objc,obj-c++,java,fortran,ada --enable-java-awt=gtk --disable-dssi --with-java-home=/usr/lib/jvm/java-1.5.0-gcj-1.5.0.0/jre --enable-libgcj-multifile --enable-java-maintainer-mode --with-ecj-jar=/usr/share/java/eclipse-ecj.jar --disable-libjava-multilib --with-ppl --with-cloog --with-tune=generic --with-arch=i686 --build=i686-redhat-linux
Thread model: posix
gcc version 4.4.7 20120313 (Red Hat 4.4.7-18) (GCC) 
configure:2745: $? = 0
configure:2734: gcc -V >&5
gcc: '-V' option must have argument
configure:2745: $? = 1
configure:2734: gcc -qversion >&5
gcc: unrecognized option '-qversion'
gcc: no input files
configure:2745: $? = 1
configure:2765: checking for C compiler default output file name
configure:2787: gcc -g -O2    conftest.c  >&5
configure:2791: $? = 0
configure:2828: result: a.out
configure:2844: checking whether the C compiler works
configure:2853: ./a.out
configure:2857: $? = 0
configure:2872: result: yes
configure:2879: checking whether we are cross compiling
configure:2881: result: no
configure:2884: checking for suffix of executables
configure:2891: gcc -o conftest -g -O2    conftest.c  >&5
configure:2895: $? = 0
configure:2917: result: 
configure:2923: checking for suffix of object files
configure:2945: gcc -c -g -O2  conftest.c >&5
configure:2949: $? = 0
configure:2970: result: o
configure:2974: checking whether we are using the GNU C compiler
configure:2993: gcc -c -g -O2  conftest.c >&5
configure:2993: $? = 0
configure:3002: result: yes
configure:3011: checking whether gcc accepts -g
configure:3031: gcc -c -g  conftest.c >&5
configure:3031: $? = 0
configure:3072: result: yes
configure:3089: checking for gcc option to accept ISO C89
configure:3153: gcc  -c -g -O2  conftest.c >&5
configure:3153: $? = 0
configure:3166: result: none needed
configure:3187: checking for library containing strerror
configure:3218: gcc -o conftest -g -O2    conftest.c  >&5
configure:3218: $? = 0
configure:3235: result: none required
configure:3260: checking for a BSD-compatible install
configure:3328: result: /usr/bin/install -c
configure:3339: checking whether build environment is sane
configure:3389: result: yes
configure:3530: checking for a thread-safe mkdir -p
configure:3569: result: /bin/mkdir -p
configure:3582: checking for gawk
configure:3609: result: gawk
configure:3620: checking whether make sets $(MAKE)
configure:3642: result: yes
configure:3672: checking for style of include used by make
configure:3700: result: GNU
configure:3786: checking dependency style of gcc
configure:3897: result: gcc3
configure:3922: checking for i686-pc-linux-gnu-gcc
configure:3949: result: gcc
configure:4218: checking for C compiler version
configure:4227: gcc --version >&5
gcc (GCC) 4.4.7 20120313 (Red Hat 4.4.7-18)
Copyright (C) 2010 Free Software Foundation, Inc.
This is free software; see the source for copying conditions.  There is NO
warranty; not even for MERCHANTABILITY or FITNESS FOR A PARTICULAR PURPOSE.

configure:4238: $? = 0
configure:4227: gcc -v >&5
Using built-in specs.
Target: i686-redhat-linux
Configured with: ../configure --prefix=/usr --mandir=/usr/share/man --infodir=/usr/share/info --with-bugurl=http://bugzilla.redhat.com/bugzilla --enable-bootstrap --enable-shared --enable-threads=posix --enable-checking=release --with-system-zlib --enable-__cxa_atexit --disable-libunwind-exceptions --enable-gnu-unique-object --enable-languages=c,c++,objc,obj-c++,java,fortran,ada --enable-java-awt=gtk --disable-dssi --with-java-home=/usr/lib/jvm/java-1.5.0-gcj-1.5.0.0/jre --enable-libgcj-multifile --enable-java-maintainer-mode --with-ecj-jar=/usr/share/java/eclipse-ecj.jar --disable-libjava-multilib --with-ppl --with-cloog --with-tune=generic --with-arch=i686 --build=i686-redhat-linux
Thread model: posix
gcc version 4.4.7 20120313 (Red Hat 4.4.7-18) (GCC) 
configure:4238: $? = 0
configure:4227: gcc -V >&5
gcc: '-V' option must have argument
configure:4238: $? = 1
configure:4227: gcc -qversion >&5
gcc: unrecognized option '-qversion'
gcc: no input files
configure:4238: $? = 1
configure:4242: checking whether we are using the GNU C compiler
configure:4270: result: yes
configure:4279: checking whether gcc accepts -g
configure:4340: result: yes
configure:4357: checking for gcc option to accept ISO C89
configure:4434: result: none needed
configure:4459: checking how to run the C preprocessor
configure:4490: gcc -E  conftest.c
configure:4490: $? = 0
configure:4504: gcc -E  conftest.c
conftest.c:11:28: error: ac_nonexistent.h: No such file or directory
configure:4504: $? = 1
configure: failed program was:
| /* confdefs.h */
| #define PACKAGE_NAME "gas"
| #define PACKAGE_TARNAME "gas"
| #define PACKAGE_VERSION "2.30"
| #define PACKAGE_STRING "gas 2.30"
| #define PACKAGE_BUGREPORT ""
| #define PACKAGE_URL ""
| #define PACKAGE "gas"
| #define VERSION "2.30"
| /* end confdefs.h.  */
| #include <ac_nonexistent.h>
configure:4529: result: gcc -E
configure:4549: gcc -E  conftest.c
configure:4549: $? = 0
configure:4563: gcc -E  conftest.c
conftest.c:11:28: error: ac_nonexistent.h: No such file or directory
configure:4563: $? = 1
configure: failed program was:
| /* confdefs.h */
| #define PACKAGE_NAME "gas"
| #define PACKAGE_TARNAME "gas"
| #define PACKAGE_VERSION "2.30"
| #define PACKAGE_STRING "gas 2.30"
| #define PACKAGE_BUGREPORT ""
| #define PACKAGE_URL ""
| #define PACKAGE "gas"
| #define VERSION "2.30"
| /* end confdefs.h.  */
| #include <ac_nonexistent.h>
configure:4592: checking for grep that handles long lines and -e
configure:4650: result: /bin/grep
configure:4655: checking for egrep
configure:4717: result: /bin/grep -E
configure:4722: checking for ANSI C header files
configure:4742: gcc -c -g -O2  conftest.c >&5
configure:4742: $? = 0
configure:4815: gcc -o conftest -g -O2    conftest.c  >&5
configure:4815: $? = 0
configure:4815: ./conftest
configure:4815: $? = 0
configure:4826: result: yes
configure:4839: checking for sys/types.h
configure:4839: gcc -c -g -O2  conftest.c >&5
configure:4839: $? = 0
configure:4839: result: yes
configure:4839: checking for sys/stat.h
configure:4839: gcc -c -g -O2  conftest.c >&5
configure:4839: $? = 0
configure:4839: result: yes
configure:4839: checking for stdlib.h
configure:4839: gcc -c -g -O2  conftest.c >&5
configure:4839: $? = 0
configure:4839: result: yes
configure:4839: checking for string.h
configure:4839: gcc -c -g -O2  conftest.c >&5
configure:4839: $? = 0
configure:4839: result: yes
configure:4839: checking for memory.h
configure:4839: gcc -c -g -O2  conftest.c >&5
configure:4839: $? = 0
configure:4839: result: yes
configure:4839: checking for strings.h
configure:4839: gcc -c -g -O2  conftest.c >&5
configure:4839: $? = 0
configure:4839: result: yes
configure:4839: checking for inttypes.h
configure:4839: gcc -c -g -O2  conftest.c >&5
configure:4839: $? = 0
configure:4839: result: yes
configure:4839: checking for stdint.h
configure:4839: gcc -c -g -O2  conftest.c >&5
configure:4839: $? = 0
configure:4839: result: yes
configure:4839: checking for unistd.h
configure:4839: gcc -c -g -O2  conftest.c >&5
configure:4839: $? = 0
configure:4839: result: yes
configure:4853: checking minix/config.h usability
configure:4853: gcc -c -g -O2  conftest.c >&5
conftest.c:54:26: error: minix/config.h: No such file or directory
configure:4853: $? = 1
configure: failed program was:
| /* confdefs.h */
| #define PACKAGE_NAME "gas"
| #define PACKAGE_TARNAME "gas"
| #define PACKAGE_VERSION "2.30"
| #define PACKAGE_STRING "gas 2.30"
| #define PACKAGE_BUGREPORT ""
| #define PACKAGE_URL ""
| #define PACKAGE "gas"
| #define VERSION "2.30"
| #define STDC_HEADERS 1
| #define HAVE_SYS_TYPES_H 1
| #define HAVE_SYS_STAT_H 1
| #define HAVE_STDLIB_H 1
| #define HAVE_STRING_H 1
| #define HAVE_MEMORY_H 1
| #define HAVE_STRINGS_H 1
| #define HAVE_INTTYPES_H 1
| #define HAVE_STDINT_H 1
| #define HAVE_UNISTD_H 1
| /* end confdefs.h.  */
| #include <stdio.h>
| #ifdef HAVE_SYS_TYPES_H
| # include <sys/types.h>
| #endif
| #ifdef HAVE_SYS_STAT_H
| # include <sys/stat.h>
| #endif
| #ifdef STDC_HEADERS
| # include <stdlib.h>
| # include <stddef.h>
| #else
| # ifdef HAVE_STDLIB_H
| #  include <stdlib.h>
| # endif
| #endif
| #ifdef HAVE_STRING_H
| # if !defined STDC_HEADERS && defined HAVE_MEMORY_H
| #  include <memory.h>
| # endif
| # include <string.h>
| #endif
| #ifdef HAVE_STRINGS_H
| # include <strings.h>
| #endif
| #ifdef HAVE_INTTYPES_H
| # include <inttypes.h>
| #endif
| #ifdef HAVE_STDINT_H
| # include <stdint.h>
| #endif
| #ifdef HAVE_UNISTD_H
| # include <unistd.h>
| #endif
| #include <minix/config.h>
configure:4853: result: no
configure:4853: checking minix/config.h presence
configure:4853: gcc -E  conftest.c
conftest.c:21:26: error: minix/config.h: No such file or directory
configure:4853: $? = 1
configure: failed program was:
| /* confdefs.h */
| #define PACKAGE_NAME "gas"
| #define PACKAGE_TARNAME "gas"
| #define PACKAGE_VERSION "2.30"
| #define PACKAGE_STRING "gas 2.30"
| #define PACKAGE_BUGREPORT ""
| #define PACKAGE_URL ""
| #define PACKAGE "gas"
| #define VERSION "2.30"
| #define STDC_HEADERS 1
| #define HAVE_SYS_TYPES_H 1
| #define HAVE_SYS_STAT_H 1
| #define HAVE_STDLIB_H 1
| #define HAVE_STRING_H 1
| #define HAVE_MEMORY_H 1
| #define HAVE_STRINGS_H 1
| #define HAVE_INTTYPES_H 1
| #define HAVE_STDINT_H 1
| #define HAVE_UNISTD_H 1
| /* end confdefs.h.  */
| #include <minix/config.h>
configure:4853: result: no
configure:4853: checking for minix/config.h
configure:4853: result: no
configure:4874: checking whether it is safe to define __EXTENSIONS__
configure:4892: gcc -c -g -O2  conftest.c >&5
configure:4892: $? = 0
configure:4899: result: yes
configure:4962: checking how to print strings
configure:4989: result: printf
configure:5010: checking for a sed that does not truncate output
configure:5074: result: /bin/sed
configure:5092: checking for fgrep
configure:5154: result: /bin/grep -F
configure:5189: checking for ld used by gcc
configure:5256: result: ld
configure:5263: checking if the linker (ld) is GNU ld
configure:5278: result: yes
configure:5290: checking for BSD- or MS-compatible name lister (nm)
configure:5339: result: nm
configure:5469: checking the name lister (nm) interface
configure:5476: gcc -c -g -O2  conftest.c >&5
configure:5479: nm "conftest.o"
configure:5482: output
00000000 B some_variable
configure:5489: result: BSD nm
configure:5492: checking whether ln -s works
configure:5496: result: yes
configure:5504: checking the maximum length of command line arguments
configure:5629: result: 1966080
configure:5646: checking whether the shell understands some XSI constructs
configure:5656: result: yes
configure:5660: checking whether the shell understands "+="
configure:5666: result: yes
configure:5701: checking for ld option to reload object files
configure:5708: result: -r
configure:5737: checking for i686-pc-linux-gnu-objdump
configure:5764: result: objdump
configure:5836: checking how to recognize dependent libraries
configure:6037: result: pass_all
configure:6057: checking for i686-pc-linux-gnu-ar
configure:6084: result: ar
configure:6162: checking for i686-pc-linux-gnu-strip
configure:6192: result: no
configure:6202: checking for strip
configure:6218: found /usr/bin/strip
configure:6229: result: strip
configure:6261: checking for i686-pc-linux-gnu-ranlib
configure:6288: result: ranlib
configure:6430: checking command to parse nm output from gcc object
configure:6548: gcc -c -g -O2  conftest.c >&5
configure:6551: $? = 0
configure:6555: nm conftest.o \| sed -n -e 's/^.*[ ]\([ABCDGIRSTW][ABCDGIRSTW]*\)[ ][ ]*\([_A-Za-z][_A-Za-z0-9]*\)$/\1 \2 \2/p' \> conftest.nm
configure:6558: $? = 0
configure:6612: gcc -o conftest -g -O2    conftest.c conftstm.o >&5
configure:6615: $? = 0
configure:6653: result: ok
configure:7501: checking for dlfcn.h
configure:7501: gcc -c -g -O2  conftest.c >&5
configure:7501: $? = 0
configure:7501: result: yes
configure:7688: checking for objdir
configure:7703: result: .libs
configure:7974: checking if gcc supports -fno-rtti -fno-exceptions
configure:7992: gcc -c -g -O2  -fno-rtti -fno-exceptions conftest.c >&5
cc1: warning: command line option "-fno-rtti" is valid for C++/ObjC++ but not for C
configure:7996: $? = 0
configure:8009: result: no
configure:8029: checking for gcc option to produce PIC
configure:8315: result: -fPIC -DPIC
configure:8327: checking if gcc PIC flag -fPIC -DPIC works
configure:8345: gcc -c -g -O2  -fPIC -DPIC -DPIC conftest.c >&5
configure:8349: $? = 0
configure:8362: result: yes
configure:8386: checking if gcc static flag -static works
configure:8414: result: no
configure:8429: checking if gcc supports -c -o file.o
configure:8450: gcc -c -g -O2  -o out/conftest2.o conftest.c >&5
configure:8454: $? = 0
configure:8476: result: yes
configure:8484: checking if gcc supports -c -o file.o
configure:8531: result: yes
configure:8564: checking whether the gcc linker (ld) supports shared libraries
configure:9635: result: yes
configure:9672: checking whether -lc should be explicitly linked in
configure:9680: gcc -c -g -O2  conftest.c >&5
configure:9683: $? = 0
configure:9698: gcc -shared  -fPIC -DPIC conftest.o  -v -Wl,-soname -Wl,conftest -o conftest 2\>\&1 \| /bin/grep  -lc  \>/dev/null 2\>\&1
configure:9701: $? = 0
configure:9715: result: no
configure:9880: checking dynamic linker characteristics
configure:10331: gcc -o conftest -g -O2    -Wl,-rpath -Wl,/foo conftest.c  >&5
configure:10331: $? = 0
configure:10553: result: GNU/Linux ld.so
configure:10660: checking how to hardcode library paths into programs
configure:10685: result: immediate
configure:11225: checking whether stripping libraries is possible
configure:11230: result: yes
configure:11265: checking if libtool supports shared libraries
configure:11267: result: yes
configure:11270: checking whether to build shared libraries
configure:11291: result: yes
configure:11294: checking whether to build static libraries
configure:11298: result: yes
configure:11346: checking for dlfcn.h
configure:11346: result: yes
configure:11359: checking for windows.h
configure:11359: gcc -c -g -O2  conftest.c >&5
conftest.c:63:21: error: windows.h: No such file or directory
configure:11359: $? = 1
configure: failed program was:
| /* confdefs.h */
| #define PACKAGE_NAME "gas"
| #define PACKAGE_TARNAME "gas"
| #define PACKAGE_VERSION "2.30"
| #define PACKAGE_STRING "gas 2.30"
| #define PACKAGE_BUGREPORT ""
| #define PACKAGE_URL ""
| #define PACKAGE "gas"
| #define VERSION "2.30"
| #define STDC_HEADERS 1
| #define HAVE_SYS_TYPES_H 1
| #define HAVE_SYS_STAT_H 1
| #define HAVE_STDLIB_H 1
| #define HAVE_STRING_H 1
| #define HAVE_MEMORY_H 1
| #define HAVE_STRINGS_H 1
| #define HAVE_INTTYPES_H 1
| #define HAVE_STDINT_H 1
| #define HAVE_UNISTD_H 1
| #define __EXTENSIONS__ 1
| #define _ALL_SOURCE 1
| #define _GNU_SOURCE 1
| #define _POSIX_PTHREAD_SEMANTICS 1
| #define _TANDEM_SOURCE 1
| #define HAVE_DLFCN_H 1
| #define LT_OBJDIR ".libs/"
| #define HAVE_DLFCN_H 1
| /* end confdefs.h.  */
| #include <stdio.h>
| #ifdef HAVE_SYS_TYPES_H
| # include <sys/types.h>
| #endif
| #ifdef HAVE_SYS_STAT_H
| # include <sys/stat.h>
| #endif
| #ifdef STDC_HEADERS
| # include <stdlib.h>
| # include <stddef.h>
| #else
| # ifdef HAVE_STDLIB_H
| #  include <stdlib.h>
| # endif
| #endif
| #ifdef HAVE_STRING_H
| # if !defined STDC_HEADERS && defined HAVE_MEMORY_H
| #  include <memory.h>
| # endif
| # include <string.h>
| #endif
| #ifdef HAVE_STRINGS_H
| # include <strings.h>
| #endif
| #ifdef HAVE_INTTYPES_H
| # include <inttypes.h>
| #endif
| #ifdef HAVE_STDINT_H
| # include <stdint.h>
| #endif
| #ifdef HAVE_UNISTD_H
| # include <unistd.h>
| #endif
| 
| #include <windows.h>
configure:11359: result: no
configure:11386: checking for library containing dlopen
configure:11417: gcc -o conftest -g -O2    conftest.c  >&5
/tmp/ccjrriRK.o: In function `main':
/home/liusichao/Promming/tools/binutils-2.30/gas/conftest.c:40: undefined reference to `dlopen'
collect2: ld returned 1 exit status
configure:11417: $? = 1
configure: failed program was:
| /* confdefs.h */
| #define PACKAGE_NAME "gas"
| #define PACKAGE_TARNAME "gas"
| #define PACKAGE_VERSION "2.30"
| #define PACKAGE_STRING "gas 2.30"
| #define PACKAGE_BUGREPORT ""
| #define PACKAGE_URL ""
| #define PACKAGE "gas"
| #define VERSION "2.30"
| #define STDC_HEADERS 1
| #define HAVE_SYS_TYPES_H 1
| #define HAVE_SYS_STAT_H 1
| #define HAVE_STDLIB_H 1
| #define HAVE_STRING_H 1
| #define HAVE_MEMORY_H 1
| #define HAVE_STRINGS_H 1
| #define HAVE_INTTYPES_H 1
| #define HAVE_STDINT_H 1
| #define HAVE_UNISTD_H 1
| #define __EXTENSIONS__ 1
| #define _ALL_SOURCE 1
| #define _GNU_SOURCE 1
| #define _POSIX_PTHREAD_SEMANTICS 1
| #define _TANDEM_SOURCE 1
| #define HAVE_DLFCN_H 1
| #define LT_OBJDIR ".libs/"
| #define HAVE_DLFCN_H 1
| /* end confdefs.h.  */
| 
| /* Override any GCC internal prototype to avoid an error.
|    Use char because int might match the return type of a GCC
|    builtin and then its argument prototype would still apply.  */
| #ifdef __cplusplus
| extern "C"
| #endif
| char dlopen ();
| int
| main ()
| {
| return dlopen ();
|   ;
|   return 0;
| }
configure:11417: gcc -o conftest -g -O2    conftest.c -ldl   >&5
configure:11417: $? = 0
configure:11434: result: -ldl
configure:11465: checking for special C compiler options needed for large files
configure:11510: result: no
configure:11516: checking for _FILE_OFFSET_BITS value needed for large files
configure:11541: gcc -c -g -O2  conftest.c >&5
conftest.c:35: warning: left shift count >= width of type
conftest.c:35: warning: left shift count >= width of type
conftest.c:37: error: size of array 'off_t_is_large' is negative
configure:11541: $? = 1
configure: failed program was:
| /* confdefs.h */
| #define PACKAGE_NAME "gas"
| #define PACKAGE_TARNAME "gas"
| #define PACKAGE_VERSION "2.30"
| #define PACKAGE_STRING "gas 2.30"
| #define PACKAGE_BUGREPORT ""
| #define PACKAGE_URL ""
| #define PACKAGE "gas"
| #define VERSION "2.30"
| #define STDC_HEADERS 1
| #define HAVE_SYS_TYPES_H 1
| #define HAVE_SYS_STAT_H 1
| #define HAVE_STDLIB_H 1
| #define HAVE_STRING_H 1
| #define HAVE_MEMORY_H 1
| #define HAVE_STRINGS_H 1
| #define HAVE_INTTYPES_H 1
| #define HAVE_STDINT_H 1
| #define HAVE_UNISTD_H 1
| #define __EXTENSIONS__ 1
| #define _ALL_SOURCE 1
| #define _GNU_SOURCE 1
| #define _POSIX_PTHREAD_SEMANTICS 1
| #define _TANDEM_SOURCE 1
| #define HAVE_DLFCN_H 1
| #define LT_OBJDIR ".libs/"
| #define HAVE_DLFCN_H 1
| /* end confdefs.h.  */
| #include <sys/types.h>
|  /* Check that off_t can represent 2**63 - 1 correctly.
|     We can't simply define LARGE_OFF_T to be 9223372036854775807,
|     since some C++ compilers masquerading as C compilers
|     incorrectly reject 9223372036854775807.  */
| #define LARGE_OFF_T (((off_t) 1 << 62) - 1 + ((off_t) 1 << 62))
|   int off_t_is_large[(LARGE_OFF_T % 2147483629 == 721
| 		       && LARGE_OFF_T % 2147483647 == 1)
| 		      ? 1 : -1];
| int
| main ()
| {
| 
|   ;
|   return 0;
| }
configure:11565: gcc -c -g -O2  conftest.c >&5
configure:11565: $? = 0
configure:11573: result: 64
configure:11657: checking how to compare bootstrapped objects
configure:11682: result: cmp --ignore-initial=16 $$f1 $$f2
configure:11940: checking whether byte ordering is bigendian
configure:11955: gcc -c -g -O2  conftest.c >&5
conftest.c:32: error: expected '=', ',', ';', 'asm' or '__attribute__' before 'a'
configure:11955: $? = 1
configure: failed program was:
| /* confdefs.h */
| #define PACKAGE_NAME "gas"
| #define PACKAGE_TARNAME "gas"
| #define PACKAGE_VERSION "2.30"
| #define PACKAGE_STRING "gas 2.30"
| #define PACKAGE_BUGREPORT ""
| #define PACKAGE_URL ""
| #define PACKAGE "gas"
| #define VERSION "2.30"
| #define STDC_HEADERS 1
| #define HAVE_SYS_TYPES_H 1
| #define HAVE_SYS_STAT_H 1
| #define HAVE_STDLIB_H 1
| #define HAVE_STRING_H 1
| #define HAVE_MEMORY_H 1
| #define HAVE_STRINGS_H 1
| #define HAVE_INTTYPES_H 1
| #define HAVE_STDINT_H 1
| #define HAVE_UNISTD_H 1
| #define __EXTENSIONS__ 1
| #define _ALL_SOURCE 1
| #define _GNU_SOURCE 1
| #define _POSIX_PTHREAD_SEMANTICS 1
| #define _TANDEM_SOURCE 1
| #define HAVE_DLFCN_H 1
| #define LT_OBJDIR ".libs/"
| #define HAVE_DLFCN_H 1
| #define _FILE_OFFSET_BITS 64
| #define ENABLE_CHECKING 1
| /* end confdefs.h.  */
| #ifndef __APPLE_CC__
| 	       not a universal capable compiler
| 	     #endif
| 	     typedef int dummy;
| 
configure:12000: gcc -c -g -O2  conftest.c >&5
configure:12000: $? = 0
configure:12018: gcc -c -g -O2  conftest.c >&5
conftest.c: In function 'main':
conftest.c:38: error: 'not' undeclared (first use in this function)
conftest.c:38: error: (Each undeclared identifier is reported only once
conftest.c:38: error: for each function it appears in.)
conftest.c:38: error: expected ';' before 'big'
configure:12018: $? = 1
configure: failed program was:
| /* confdefs.h */
| #define PACKAGE_NAME "gas"
| #define PACKAGE_TARNAME "gas"
| #define PACKAGE_VERSION "2.30"
| #define PACKAGE_STRING "gas 2.30"
| #define PACKAGE_BUGREPORT ""
| #define PACKAGE_URL ""
| #define PACKAGE "gas"
| #define VERSION "2.30"
| #define STDC_HEADERS 1
| #define HAVE_SYS_TYPES_H 1
| #define HAVE_SYS_STAT_H 1
| #define HAVE_STDLIB_H 1
| #define HAVE_STRING_H 1
| #define HAVE_MEMORY_H 1
| #define HAVE_STRINGS_H 1
| #define HAVE_INTTYPES_H 1
| #define HAVE_STDINT_H 1
| #define HAVE_UNISTD_H 1
| #define __EXTENSIONS__ 1
| #define _ALL_SOURCE 1
| #define _GNU_SOURCE 1
| #define _POSIX_PTHREAD_SEMANTICS 1
| #define _TANDEM_SOURCE 1
| #define HAVE_DLFCN_H 1
| #define LT_OBJDIR ".libs/"
| #define HAVE_DLFCN_H 1
| #define _FILE_OFFSET_BITS 64
| #define ENABLE_CHECKING 1
| /* end confdefs.h.  */
| #include <sys/types.h>
| 		#include <sys/param.h>
| 
| int
| main ()
| {
| #if BYTE_ORDER != BIG_ENDIAN
| 		 not big endian
| 		#endif
| 
|   ;
|   return 0;
| }
configure:12146: result: no
configure:12967: checking for bison
configure:12994: result: /home/liusichao/Promming/tools/binutils-2.30/missing bison -y
configure:13010: checking for flex
configure:13037: result: /home/liusichao/Promming/tools/binutils-2.30/missing flex
configure:13182: checking whether NLS is requested
configure:13188: result: yes
configure:13194: checking for catalogs to be installed
configure:13226: result:  es fi fr id ja ru rw sv tr uk zh_CN es fi fr id ja ru rw sv tr uk zh_CN
configure:13253: checking whether NLS is requested
configure:13262: result: yes
configure:13300: checking for msgfmt
configure:13334: result: no
configure:13340: checking for gmsgfmt
configure:13371: result: :
configure:13411: checking for xgettext
configure:13445: result: no
configure:13482: checking for msgmerge
configure:13515: result: no
configure:13549: checking whether to enable maintainer-specific portions of Makefiles
configure:13558: result: no
configure:13584: checking for string.h
configure:13584: result: yes
configure:13584: checking for stdlib.h
configure:13584: result: yes
configure:13584: checking for memory.h
configure:13584: result: yes
configure:13584: checking for strings.h
configure:13584: result: yes
configure:13584: checking for unistd.h
configure:13584: result: yes
configure:13584: checking errno.h usability
configure:13584: gcc -c -g -O2  conftest.c >&5
configure:13584: $? = 0
configure:13584: result: yes
configure:13584: checking errno.h presence
configure:13584: gcc -E  conftest.c
configure:13584: $? = 0
configure:13584: result: yes
configure:13584: checking for errno.h
configure:13584: result: yes
configure:13584: checking for sys/types.h
configure:13584: result: yes
configure:13584: checking limits.h usability
configure:13584: gcc -c -g -O2  conftest.c >&5
configure:13584: $? = 0
configure:13584: result: yes
configure:13584: checking limits.h presence
configure:13584: gcc -E  conftest.c
configure:13584: $? = 0
configure:13584: result: yes
configure:13584: checking for limits.h
configure:13584: result: yes
configure:13584: checking locale.h usability
configure:13584: gcc -c -g -O2  conftest.c >&5
configure:13584: $? = 0
configure:13584: result: yes
configure:13584: checking locale.h presence
configure:13584: gcc -E  conftest.c
configure:13584: $? = 0
configure:13584: result: yes
configure:13584: checking for locale.h
configure:13584: result: yes
configure:13584: checking time.h usability
configure:13584: gcc -c -g -O2  conftest.c >&5
configure:13584: $? = 0
configure:13584: result: yes
configure:13584: checking time.h presence
configure:13584: gcc -E  conftest.c
configure:13584: $? = 0
configure:13584: result: yes
configure:13584: checking for time.h
configure:13584: result: yes
configure:13584: checking for sys/stat.h
configure:13584: result: yes
configure:13595: checking whether string.h and strings.h may both be included
configure:13612: gcc -c -g -O2  conftest.c >&5
configure:13612: $? = 0
configure:13619: result: yes
configure:13630: checking whether compiling a cross-assembler
configure:13640: result: no
configure:13645: checking for working alloca.h
configure:13662: gcc -o conftest -g -O2    conftest.c -ldl  >&5
configure:13662: $? = 0
configure:13670: result: yes
configure:13678: checking for alloca
configure:13715: gcc -o conftest -g -O2    conftest.c -ldl  >&5
configure:13715: $? = 0
configure:13723: result: yes
configure:13833: checking for inline
configure:13849: gcc -c -g -O2  conftest.c >&5
configure:13849: $? = 0
configure:13857: result: inline
configure:13880: checking for unlink
configure:13880: gcc -o conftest -g -O2    conftest.c -ldl  >&5
configure:13880: $? = 0
configure:13880: result: yes
configure:13893: checking for sbrk
configure:13893: gcc -o conftest -g -O2    conftest.c -ldl  >&5
configure:13893: $? = 0
configure:13893: result: yes
configure:13893: checking for setlocale
configure:13893: gcc -o conftest -g -O2    conftest.c -ldl  >&5
configure:13893: $? = 0
configure:13893: result: yes
configure:13905: checking for strsignal
configure:13905: gcc -o conftest -g -O2    conftest.c -ldl  >&5
configure:13905: $? = 0
configure:13905: result: yes
configure:13916: checking for LC_MESSAGES
configure:13932: gcc -o conftest -g -O2    conftest.c -ldl  >&5
configure:13932: $? = 0
configure:13940: result: yes
configure:14091: checking for working assert macro
configure:14116: gcc -o conftest -g -O2    conftest.c -ldl  >&5
configure:14116: $? = 0
configure:14124: result: yes
configure:14156: checking whether declaration is required for errno
configure:14180: gcc -o conftest -g -O2    conftest.c -ldl  >&5
configure:14180: $? = 0
configure:14188: result: no
configure:14197: checking for a known getopt prototype in unistd.h
configure:14213: gcc -c -g -O2  conftest.c >&5
configure:14213: $? = 0
configure:14221: result: yes
configure:14230: checking whether declaration is required for environ
configure:14250: gcc -o conftest -g -O2    conftest.c -ldl  >&5
configure:14250: $? = 0
configure:14258: result: no
configure:14267: checking whether declaration is required for ffs
configure:14287: gcc -o conftest -g -O2    conftest.c -ldl  >&5
configure:14287: $? = 0
configure:14295: result: no
configure:14304: checking whether declaration is required for free
configure:14324: gcc -o conftest -g -O2    conftest.c -ldl  >&5
configure:14324: $? = 0
configure:14332: result: no
configure:14341: checking whether declaration is required for malloc
configure:14361: gcc -o conftest -g -O2    conftest.c -ldl  >&5
configure:14361: $? = 0
configure:14369: result: no
configure:14378: checking whether declaration is required for sbrk
configure:14398: gcc -o conftest -g -O2    conftest.c -ldl  >&5
configure:14398: $? = 0
configure:14406: result: no
configure:14415: checking whether declaration is required for strstr
configure:14435: gcc -o conftest -g -O2    conftest.c -ldl  >&5
configure:14435: $? = 0
configure:14443: result: no
configure:14452: checking whether free is declared
configure:14452: gcc -c -g -O2  conftest.c >&5
configure:14452: $? = 0
configure:14452: result: yes
configure:14462: checking whether getenv is declared
configure:14462: gcc -c -g -O2  conftest.c >&5
configure:14462: $? = 0
configure:14462: result: yes
configure:14472: checking whether malloc is declared
configure:14472: gcc -c -g -O2  conftest.c >&5
configure:14472: $? = 0
configure:14472: result: yes
configure:14482: checking whether mempcpy is declared
configure:14482: gcc -c -g -O2  conftest.c >&5
configure:14482: $? = 0
configure:14482: result: yes
configure:14492: checking whether realloc is declared
configure:14492: gcc -c -g -O2  conftest.c >&5
configure:14492: $? = 0
configure:14492: result: yes
configure:14502: checking whether stpcpy is declared
configure:14502: gcc -c -g -O2  conftest.c >&5
configure:14502: $? = 0
configure:14502: result: yes
configure:14512: checking whether strstr is declared
configure:14512: gcc -c -g -O2  conftest.c >&5
configure:14512: $? = 0
configure:14512: result: yes
configure:14522: checking whether vsnprintf is declared
configure:14522: gcc -c -g -O2  conftest.c >&5
configure:14522: $? = 0
configure:14522: result: yes
configure:14532: checking whether asprintf is declared
configure:14532: gcc -c -g -O2  conftest.c >&5
configure:14532: $? = 0
configure:14532: result: yes
configure:14574: checking for struct tm.tm_gmtoff in time.h
configure:14592: gcc -c -g -O2  conftest.c >&5
configure:14592: $? = 0
configure:14606: result: yes
configure:14612: checking for struct stat.st_mtim.tv_sec in sys/stat.h
configure:14630: gcc -c -g -O2  conftest.c >&5
configure:14630: $? = 0
configure:14644: result: yes
configure:14647: checking for struct stat.st_mtim.tv_nsec in sys/stat.h
configure:14665: gcc -c -g -O2  conftest.c >&5
configure:14665: $? = 0
configure:14679: result: yes
configure:14762: updating cache ./config.cache
configure:14824: creating ./config.status

## ---------------------- ##
## Running config.status. ##
## ---------------------- ##

This file was extended by gas config.status 2.30, which was
generated by GNU Autoconf 2.64.  Invocation command line was

  CONFIG_FILES    = 
  CONFIG_HEADERS  = 
  CONFIG_LINKS    = 
  CONFIG_COMMANDS = 
  $ ./config.status 

on localhost.localdomain

config.status:1179: creating .gdbinit
config.status:1179: creating Makefile
config.status:1179: creating doc/Makefile
config.status:1179: creating po/Makefile.in
config.status:1179: creating config.h
config.status:1399: executing depfiles commands
config.status:1399: executing libtool commands
config.status:1399: executing default-1 commands
config.status:1399: executing default commands

## ---------------- ##
## Cache variables. ##
## ---------------- ##

ac_cv_build=i686-pc-linux-gnu
ac_cv_c_bigendian=no
ac_cv_c_compiler_gnu=yes
ac_cv_c_inline=inline
ac_cv_env_CC_set=set
ac_cv_env_CC_value=gcc
ac_cv_env_CFLAGS_set=set
ac_cv_env_CFLAGS_value='-g -O2'
ac_cv_env_CPPFLAGS_set=
ac_cv_env_CPPFLAGS_value=
ac_cv_env_CPP_set=
ac_cv_env_CPP_value=
ac_cv_env_LDFLAGS_set=set
ac_cv_env_LDFLAGS_value=' '
ac_cv_env_LIBS_set=
ac_cv_env_LIBS_value=
ac_cv_env_YACC_set=set
ac_cv_env_YACC_value='/home/liusichao/Promming/tools/binutils-2.30/missing bison -y'
ac_cv_env_YFLAGS_set=
ac_cv_env_YFLAGS_value=
ac_cv_env_build_alias_set=set
ac_cv_env_build_alias_value=i686-pc-linux-gnu
ac_cv_env_host_alias_set=set
ac_cv_env_host_alias_value=i686-pc-linux-gnu
ac_cv_env_target_alias_set=set
ac_cv_env_target_alias_value=i686-pc-linux-gnu
ac_cv_func_alloca_works=yes
ac_cv_func_sbrk=yes
ac_cv_func_setlocale=yes
ac_cv_func_strsignal=yes
ac_cv_func_unlink=yes
ac_cv_have_decl_asprintf=yes
ac_cv_have_decl_free=yes
ac_cv_have_decl_getenv=yes
ac_cv_have_decl_malloc=yes
ac_cv_have_decl_mempcpy=yes
ac_cv_have_decl_realloc=yes
ac_cv_have_decl_stpcpy=yes
ac_cv_have_decl_strstr=yes
ac_cv_have_decl_vsnprintf=yes
ac_cv_header_dlfcn_h=yes
ac_cv_header_errno_h=yes
ac_cv_header_inttypes_h=yes
ac_cv_header_limits_h=yes
ac_cv_header_locale_h=yes
ac_cv_header_memory_h=yes
ac_cv_header_minix_config_h=no
ac_cv_header_stdc=yes
ac_cv_header_stdint_h=yes
ac_cv_header_stdlib_h=yes
ac_cv_header_string_h=yes
ac_cv_header_strings_h=yes
ac_cv_header_sys_stat_h=yes
ac_cv_header_sys_types_h=yes
ac_cv_header_time_h=yes
ac_cv_header_unistd_h=yes
ac_cv_header_windows_h=no
ac_cv_host=i686-pc-linux-gnu
ac_cv_objext=o
ac_cv_path_EGREP='/bin/grep -E'
ac_cv_path_FGREP='/bin/grep -F'
ac_cv_path_GMSGFMT=:
ac_cv_path_GREP=/bin/grep
ac_cv_path_MSGFMT=:
ac_cv_path_MSGMERGE=:
ac_cv_path_SED=/bin/sed
ac_cv_path_XGETTEXT=:
ac_cv_path_mkdir=/bin/mkdir
ac_cv_prog_AR=ar
ac_cv_prog_AWK=gawk
ac_cv_prog_CC=gcc
ac_cv_prog_CPP='gcc -E'
ac_cv_prog_LEX='/home/liusichao/Promming/tools/binutils-2.30/missing flex'
ac_cv_prog_OBJDUMP=objdump
ac_cv_prog_RANLIB=ranlib
ac_cv_prog_YACC='/home/liusichao/Promming/tools/binutils-2.30/missing bison -y'
ac_cv_prog_ac_ct_STRIP=strip
ac_cv_prog_cc_c89=
ac_cv_prog_cc_g=yes
ac_cv_prog_make_make_set=yes
ac_cv_safe_to_define___extensions__=yes
ac_cv_search_dlopen=-ldl
ac_cv_search_strerror='none required'
ac_cv_sys_file_offset_bits=64
ac_cv_sys_largefile_CC=no
ac_cv_target=i686-pc-linux-gnu
ac_cv_working_alloca_h=yes
am_cv_CC_dependencies_compiler_type=gcc3
am_cv_val_LC_MESSAGES=yes
gas_cv_assert_ok=yes
gas_cv_decl_getopt_unistd_h=yes
gas_cv_decl_needed_environ=no
gas_cv_decl_needed_errno=no
gas_cv_decl_needed_ffs=no
gas_cv_decl_needed_free=no
gas_cv_decl_needed_malloc=no
gas_cv_decl_needed_sbrk=no
gas_cv_decl_needed_strstr=no
gas_cv_have_sys_stat_type_member_st_mtim_tv_nsec=yes
gas_cv_have_sys_stat_type_member_st_mtim_tv_sec=yes
gas_cv_have_time_type_member_tm_gmtoff=yes
gcc_cv_header_string=yes
gcc_cv_prog_cmp_skip='cmp --ignore-initial=16 $$f1 $$f2'
lt_cv_archive_cmds_need_lc=no
lt_cv_deplibs_check_method=pass_all
lt_cv_file_magic_cmd='$MAGIC_CMD'
lt_cv_file_magic_test_file=
lt_cv_ld_reload_flag=-r
lt_cv_nm_interface='BSD nm'
lt_cv_objdir=.libs
lt_cv_path_LD=ld
lt_cv_path_NM=nm
lt_cv_prog_compiler_c_o=yes
lt_cv_prog_compiler_pic_works=yes
lt_cv_prog_compiler_rtti_exceptions=no
lt_cv_prog_compiler_static_works=no
lt_cv_prog_gnu_ld=yes
lt_cv_shlibpath_overrides_runpath=no
lt_cv_sys_global_symbol_pipe='sed -n -e '\''s/^.*[	 ]\([ABCDGIRSTW][ABCDGIRSTW]*\)[	 ][	 ]*\([_A-Za-z][_A-Za-z0-9]*\)$/\1 \2 \2/p'\'''
lt_cv_sys_global_symbol_to_c_name_address='sed -n -e '\''s/^: \([^ ]*\) $/  {\"\1\", (void *) 0},/p'\'' -e '\''s/^[ABCDGIRSTW]* \([^ ]*\) \([^ ]*\)$/  {"\2", (void *) \&\2},/p'\'''
lt_cv_sys_global_symbol_to_c_name_address_lib_prefix='sed -n -e '\''s/^: \([^ ]*\) $/  {\"\1\", (void *) 0},/p'\'' -e '\''s/^[ABCDGIRSTW]* \([^ ]*\) \(lib[^ ]*\)$/  {"\2", (void *) \&\2},/p'\'' -e '\''s/^[ABCDGIRSTW]* \([^ ]*\) \([^ ]*\)$/  {"lib\2", (void *) \&\2},/p'\'''
lt_cv_sys_global_symbol_to_cdecl='sed -n -e '\''s/^T .* \(.*\)$/extern int \1();/p'\'' -e '\''s/^[ABCDGIRSTW]* .* \(.*\)$/extern char \1;/p'\'''
lt_cv_sys_max_cmd_len=1966080

## ----------------- ##
## Output variables. ##
## ----------------- ##

ACLOCAL='${SHELL} /home/liusichao/Promming/tools/binutils-2.30/missing --run aclocal-1.11'
ALLOCA=''
AMDEPBACKSLASH='\'
AMDEP_FALSE='#'
AMDEP_TRUE=''
AMTAR='$${TAR-tar}'
AR='ar'
AUTOCONF='${SHELL} /home/liusichao/Promming/tools/binutils-2.30/missing --run autoconf'
AUTOHEADER='${SHELL} /home/liusichao/Promming/tools/binutils-2.30/missing --run autoheader'
AUTOMAKE='${SHELL} /home/liusichao/Promming/tools/binutils-2.30/missing --run automake-1.11'
AWK='gawk'
CATALOGS=' es.gmo fi.gmo fr.gmo id.gmo ja.gmo ru.gmo rw.gmo sv.gmo tr.gmo uk.gmo zh_CN.gmo es.gmo fi.gmo fr.gmo id.gmo ja.gmo ru.gmo rw.gmo sv.gmo tr.gmo uk.gmo zh_CN.gmo'
CATOBJEXT='.gmo'
CC='gcc'
CCDEPMODE='depmode=gcc3'
CFLAGS='-g -O2'
CPP='gcc -E'
CPPFLAGS=''
CYGPATH_W='echo'
DATADIRNAME='share'
DEFS='-DHAVE_CONFIG_H'
DEPDIR='.deps'
DSYMUTIL=''
DUMPBIN=''
ECHO_C=''
ECHO_N='-n'
ECHO_T=''
EGREP='/bin/grep -E'
EXEEXT=''
FGREP='/bin/grep -F'
GDBINIT='.gdbinit'
GENCAT='gencat'
GENINSRC_NEVER_FALSE=''
GENINSRC_NEVER_TRUE='#'
GMSGFMT=':'
GREP='/bin/grep'
INCINTL=''
INSTALL_DATA='/usr/bin/install -c -m 644'
INSTALL_PROGRAM='/usr/bin/install -c'
INSTALL_SCRIPT='/usr/bin/install -c'
INSTALL_STRIP_PROGRAM='$(install_sh) -c -s'
INSTOBJEXT='.mo'
LD='ld'
LDFLAGS=' '
LEX='/home/liusichao/Promming/tools/binutils-2.30/missing flex'
LEXLIB=''
LEX_OUTPUT_ROOT=''
LIBINTL=''
LIBINTL_DEP=''
LIBM=''
LIBOBJS=''
LIBS='-ldl '
LIBTOOL='$(SHELL) $(top_builddir)/libtool'
LIPO=''
LN_S='ln -s'
LTLIBOBJS=''
MAINT='#'
MAINTAINER_MODE_FALSE=''
MAINTAINER_MODE_TRUE='#'
MAKEINFO='/home/liusichao/Promming/tools/binutils-2.30/missing makeinfo --split-size=5000000'
MKDIR_P='/bin/mkdir -p'
MKINSTALLDIRS='$(top_builddir)/../mkinstalldirs'
MSGFMT=':'
MSGMERGE=':'
NM='nm'
NMEDIT=''
NO_WERROR=''
OBJDUMP='objdump'
OBJEXT='o'
OPCODES_LIB='../opcodes/libopcodes.la'
OTOOL64=''
OTOOL=''
PACKAGE='gas'
PACKAGE_BUGREPORT=''
PACKAGE_NAME='gas'
PACKAGE_STRING='gas 2.30'
PACKAGE_TARNAME='gas'
PACKAGE_URL=''
PACKAGE_VERSION='2.30'
PATH_SEPARATOR=':'
POSUB='po'
RANLIB='ranlib'
SED='/bin/sed'
SET_MAKE=''
SHELL='/bin/sh'
STRIP='strip'
USE_NLS='yes'
VERSION='2.30'
WARN_CFLAGS='-W -Wall -Wstrict-prototypes -Wmissing-prototypes -Wshadow'
WARN_CFLAGS_FOR_BUILD='-W -Wall -Wstrict-prototypes -Wmissing-prototypes -Wshadow'
WARN_WRITE_STRINGS='-Wwrite-strings'
XGETTEXT=':'
YACC='/home/liusichao/Promming/tools/binutils-2.30/missing bison -y'
YFLAGS=''
ac_ct_CC=''
ac_ct_DUMPBIN=''
am__EXEEXT_FALSE=''
am__EXEEXT_TRUE='#'
am__fastdepCC_FALSE='#'
am__fastdepCC_TRUE=''
am__include='include'
am__isrc=''
am__leading_dot='.'
am__nodep='_no'
am__quote=''
am__tar='$${TAR-tar} chof - "$$tardir"'
am__untar='$${TAR-tar} xf -'
atof='ieee'
bindir='${exec_prefix}/bin'
build='i686-pc-linux-gnu'
build_alias='i686-pc-linux-gnu'
build_cpu='i686'
build_os='linux-gnu'
build_vendor='pc'
cgen_cpu_prefix=''
datadir='${datarootdir}'
datarootdir='${prefix}/share'
do_compare='cmp --ignore-initial=16 $$f1 $$f2'
docdir='${datarootdir}/doc/${PACKAGE_TARNAME}'
dvidir='${docdir}'
exec_prefix='${prefix}'
extra_objects=''
host='i686-pc-linux-gnu'
host_alias='i686-pc-linux-gnu'
host_cpu='i686'
host_os='linux-gnu'
host_vendor='pc'
htmldir='${docdir}'
includedir='${prefix}/include'
infodir='${datarootdir}/info'
install_sh='${SHELL} /home/liusichao/Promming/tools/binutils-2.30/install-sh'
install_tooldir='install-exec-tooldir'
libdir='${exec_prefix}/lib'
libexecdir='${exec_prefix}/libexec'
localedir='${datarootdir}/locale'
localstatedir='${prefix}/var'
mandir='${datarootdir}/man'
mkdir_p='/bin/mkdir -p'
obj_format='elf'
oldincludedir='/usr/include'
pdfdir='${docdir}'
prefix='/usr/local'
program_transform_name='s,y,y,'
psdir='${docdir}'
sbindir='${exec_prefix}/sbin'
sharedstatedir='${prefix}/com'
sysconfdir='${prefix}/etc'
target='i686-pc-linux-gnu'
target_alias='i686-pc-linux-gnu'
target_cpu='i686'
target_cpu_type='i386'
target_os='linux-gnu'
target_vendor='pc'
te_file='linux'
zlibdir='-L$(top_builddir)/../zlib'
zlibinc='-I$(top_srcdir)/../zlib'

## ----------- ##
## confdefs.h. ##
## ----------- ##

/* confdefs.h */
#define PACKAGE_NAME "gas"
#define PACKAGE_TARNAME "gas"
#define PACKAGE_VERSION "2.30"
#define PACKAGE_STRING "gas 2.30"
#define PACKAGE_BUGREPORT ""
#define PACKAGE_URL ""
#define PACKAGE "gas"
#define VERSION "2.30"
#define STDC_HEADERS 1
#define HAVE_SYS_TYPES_H 1
#define HAVE_SYS_STAT_H 1
#define HAVE_STDLIB_H 1
#define HAVE_STRING_H 1
#define HAVE_MEMORY_H 1
#define HAVE_STRINGS_H 1
#define HAVE_INTTYPES_H 1
#define HAVE_STDINT_H 1
#define HAVE_UNISTD_H 1
#define __EXTENSIONS__ 1
#define _ALL_SOURCE 1
#define _GNU_SOURCE 1
#define _POSIX_PTHREAD_SEMANTICS 1
#define _TANDEM_SOURCE 1
#define HAVE_DLFCN_H 1
#define LT_OBJDIR ".libs/"
#define HAVE_DLFCN_H 1
#define _FILE_OFFSET_BITS 64
#define ENABLE_CHECKING 1
#define DEFAULT_ARCH "i386"
#define DEFAULT_GENERATE_X86_RELAX_RELOCATIONS 1
#define DEFAULT_GENERATE_ELF_STT_COMMON 0
#define DEFAULT_FLAG_COMPRESS_DEBUG 1
#define EMULATIONS  &i386elf,
#define DEFAULT_EMULATION "i386elf"
#define TARGET_ALIAS "i686-pc-linux-gnu"
#define TARGET_CANONICAL "i686-pc-linux-gnu"
#define TARGET_CPU "i686"
#define TARGET_VENDOR "pc"
#define TARGET_OS "linux-gnu"
#define ENABLE_NLS 1
#define HAVE_STRING_H 1
#define HAVE_STDLIB_H 1
#define HAVE_MEMORY_H 1
#define HAVE_STRINGS_H 1
#define HAVE_UNISTD_H 1
#define HAVE_ERRNO_H 1
#define HAVE_SYS_TYPES_H 1
#define HAVE_LIMITS_H 1
#define HAVE_LOCALE_H 1
#define HAVE_TIME_H 1
#define HAVE_SYS_STAT_H 1
#define STRING_WITH_STRINGS 1
#define HAVE_ALLOCA_H 1
#define HAVE_ALLOCA 1
#define HAVE_UNLINK 1
#define HAVE_SBRK 1
#define HAVE_SETLOCALE 1
#define HAVE_STRSIGNAL 1
#define HAVE_LC_MESSAGES 1
#define HAVE_DECL_GETOPT 1
#define HAVE_DECL_FREE 1
#define HAVE_DECL_GETENV 1
#define HAVE_DECL_MALLOC 1
#define HAVE_DECL_MEMPCPY 1
#define HAVE_DECL_REALLOC 1
#define HAVE_DECL_STPCPY 1
#define HAVE_DECL_STRSTR 1
#define HAVE_DECL_VSNPRINTF 1
#define HAVE_DECL_ASPRINTF 1
#define HAVE_TM_GMTOFF 1
#define HAVE_ST_MTIM_TV_SEC 1
#define HAVE_ST_MTIM_TV_NSEC 1

configure: exit 0
