This file contains any messages produced by compilers while
running configure, to aid debugging if configure makes a mistake.

It was created by libDebug configure 0.1.1, which was
generated by GNU Autoconf 2.59.  Invocation command line was

  $ ./configure --prefix=/usr/local --cache-file=/dev/null --srcdir=.

## --------- ##
## Platform. ##
## --------- ##

hostname = localhost.localdomain
uname -m = i686
uname -r = 2.6.32-696.23.1.el6.i686
uname -s = Linux
uname -v = #1 SMP Tue Mar 13 23:09:35 UTC 2018

/usr/bin/uname -p = unknown
/bin/uname -X     = unknown

/bin/arch              = i686
/usr/bin/arch -k       = unknown
/usr/convex/getsysinfo = unknown
hostinfo               = unknown
/bin/machine           = unknown
/usr/bin/oslevel       = unknown
/bin/universe          = unknown

PATH: /usr/lib/qt-3.3/bin
PATH: /usr/local/bin
PATH: /usr/bin
PATH: /bin
PATH: /usr/local/sbin
PATH: /usr/sbin
PATH: /sbin
PATH: /home/liusichao/bin


## ----------- ##
## Core tests. ##
## ----------- ##

configure:1323: checking for a BSD-compatible install
configure:1378: result: /usr/bin/install -c
configure:1389: checking whether build environment is sane
configure:1432: result: yes
configure:1497: checking for gawk
configure:1513: found /usr/bin/gawk
configure:1523: result: gawk
configure:1533: checking whether make sets $(MAKE)
configure:1553: result: yes
configure:1721: checking whether to enable maintainer-specific portions of Makefiles
configure:1730: result: no
configure:1752: checking build system type
configure:1770: result: i686-pc-linux-gnu
configure:1778: checking host system type
configure:1792: result: i686-pc-linux-gnu
configure:1916: checking for gcc
configure:1932: found /usr/bin/gcc
configure:1942: result: gcc
configure:2186: checking for C compiler version
configure:2189: gcc --version </dev/null >&5
gcc (GCC) 4.4.7 20120313 (Red Hat 4.4.7-18)
Copyright (C) 2010 Free Software Foundation, Inc.
This is free software; see the source for copying conditions.  There is NO
warranty; not even for MERCHANTABILITY or FITNESS FOR A PARTICULAR PURPOSE.

configure:2192: $? = 0
configure:2194: gcc -v </dev/null >&5
Using built-in specs.
Target: i686-redhat-linux
Configured with: ../configure --prefix=/usr --mandir=/usr/share/man --infodir=/usr/share/info --with-bugurl=http://bugzilla.redhat.com/bugzilla --enable-bootstrap --enable-shared --enable-threads=posix --enable-checking=release --with-system-zlib --enable-__cxa_atexit --disable-libunwind-exceptions --enable-gnu-unique-object --enable-languages=c,c++,objc,obj-c++,java,fortran,ada --enable-java-awt=gtk --disable-dssi --with-java-home=/usr/lib/jvm/java-1.5.0-gcj-1.5.0.0/jre --enable-libgcj-multifile --enable-java-maintainer-mode --with-ecj-jar=/usr/share/java/eclipse-ecj.jar --disable-libjava-multilib --with-ppl --with-cloog --with-tune=generic --with-arch=i686 --build=i686-redhat-linux
Thread model: posix
gcc version 4.4.7 20120313 (Red Hat 4.4.7-18) (GCC) 
configure:2197: $? = 0
configure:2199: gcc -V </dev/null >&5
gcc: '-V' option must have argument
configure:2202: $? = 1
configure:2225: checking for C compiler default output file name
configure:2228: gcc    conftest.c  >&5
configure:2231: $? = 0
configure:2277: result: a.out
configure:2282: checking whether the C compiler works
configure:2288: ./a.out
configure:2291: $? = 0
configure:2308: result: yes
configure:2315: checking whether we are cross compiling
configure:2317: result: no
configure:2320: checking for suffix of executables
configure:2322: gcc -o conftest    conftest.c  >&5
configure:2325: $? = 0
configure:2350: result: 
configure:2356: checking for suffix of object files
configure:2377: gcc -c   conftest.c >&5
configure:2380: $? = 0
configure:2402: result: o
configure:2406: checking whether we are using the GNU C compiler
configure:2430: gcc -c   conftest.c >&5
configure:2436: $? = 0
configure:2440: test -z 
			 || test ! -s conftest.err
configure:2443: $? = 0
configure:2446: test -s conftest.o
configure:2449: $? = 0
configure:2462: result: yes
configure:2468: checking whether gcc accepts -g
configure:2489: gcc -c -g  conftest.c >&5
configure:2495: $? = 0
configure:2499: test -z 
			 || test ! -s conftest.err
configure:2502: $? = 0
configure:2505: test -s conftest.o
configure:2508: $? = 0
configure:2519: result: yes
configure:2536: checking for gcc option to accept ANSI C
configure:2606: gcc  -c -g -O2  conftest.c >&5
configure:2612: $? = 0
configure:2616: test -z 
			 || test ! -s conftest.err
configure:2619: $? = 0
configure:2622: test -s conftest.o
configure:2625: $? = 0
configure:2643: result: none needed
configure:2661: gcc -c -g -O2  conftest.c >&5
conftest.c:2: error: expected '=', ',', ';', 'asm' or '__attribute__' before 'me'
configure:2667: $? = 1
configure: failed program was:
| #ifndef __cplusplus
|   choke me
| #endif
configure:2811: checking for style of include used by make
configure:2839: result: GNU
configure:2867: checking dependency style of gcc
configure:2957: result: gcc3
configure:3015: checking for ranlib
configure:3031: found /usr/local/bin/ranlib
configure:3042: result: ranlib
configure:3061: checking how to run the C preprocessor
configure:3096: gcc -E  conftest.c
configure:3102: $? = 0
configure:3134: gcc -E  conftest.c
conftest.c:12:28: error: ac_nonexistent.h: No such file or directory
configure:3140: $? = 1
configure: failed program was:
| /* confdefs.h.  */
| 
| #define PACKAGE_NAME "libDebug"
| #define PACKAGE_TARNAME "libdebug"
| #define PACKAGE_VERSION "0.1.1"
| #define PACKAGE_STRING "libDebug 0.1.1"
| #define PACKAGE_BUGREPORT ""
| #define PACKAGE "libdebug"
| #define VERSION "0.1.1"
| #define OS_LINUX 1
| /* end confdefs.h.  */
| #include <ac_nonexistent.h>
configure:3179: result: gcc -E
configure:3203: gcc -E  conftest.c
configure:3209: $? = 0
configure:3241: gcc -E  conftest.c
conftest.c:12:28: error: ac_nonexistent.h: No such file or directory
configure:3247: $? = 1
configure: failed program was:
| /* confdefs.h.  */
| 
| #define PACKAGE_NAME "libDebug"
| #define PACKAGE_TARNAME "libdebug"
| #define PACKAGE_VERSION "0.1.1"
| #define PACKAGE_STRING "libDebug 0.1.1"
| #define PACKAGE_BUGREPORT ""
| #define PACKAGE "libdebug"
| #define VERSION "0.1.1"
| #define OS_LINUX 1
| /* end confdefs.h.  */
| #include <ac_nonexistent.h>
configure:3291: checking for egrep
configure:3301: result: grep -E
configure:3306: checking for ANSI C header files
configure:3331: gcc -c -g -O2  conftest.c >&5
configure:3337: $? = 0
configure:3341: test -z 
			 || test ! -s conftest.err
configure:3344: $? = 0
configure:3347: test -s conftest.o
configure:3350: $? = 0
configure:3439: gcc -o conftest -g -O2   conftest.c  >&5
conftest.c: In function 'main':
conftest.c:29: warning: incompatible implicit declaration of built-in function 'exit'
configure:3442: $? = 0
configure:3444: ./conftest
configure:3447: $? = 0
configure:3462: result: yes
configure:3474: checking for PTRACE_GETFPXREGS
configure:3495: gcc -c -g -O2  conftest.c >&5
configure:3501: $? = 0
configure:3505: test -z 
			 || test ! -s conftest.err
configure:3508: $? = 0
configure:3511: test -s conftest.o
configure:3514: $? = 0
configure:3527: result: yes
configure:3657: creating ./config.status

## ---------------------- ##
## Running config.status. ##
## ---------------------- ##

This file was extended by libDebug config.status 0.1.1, which was
generated by GNU Autoconf 2.59.  Invocation command line was

  CONFIG_FILES    = 
  CONFIG_HEADERS  = 
  CONFIG_LINKS    = 
  CONFIG_COMMANDS = 
  $ ./config.status 

on localhost.localdomain

config.status:709: creating Makefile
config.status:709: creating arch/Makefile
config.status:709: creating arch/ix86/Makefile
config.status:709: creating arch/ix86/source/Makefile
config.status:709: creating source/Makefile
config.status:813: creating include/cfgDebug.h
config.status:905: include/cfgDebug.h is unchanged
config.status:813: creating include/api_cfgDebug.h
config.status:905: include/api_cfgDebug.h is unchanged
config.status:1085: executing depfiles commands

## ---------------- ##
## Cache variables. ##
## ---------------- ##

ac_cv_build=i686-pc-linux-gnu
ac_cv_build_alias=i686-pc-linux-gnu
ac_cv_c_compiler_gnu=yes
ac_cv_env_CC_set=
ac_cv_env_CC_value=
ac_cv_env_CFLAGS_set=
ac_cv_env_CFLAGS_value=
ac_cv_env_CPPFLAGS_set=
ac_cv_env_CPPFLAGS_value=
ac_cv_env_CPP_set=
ac_cv_env_CPP_value=
ac_cv_env_LDFLAGS_set=
ac_cv_env_LDFLAGS_value=
ac_cv_env_build_alias_set=
ac_cv_env_build_alias_value=
ac_cv_env_host_alias_set=
ac_cv_env_host_alias_value=
ac_cv_env_target_alias_set=
ac_cv_env_target_alias_value=
ac_cv_exeext=
ac_cv_header_stdc=yes
ac_cv_host=i686-pc-linux-gnu
ac_cv_host_alias=i686-pc-linux-gnu
ac_cv_objext=o
ac_cv_path_install='/usr/bin/install -c'
ac_cv_prog_AWK=gawk
ac_cv_prog_CPP='gcc -E'
ac_cv_prog_ac_ct_CC=gcc
ac_cv_prog_ac_ct_RANLIB=ranlib
ac_cv_prog_cc_g=yes
ac_cv_prog_cc_stdc=
ac_cv_prog_egrep='grep -E'
ac_cv_prog_make_make_set=yes
ald_cv_have_ptrace_getfpxregs=yes
am_cv_CC_dependencies_compiler_type=gcc3

## ----------------- ##
## Output variables. ##
## ----------------- ##

ACLOCAL='${SHELL} /home/liusichao/program/tools/ald-0.1.7/libDebug/missing --run aclocal-1.9'
AMDEPBACKSLASH='\'
AMDEP_FALSE='#'
AMDEP_TRUE=''
AMTAR='${SHELL} /home/liusichao/program/tools/ald-0.1.7/libDebug/missing --run tar'
AUTOCONF='${SHELL} /home/liusichao/program/tools/ald-0.1.7/libDebug/missing --run autoconf'
AUTOHEADER='${SHELL} /home/liusichao/program/tools/ald-0.1.7/libDebug/missing --run autoheader'
AUTOMAKE='${SHELL} /home/liusichao/program/tools/ald-0.1.7/libDebug/missing --run automake-1.9'
AWK='gawk'
CC='gcc'
CCDEPMODE='depmode=gcc3'
CFLAGS='-g -O2'
CPP='gcc -E'
CPPFLAGS=''
CYGPATH_W='echo'
DEFS='-DHAVE_CONFIG_H'
DEPDIR='.deps'
ECHO_C=''
ECHO_N='-n'
ECHO_T=''
EGREP='grep -E'
EXEEXT=''
INSTALL_DATA='${INSTALL} -m 644'
INSTALL_PROGRAM='${INSTALL}'
INSTALL_SCRIPT='${INSTALL}'
INSTALL_STRIP_PROGRAM='${SHELL} $(install_sh) -c -s'
LDFLAGS=''
LIBOBJS=''
LIBS=''
LTLIBOBJS=''
MAINT='#'
MAINTAINER_MODE_FALSE=''
MAINTAINER_MODE_TRUE='#'
MAKEINFO='${SHELL} /home/liusichao/program/tools/ald-0.1.7/libDebug/missing --run makeinfo'
OBJEXT='o'
PACKAGE='libdebug'
PACKAGE_BUGREPORT=''
PACKAGE_NAME='libDebug'
PACKAGE_STRING='libDebug 0.1.1'
PACKAGE_TARNAME='libdebug'
PACKAGE_VERSION='0.1.1'
PATH_SEPARATOR=':'
RANLIB='ranlib'
SET_MAKE=''
SHELL='/bin/sh'
STRIP=''
VERSION='0.1.1'
ac_ct_CC='gcc'
ac_ct_RANLIB='ranlib'
ac_ct_STRIP=''
am__fastdepCC_FALSE='#'
am__fastdepCC_TRUE=''
am__include='include'
am__leading_dot='.'
am__quote=''
am__tar='${AMTAR} chof - "$$tardir"'
am__untar='${AMTAR} xf -'
arch_frag='ix86'
bindir='${exec_prefix}/bin'
build='i686-pc-linux-gnu'
build_alias=''
build_cpu='i686'
build_os='linux-gnu'
build_vendor='pc'
datadir='${prefix}/share'
exec_prefix='${prefix}'
host='i686-pc-linux-gnu'
host_alias=''
host_cpu='i686'
host_os='linux-gnu'
host_vendor='pc'
includedir='${prefix}/include'
infodir='${prefix}/info'
install_sh='/home/liusichao/program/tools/ald-0.1.7/libDebug/install-sh'
libdir='${exec_prefix}/lib'
libexecdir='${exec_prefix}/libexec'
localstatedir='${prefix}/var'
mandir='${prefix}/man'
mkdir_p='mkdir -p --'
oldincludedir='/usr/include'
os_makefile_frag='linux-x86'
prefix='/usr/local'
program_transform_name='s,x,x,'
sbindir='${exec_prefix}/sbin'
sharedstatedir='${prefix}/com'
sysconfdir='${prefix}/etc'
target_alias=''

## ----------- ##
## confdefs.h. ##
## ----------- ##

#define HAVE_PTRACE_GETFPXREGS 1
#define OS_LINUX 1
#define PACKAGE "libdebug"
#define PACKAGE_BUGREPORT ""
#define PACKAGE_NAME "libDebug"
#define PACKAGE_STRING "libDebug 0.1.1"
#define PACKAGE_TARNAME "libdebug"
#define PACKAGE_VERSION "0.1.1"
#define STDC_HEADERS 1
#define VERSION "0.1.1"

configure: exit 0
