This file contains any messages produced by compilers while
running configure, to aid debugging if configure makes a mistake.

It was created by libDASM configure 0.1.2, which was
generated by GNU Autoconf 2.59.  Invocation command line was

  $ ./configure --prefix=/usr/local --cache-file=/dev/null --srcdir=.

## --------- ##
## Platform. ##
## --------- ##

hostname = localhost.localdomain
uname -m = i686
uname -r = 2.6.32-696.23.1.el6.i686
uname -s = Linux
uname -v = #1 SMP Tue Mar 13 23:09:35 UTC 2018

/usr/bin/uname -p = unknown
/bin/uname -X     = unknown

/bin/arch              = i686
/usr/bin/arch -k       = unknown
/usr/convex/getsysinfo = unknown
hostinfo               = unknown
/bin/machine           = unknown
/usr/bin/oslevel       = unknown
/bin/universe          = unknown

PATH: /usr/lib/qt-3.3/bin
PATH: /usr/local/bin
PATH: /usr/bin
PATH: /bin
PATH: /usr/local/sbin
PATH: /usr/sbin
PATH: /sbin
PATH: /home/liusichao/bin


## ----------- ##
## Core tests. ##
## ----------- ##

configure:1323: checking for a BSD-compatible install
configure:1378: result: /usr/bin/install -c
configure:1389: checking whether build environment is sane
configure:1432: result: yes
configure:1497: checking for gawk
configure:1513: found /usr/bin/gawk
configure:1523: result: gawk
configure:1533: checking whether make sets $(MAKE)
configure:1553: result: yes
configure:1721: checking whether to enable maintainer-specific portions of Makefiles
configure:1730: result: no
configure:1752: checking build system type
configure:1770: result: i686-pc-linux-gnu
configure:1778: checking host system type
configure:1792: result: i686-pc-linux-gnu
configure:1865: checking for gcc
configure:1881: found /usr/bin/gcc
configure:1891: result: gcc
configure:2135: checking for C compiler version
configure:2138: gcc --version </dev/null >&5
gcc (GCC) 4.4.7 20120313 (Red Hat 4.4.7-18)
Copyright (C) 2010 Free Software Foundation, Inc.
This is free software; see the source for copying conditions.  There is NO
warranty; not even for MERCHANTABILITY or FITNESS FOR A PARTICULAR PURPOSE.

configure:2141: $? = 0
configure:2143: gcc -v </dev/null >&5
Using built-in specs.
Target: i686-redhat-linux
Configured with: ../configure --prefix=/usr --mandir=/usr/share/man --infodir=/usr/share/info --with-bugurl=http://bugzilla.redhat.com/bugzilla --enable-bootstrap --enable-shared --enable-threads=posix --enable-checking=release --with-system-zlib --enable-__cxa_atexit --disable-libunwind-exceptions --enable-gnu-unique-object --enable-languages=c,c++,objc,obj-c++,java,fortran,ada --enable-java-awt=gtk --disable-dssi --with-java-home=/usr/lib/jvm/java-1.5.0-gcj-1.5.0.0/jre --enable-libgcj-multifile --enable-java-maintainer-mode --with-ecj-jar=/usr/share/java/eclipse-ecj.jar --disable-libjava-multilib --with-ppl --with-cloog --with-tune=generic --with-arch=i686 --build=i686-redhat-linux
Thread model: posix
gcc version 4.4.7 20120313 (Red Hat 4.4.7-18) (GCC) 
configure:2146: $? = 0
configure:2148: gcc -V </dev/null >&5
gcc: '-V' option must have argument
configure:2151: $? = 1
configure:2174: checking for C compiler default output file name
configure:2177: gcc    conftest.c  >&5
configure:2180: $? = 0
configure:2226: result: a.out
configure:2231: checking whether the C compiler works
configure:2237: ./a.out
configure:2240: $? = 0
configure:2257: result: yes
configure:2264: checking whether we are cross compiling
configure:2266: result: no
configure:2269: checking for suffix of executables
configure:2271: gcc -o conftest    conftest.c  >&5
configure:2274: $? = 0
configure:2299: result: 
configure:2305: checking for suffix of object files
configure:2326: gcc -c   conftest.c >&5
configure:2329: $? = 0
configure:2351: result: o
configure:2355: checking whether we are using the GNU C compiler
configure:2379: gcc -c   conftest.c >&5
configure:2385: $? = 0
configure:2389: test -z 
			 || test ! -s conftest.err
configure:2392: $? = 0
configure:2395: test -s conftest.o
configure:2398: $? = 0
configure:2411: result: yes
configure:2417: checking whether gcc accepts -g
configure:2438: gcc -c -g  conftest.c >&5
configure:2444: $? = 0
configure:2448: test -z 
			 || test ! -s conftest.err
configure:2451: $? = 0
configure:2454: test -s conftest.o
configure:2457: $? = 0
configure:2468: result: yes
configure:2485: checking for gcc option to accept ANSI C
configure:2555: gcc  -c -g -O2  conftest.c >&5
configure:2561: $? = 0
configure:2565: test -z 
			 || test ! -s conftest.err
configure:2568: $? = 0
configure:2571: test -s conftest.o
configure:2574: $? = 0
configure:2592: result: none needed
configure:2610: gcc -c -g -O2  conftest.c >&5
conftest.c:2: error: expected '=', ',', ';', 'asm' or '__attribute__' before 'me'
configure:2616: $? = 1
configure: failed program was:
| #ifndef __cplusplus
|   choke me
| #endif
configure:2760: checking for style of include used by make
configure:2788: result: GNU
configure:2816: checking dependency style of gcc
configure:2906: result: gcc3
configure:2964: checking for ranlib
configure:2980: found /usr/local/bin/ranlib
configure:2991: result: ranlib
configure:3017: checking for a BSD-compatible install
configure:3072: result: /usr/bin/install -c
configure:3090: checking how to run the C preprocessor
configure:3125: gcc -E  conftest.c
configure:3131: $? = 0
configure:3163: gcc -E  conftest.c
conftest.c:12:28: error: ac_nonexistent.h: No such file or directory
configure:3169: $? = 1
configure: failed program was:
| /* confdefs.h.  */
| 
| #define PACKAGE_NAME "libDASM"
| #define PACKAGE_TARNAME "libdasm"
| #define PACKAGE_VERSION "0.1.2"
| #define PACKAGE_STRING "libDASM 0.1.2"
| #define PACKAGE_BUGREPORT ""
| #define PACKAGE "libdasm"
| #define VERSION "0.1.2"
| #define INTEL86 1
| /* end confdefs.h.  */
| #include <ac_nonexistent.h>
configure:3208: result: gcc -E
configure:3232: gcc -E  conftest.c
configure:3238: $? = 0
configure:3270: gcc -E  conftest.c
conftest.c:12:28: error: ac_nonexistent.h: No such file or directory
configure:3276: $? = 1
configure: failed program was:
| /* confdefs.h.  */
| 
| #define PACKAGE_NAME "libDASM"
| #define PACKAGE_TARNAME "libdasm"
| #define PACKAGE_VERSION "0.1.2"
| #define PACKAGE_STRING "libDASM 0.1.2"
| #define PACKAGE_BUGREPORT ""
| #define PACKAGE "libdasm"
| #define VERSION "0.1.2"
| #define INTEL86 1
| /* end confdefs.h.  */
| #include <ac_nonexistent.h>
configure:3320: checking for egrep
configure:3330: result: grep -E
configure:3335: checking for ANSI C header files
configure:3360: gcc -c -g -O2  conftest.c >&5
configure:3366: $? = 0
configure:3370: test -z 
			 || test ! -s conftest.err
configure:3373: $? = 0
configure:3376: test -s conftest.o
configure:3379: $? = 0
configure:3468: gcc -o conftest -g -O2   conftest.c  >&5
conftest.c: In function 'main':
conftest.c:29: warning: incompatible implicit declaration of built-in function 'exit'
configure:3471: $? = 0
configure:3473: ./conftest
configure:3476: $? = 0
configure:3491: result: yes
configure:3502: checking return type of signal handlers
configure:3533: gcc -c -g -O2  conftest.c >&5
configure:3539: $? = 0
configure:3543: test -z 
			 || test ! -s conftest.err
configure:3546: $? = 0
configure:3549: test -s conftest.o
configure:3552: $? = 0
configure:3563: result: void
configure:3576: checking for strdup
configure:3633: gcc -o conftest -g -O2   conftest.c  >&5
conftest.c:38: warning: conflicting types for built-in function 'strdup'
configure:3639: $? = 0
configure:3643: test -z 
			 || test ! -s conftest.err
configure:3646: $? = 0
configure:3649: test -s conftest
configure:3652: $? = 0
configure:3664: result: yes
configure:3576: checking for strerror
configure:3633: gcc -o conftest -g -O2   conftest.c  >&5
configure:3639: $? = 0
configure:3643: test -z 
			 || test ! -s conftest.err
configure:3646: $? = 0
configure:3649: test -s conftest
configure:3652: $? = 0
configure:3664: result: yes
configure:3678: checking for vprintf
configure:3735: gcc -o conftest -g -O2   conftest.c  >&5
conftest.c:40: warning: conflicting types for built-in function 'vprintf'
configure:3741: $? = 0
configure:3745: test -z 
			 || test ! -s conftest.err
configure:3748: $? = 0
configure:3751: test -s conftest
configure:3754: $? = 0
configure:3766: result: yes
configure:3894: creating ./config.status

## ---------------------- ##
## Running config.status. ##
## ---------------------- ##

This file was extended by libDASM config.status 0.1.2, which was
generated by GNU Autoconf 2.59.  Invocation command line was

  CONFIG_FILES    = 
  CONFIG_HEADERS  = 
  CONFIG_LINKS    = 
  CONFIG_COMMANDS = 
  $ ./config.status 

on localhost.localdomain

config.status:712: creating Makefile
config.status:712: creating arch/Makefile
config.status:712: creating arch/ix86/Makefile
config.status:712: creating arch/ix86/source/Makefile
config.status:712: creating source/Makefile
config.status:712: creating test/Makefile
config.status:712: creating test/asm/Makefile
config.status:712: creating test/disasm/Makefile
config.status:712: creating test/misc/Makefile
config.status:816: creating include/cfgDASM.h
config.status:914: include/cfgDASM.h is unchanged
config.status:816: creating include/api_cfgDASM.h
config.status:914: include/api_cfgDASM.h is unchanged
config.status:1094: executing depfiles commands

## ---------------- ##
## Cache variables. ##
## ---------------- ##

ac_cv_build=i686-pc-linux-gnu
ac_cv_build_alias=i686-pc-linux-gnu
ac_cv_c_compiler_gnu=yes
ac_cv_env_CC_set=
ac_cv_env_CC_value=
ac_cv_env_CFLAGS_set=
ac_cv_env_CFLAGS_value=
ac_cv_env_CPPFLAGS_set=
ac_cv_env_CPPFLAGS_value=
ac_cv_env_CPP_set=
ac_cv_env_CPP_value=
ac_cv_env_LDFLAGS_set=
ac_cv_env_LDFLAGS_value=
ac_cv_env_build_alias_set=
ac_cv_env_build_alias_value=
ac_cv_env_host_alias_set=
ac_cv_env_host_alias_value=
ac_cv_env_target_alias_set=
ac_cv_env_target_alias_value=
ac_cv_exeext=
ac_cv_func_strdup=yes
ac_cv_func_strerror=yes
ac_cv_func_vprintf=yes
ac_cv_header_stdc=yes
ac_cv_host=i686-pc-linux-gnu
ac_cv_host_alias=i686-pc-linux-gnu
ac_cv_objext=o
ac_cv_path_install='/usr/bin/install -c'
ac_cv_prog_AWK=gawk
ac_cv_prog_CPP='gcc -E'
ac_cv_prog_ac_ct_CC=gcc
ac_cv_prog_ac_ct_RANLIB=ranlib
ac_cv_prog_cc_g=yes
ac_cv_prog_cc_stdc=
ac_cv_prog_egrep='grep -E'
ac_cv_prog_make_make_set=yes
ac_cv_type_signal=void
am_cv_CC_dependencies_compiler_type=gcc3

## ----------------- ##
## Output variables. ##
## ----------------- ##

ACLOCAL='${SHELL} /home/liusichao/program/tools/ald-0.1.7/libDASM/missing --run aclocal-1.9'
AMDEPBACKSLASH='\'
AMDEP_FALSE='#'
AMDEP_TRUE=''
AMTAR='${SHELL} /home/liusichao/program/tools/ald-0.1.7/libDASM/missing --run tar'
AUTOCONF='${SHELL} /home/liusichao/program/tools/ald-0.1.7/libDASM/missing --run autoconf'
AUTOHEADER='${SHELL} /home/liusichao/program/tools/ald-0.1.7/libDASM/missing --run autoheader'
AUTOMAKE='${SHELL} /home/liusichao/program/tools/ald-0.1.7/libDASM/missing --run automake-1.9'
AWK='gawk'
CC='gcc'
CCDEPMODE='depmode=gcc3'
CFLAGS='-g -O2'
CPP='gcc -E'
CPPFLAGS=''
CYGPATH_W='echo'
DEFS='-DHAVE_CONFIG_H'
DEPDIR='.deps'
ECHO_C=''
ECHO_N='-n'
ECHO_T=''
EGREP='grep -E'
EXEEXT=''
INSTALL_DATA='${INSTALL} -m 644'
INSTALL_PROGRAM='${INSTALL}'
INSTALL_SCRIPT='${INSTALL}'
INSTALL_STRIP_PROGRAM='${SHELL} $(install_sh) -c -s'
LDFLAGS=''
LIBOBJS=''
LIBS=''
LTLIBOBJS=''
MAINT='#'
MAINTAINER_MODE_FALSE=''
MAINTAINER_MODE_TRUE='#'
MAKEINFO='${SHELL} /home/liusichao/program/tools/ald-0.1.7/libDASM/missing --run makeinfo'
OBJEXT='o'
PACKAGE='libdasm'
PACKAGE_BUGREPORT=''
PACKAGE_NAME='libDASM'
PACKAGE_STRING='libDASM 0.1.2'
PACKAGE_TARNAME='libdasm'
PACKAGE_VERSION='0.1.2'
PATH_SEPARATOR=':'
RANLIB='ranlib'
SET_MAKE=''
SHELL='/bin/sh'
STRIP=''
VERSION='0.1.2'
ac_ct_CC='gcc'
ac_ct_RANLIB='ranlib'
ac_ct_STRIP=''
am__fastdepCC_FALSE='#'
am__fastdepCC_TRUE=''
am__include='include'
am__leading_dot='.'
am__quote=''
am__tar='${AMTAR} chof - "$$tardir"'
am__untar='${AMTAR} xf -'
arch_frag='ix86'
bindir='${exec_prefix}/bin'
build='i686-pc-linux-gnu'
build_alias=''
build_cpu='i686'
build_os='linux-gnu'
build_vendor='pc'
datadir='${prefix}/share'
exec_prefix='${prefix}'
host='i686-pc-linux-gnu'
host_alias=''
host_cpu='i686'
host_os='linux-gnu'
host_vendor='pc'
includedir='${prefix}/include'
infodir='${prefix}/info'
install_sh='/home/liusichao/program/tools/ald-0.1.7/libDASM/install-sh'
libdir='${exec_prefix}/lib'
libexecdir='${exec_prefix}/libexec'
localstatedir='${prefix}/var'
mandir='${prefix}/man'
mkdir_p='mkdir -p --'
oldincludedir='/usr/include'
prefix='/usr/local'
program_transform_name='s,x,x,'
sbindir='${exec_prefix}/sbin'
sharedstatedir='${prefix}/com'
sysconfdir='${prefix}/etc'
target_alias=''

## ----------- ##
## confdefs.h. ##
## ----------- ##

#define HAVE_STRDUP 1
#define HAVE_STRERROR 1
#define HAVE_VPRINTF 1
#define INTEL86 1
#define PACKAGE "libdasm"
#define PACKAGE_BUGREPORT ""
#define PACKAGE_NAME "libDASM"
#define PACKAGE_STRING "libDASM 0.1.2"
#define PACKAGE_TARNAME "libdasm"
#define PACKAGE_VERSION "0.1.2"
#define RETSIGTYPE void
#define STDC_HEADERS 1
#define VERSION "0.1.2"

configure: exit 0
