This file contains any messages produced by compilers while
running configure, to aid debugging if configure makes a mistake.

It was created by configure, which was
generated by GNU Autoconf 2.59.  Invocation command line was

  $ ../.././itcl/iwidgets/configure --prefix=/usr/local --cache-file=./config.cache --disable-werror --program-transform-name=s,y,y, --build=i686-pc-linux-gnu --host=i686-pc-linux-gnu --target=i686-pc-linux-gnu --srcdir=.././itcl build_alias=i686-pc-linux-gnu host_alias=i686-pc-linux-gnu target_alias=i686-pc-linux-gnu --cache-file=.././config.cache --srcdir=../.././itcl/iwidgets

## --------- ##
## Platform. ##
## --------- ##

hostname = localhost.localdomain
uname -m = i686
uname -r = 2.6.32-696.23.1.el6.i686
uname -s = Linux
uname -v = #1 SMP Tue Mar 13 23:09:35 UTC 2018

/usr/bin/uname -p = unknown
/bin/uname -X     = unknown

/bin/arch              = i686
/usr/bin/arch -k       = unknown
/usr/convex/getsysinfo = unknown
hostinfo               = unknown
/bin/machine           = unknown
/usr/bin/oslevel       = unknown
/bin/universe          = unknown

PATH: /usr/lib/qt-3.3/bin
PATH: /usr/local/bin
PATH: /usr/bin
PATH: /bin
PATH: /usr/local/sbin
PATH: /usr/sbin
PATH: /sbin
PATH: /home/liusichao/bin


## ----------- ##
## Core tests. ##
## ----------- ##

configure:1138: loading cache .././config.cache
configure:1286: checking for a BSD-compatible install
configure:1341: result: /usr/bin/install -c
configure:1388: checking for Tcl configuration
configure:1456: result: found /home/liusichao/insight-6.8-1/tcl/unix/tclConfig.sh
configure:1462: checking for existence of /home/liusichao/insight-6.8-1/tcl/unix/tclConfig.sh
configure:1466: result: loading
configure:1520: checking for Tk configuration
configure:1585: result: found /home/liusichao/insight-6.8-1/tk/unix/tkConfig.sh
configure:1592: checking for existence of /home/liusichao/insight-6.8-1/tk/unix/tkConfig.sh
configure:1596: result: loading
configure:1820: creating ./config.status

## ---------------------- ##
## Running config.status. ##
## ---------------------- ##

This file was extended by config.status, which was
generated by GNU Autoconf 2.59.  Invocation command line was

  CONFIG_FILES    = 
  CONFIG_HEADERS  = 
  CONFIG_LINKS    = 
  CONFIG_COMMANDS = 
  $ ./config.status 

on localhost.localdomain

config.status:663: creating Makefile
config.status:663: creating iwidgets.tcl
config.status:663: creating pkgIndex.tcl

## ---------------- ##
## Cache variables. ##
## ---------------- ##

ac_cv_build=i686-pc-linux-gnu
ac_cv_build_alias=i686-pc-linux-gnu
ac_cv_c_compiler_gnu=yes
ac_cv_c_itclconfig=/home/liusichao/insight-6.8-1/itcl/itcl
ac_cv_c_tclconfig=/home/liusichao/insight-6.8-1/tcl/unix
ac_cv_c_tkconfig=/home/liusichao/insight-6.8-1/tk/unix
ac_cv_env_CC_set=set
ac_cv_env_CC_value=gcc
ac_cv_env_CFLAGS_set=set
ac_cv_env_CFLAGS_value='-g -O2'
ac_cv_env_CPPFLAGS_set=
ac_cv_env_CPPFLAGS_value=
ac_cv_env_LDFLAGS_set=set
ac_cv_env_LDFLAGS_value=
ac_cv_env_build_alias_set=set
ac_cv_env_build_alias_value=i686-pc-linux-gnu
ac_cv_env_host_alias_set=set
ac_cv_env_host_alias_value=i686-pc-linux-gnu
ac_cv_env_target_alias_set=set
ac_cv_env_target_alias_value=i686-pc-linux-gnu
ac_cv_exeext=
ac_cv_host=i686-pc-linux-gnu
ac_cv_host_alias=i686-pc-linux-gnu
ac_cv_itclstub_LIB_FILE=libitclstub3.2.a
ac_cv_objext=o
ac_cv_prog_CC=gcc
ac_cv_prog_RANLIB=ranlib
ac_cv_prog_cc_g=yes
ac_cv_prog_cc_stdc=
ac_cv_prog_make_make_set=yes

## ----------------- ##
## Output variables. ##
## ----------------- ##

CYGPATH='echo'
DEFS='-DPACKAGE_NAME=\"\" -DPACKAGE_TARNAME=\"\" -DPACKAGE_VERSION=\"\" -DPACKAGE_STRING=\"\" -DPACKAGE_BUGREPORT=\"\" '
ECHO_C=''
ECHO_N='-n'
ECHO_T=''
INSTALL_DATA='/usr/bin/install -c -m 644'
INSTALL_PROGRAM='/usr/bin/install -c'
INSTALL_SCRIPT='/usr/bin/install -c'
ITCL_LIB_DIR='/home/liusichao/insight-6.8-1/itcl/itcl'
ITCL_SRC_DIR='/home/liusichao/insight-6.8-1/itcl/itcl'
ITCL_VERSION='3.2'
ITK_LIB_DIR='/home/liusichao/insight-6.8-1/itcl/itk'
ITK_SRC_DIR='/home/liusichao/insight-6.8-1/itcl/itk'
LIBOBJS=''
LIBS=''
LTLIBOBJS=''
PACKAGE='iwidgets'
PACKAGE_BUGREPORT=''
PACKAGE_NAME=''
PACKAGE_STRING=''
PACKAGE_TARNAME=''
PACKAGE_VERSION=''
PATH_SEPARATOR=':'
RELPATH='..'
SHELL='/bin/sh'
TCL_BIN_DIR='/home/liusichao/insight-6.8-1/tcl/unix'
TCL_BUILD_LIB_SPEC='-L/home/liusichao/insight-6.8-1/tcl/unix -ltcl8.4${TCL_DBGX}'
TCL_BUILD_STUB_LIB_SPEC='-L/home/liusichao/insight-6.8-1/tcl/unix -ltclstub8.4${TCL_DBGX}'
TCL_DBGX=''
TCL_DEFS='-DPACKAGE_NAME=\"\" -DPACKAGE_TARNAME=\"\" -DPACKAGE_VERSION=\"\" -DPACKAGE_STRING=\"\" -DPACKAGE_BUGREPORT=\"\" -DSTDC_HEADERS=1 -DHAVE_SYS_TYPES_H=1 -DHAVE_SYS_STAT_H=1 -DHAVE_STDLIB_H=1 -DHAVE_STRING_H=1 -DHAVE_MEMORY_H=1 -DHAVE_STRINGS_H=1 -DHAVE_INTTYPES_H=1 -DHAVE_STDINT_H=1 -DHAVE_UNISTD_H=1 -DHAVE_UNISTD_H=1 -DHAVE_LIMITS_H=1 -D_LARGEFILE64_SOURCE=1 -DTCL_WIDE_INT_TYPE=long\ long -DHAVE_STRUCT_STAT64=1 -DHAVE_TYPE_OFF64_T=1 -DHAVE_GETCWD=1 -DHAVE_OPENDIR=1 -DHAVE_STRSTR=1 -DHAVE_STRTOL=1 -DHAVE_STRTOLL=1 -DHAVE_STRTOULL=1 -DHAVE_TMPNAM=1 -DHAVE_WAITPID=1 -DHAVE_UNISTD_H=1 -DHAVE_SYS_PARAM_H=1 -DUSE_TERMIOS=1 -DHAVE_SYS_TIME_H=1 -DTIME_WITH_SYS_TIME=1 -DHAVE_STRUCT_TM_TM_ZONE=1 -DHAVE_TM_ZONE=1 -DHAVE_GMTIME_R=1 -DHAVE_LOCALTIME_R=1 -DHAVE_TM_GMTOFF=1 -DHAVE_TIMEZONE_VAR=1 -DHAVE_STRUCT_STAT_ST_BLKSIZE=1 -DHAVE_ST_BLKSIZE=1 -DHAVE_SIGNED_CHAR=1 -DHAVE_LANGINFO=1 -DSTATIC_BUILD=1 -DPEEK_XCLOSEIM=1 -DHAVE_SYS_IOCTL_H=1 '
TCL_EXTRA_CFLAGS=''
TCL_LD_FLAGS='-rdynamic'
TCL_LIBS='-ldl  -lieee -lm'
TCL_LIB_DIR=''
TCL_LIB_FILE='libtcl8.4.a'
TCL_LIB_SPEC='-L/usr/local/lib -ltcl8.4${TCL_DBGX}'
TCL_SHLIB_LD_LIBS='${LIBS}'
TCL_SRC_DIR='/home/liusichao/insight-6.8-1/tcl'
TCL_STUB_LIB_FILE='libtclstub8.4${TCL_DBGX}.a'
TCL_STUB_LIB_SPEC='-L/usr/local/lib -ltclstub8.4${TCL_DBGX}'
TK_BIN_DIR='/home/liusichao/insight-6.8-1/tk/unix'
TK_LIB_DIR=''
TK_LIB_FILE='libtk8.4.a'
TK_SRC_DIR='/home/liusichao/insight-6.8-1/tk'
TK_XINCLUDES=''
VERSION='4.0.1'
bindir='${exec_prefix}/bin'
build_alias='i686-pc-linux-gnu'
datadir='${prefix}/share'
exec_prefix='${prefix}'
host_alias='i686-pc-linux-gnu'
includedir='${prefix}/include'
infodir='${prefix}/info'
libdir='${exec_prefix}/lib'
libexecdir='${exec_prefix}/libexec'
localstatedir='${prefix}/var'
mandir='${prefix}/man'
oldincludedir='/usr/include'
prefix='/usr/local'
program_transform_name='s,y,y,'
sbindir='${exec_prefix}/sbin'
sharedstatedir='${prefix}/com'
sysconfdir='${prefix}/etc'
target_alias='i686-pc-linux-gnu'

## ----------- ##
## confdefs.h. ##
## ----------- ##

#define PACKAGE_BUGREPORT ""
#define PACKAGE_NAME ""
#define PACKAGE_STRING ""
#define PACKAGE_TARNAME ""
#define PACKAGE_VERSION ""

configure: exit 0
